[ 2017-06-26T06:50:37+00:00 ][ error ] [8]Use of undefined constant __ROOT__ - assumed '__ROOT__'[D:\wamp64\www\sdb\application\config.php:128]
[ info ] [ LOG ] INIT File
[ 2017-06-26T14:51:12+08:00 ][ info ] [ LANG ] D:\wamp64\www\sdb\thinkphp\lang\zh-cn.php
[ info ] [ LOG ] INIT File
[ 2017-06-26T14:51:12+08:00 ][ info ] [ LANG ] D:\wamp64\www\sdb/application/lang\zh-cn.php
[ 2017-06-26T14:51:12+08:00 ][ info ] [ BIND ] 'index'
[ 2017-06-26T14:51:12+08:00 ][ info ] [ ROUTE ] array (
  'type' => 'module',
  'module' => 
  array (
    0 => 'index',
    1 => NULL,
    2 => NULL,
  ),
)
[ 2017-06-26T14:51:12+08:00 ][ info ] [ HEADER ] array (
)
[ 2017-06-26T14:51:12+08:00 ][ info ] [ PARAM ] array (
)
[ 2017-06-26T14:51:12+08:00 ][ info ] [ RUN ] app\index\controller\Index->index[ D:\wamp64\www\sdb\application\index\controller\Index.php ]
[ 2017-06-26T14:51:12+08:00 ][ info ] [ DB ] INIT mysql
[ 2017-06-26T14:51:12+08:00 ][ info ] [ VIEW ] D:\wamp64\www\sdb/application/index\view\index\index.html [ array (
  0 => 'data',
) ]
[ 2017-06-26T15:07:04+08:00 ][ info ] [ LANG ] D:\wamp64\www\sdb\thinkphp\lang\zh-cn.php
[ info ] [ LOG ] INIT File
[ 2017-06-26T15:07:04+08:00 ][ info ] [ LANG ] D:\wamp64\www\sdb/application/lang\zh-cn.php
[ 2017-06-26T15:07:04+08:00 ][ info ] [ BIND ] 'socket/Index/index'
[ 2017-06-26T15:07:04+08:00 ][ info ] [ ROUTE ] array (
  'type' => 'module',
  'module' => 
  array (
    0 => 'socket',
    1 => 'Index',
    2 => 'index',
  ),
)
[ 2017-06-26T15:07:04+08:00 ][ info ] [ HEADER ] array (
)
[ 2017-06-26T15:07:04+08:00 ][ info ] [ PARAM ] array (
)
[ 2017-06-26T15:23:54+08:00 ][ info ] [ LANG ] D:\wamp64\www\sdb\thinkphp\lang\zh-cn.php
[ info ] [ LOG ] INIT File
[ 2017-06-26T15:23:54+08:00 ][ info ] [ LANG ] D:\wamp64\www\sdb/application/lang\zh-cn.php
[ 2017-06-26T15:23:54+08:00 ][ info ] [ BIND ] 'socket/Index/index'
[ 2017-06-26T15:23:54+08:00 ][ info ] [ ROUTE ] array (
  'type' => 'module',
  'module' => 
  array (
    0 => 'socket',
    1 => 'Index',
    2 => 'index',
  ),
)
[ 2017-06-26T15:23:54+08:00 ][ info ] [ HEADER ] array (
)
[ 2017-06-26T15:23:54+08:00 ][ info ] [ PARAM ] array (
)
[ 2017-06-26T15:24:16+08:00 ][ info ] [ LANG ] D:\wamp64\www\sdb\thinkphp\lang\zh-cn.php
[ info ] [ LOG ] INIT File
[ 2017-06-26T15:24:16+08:00 ][ info ] [ LANG ] D:\wamp64\www\sdb/application/lang\zh-cn.php
[ 2017-06-26T15:24:16+08:00 ][ info ] [ ROUTE ] array (
  'type' => 'module',
  'module' => 
  array (
    0 => '',
    1 => NULL,
    2 => NULL,
  ),
)
[ 2017-06-26T15:24:16+08:00 ][ info ] [ HEADER ] array (
)
[ 2017-06-26T15:24:16+08:00 ][ info ] [ PARAM ] array (
)
[ 2017-06-26T15:24:16+08:00 ][ info ] [ RUN ] app\index\controller\Index->index[ D:\wamp64\www\sdb\application\index\controller\Index.php ]
[ 2017-06-26T15:24:16+08:00 ][ info ] [ DB ] INIT mysql
[ 2017-06-26T15:24:16+08:00 ][ info ] [ VIEW ] D:\wamp64\www\sdb/application/index\view\index\index.html [ array (
  0 => 'data',
) ]
[ 2017-06-26T15:24:38+08:00 ][ info ] [ LANG ] D:\wamp64\www\sdb\thinkphp\lang\zh-cn.php
[ info ] [ LOG ] INIT File
[ 2017-06-26T15:24:38+08:00 ][ info ] [ LANG ] D:\wamp64\www\sdb/application/lang\zh-cn.php
[ 2017-06-26T15:24:38+08:00 ][ info ] [ BIND ] 'socket'
[ 2017-06-26T15:24:38+08:00 ][ info ] [ ROUTE ] array (
  'type' => 'module',
  'module' => 
  array (
    0 => 'socket',
    1 => NULL,
    2 => NULL,
  ),
)
[ 2017-06-26T15:24:38+08:00 ][ info ] [ HEADER ] array (
)
[ 2017-06-26T15:24:38+08:00 ][ info ] [ PARAM ] array (
)
[ 2017-06-26T15:25:10+08:00 ][ info ] [ LANG ] D:\wamp64\www\sdb\thinkphp\lang\zh-cn.php
[ info ] [ LOG ] INIT File
[ 2017-06-26T15:25:10+08:00 ][ info ] [ LANG ] D:\wamp64\www\sdb/application/lang\zh-cn.php
[ 2017-06-26T15:25:10+08:00 ][ info ] [ BIND ] 'socket'
[ 2017-06-26T15:25:10+08:00 ][ info ] [ ROUTE ] array (
  'type' => 'module',
  'module' => 
  array (
    0 => 'socket',
    1 => NULL,
    2 => NULL,
  ),
)
[ 2017-06-26T15:25:10+08:00 ][ info ] [ HEADER ] array (
)
[ 2017-06-26T15:25:10+08:00 ][ info ] [ PARAM ] array (
)
[ 2017-06-26T15:25:10+08:00 ][ info ] [ RUN ] app\socket\controller\Index->index[ D:\wamp64\www\sdb\application\socket\controller\Index.php ]
[ 2017-06-26T15:25:10+08:00 ][ error ] [1]Class 'Workerman\Worker' not found[D:\wamp64\www\sdb\application\socket\controller\Index.php:10]
[ 2017-06-26T15:33:03+08:00 ][ info ] [ LANG ] D:\wamp64\www\sdb\thinkphp\lang\zh-cn.php
[ info ] [ LOG ] INIT File
[ 2017-06-26T15:33:03+08:00 ][ info ] [ LANG ] D:\wamp64\www\sdb/application/lang\zh-cn.php
[ 2017-06-26T15:33:03+08:00 ][ info ] [ BIND ] 'socket'
[ 2017-06-26T15:33:03+08:00 ][ info ] [ ROUTE ] array (
  'type' => 'module',
  'module' => 
  array (
    0 => 'socket',
    1 => NULL,
    2 => NULL,
  ),
)
[ 2017-06-26T15:33:03+08:00 ][ info ] [ HEADER ] array (
)
[ 2017-06-26T15:33:03+08:00 ][ info ] [ PARAM ] array (
)
[ 2017-06-26T15:33:03+08:00 ][ info ] [ RUN ] app\socket\controller\Index->index[ D:\wamp64\www\sdb\application\socket\controller\Index.php ]
[ 2017-06-26T15:33:03+08:00 ][ error ] [1]Class 'Workerman\Worker' not found[D:\wamp64\www\sdb\application\socket\controller\Index.php:10]
[ 2017-06-26T15:38:29+08:00 ][ info ] [ LANG ] D:\wamp64\www\sdb\thinkphp\lang\zh-cn.php
[ info ] [ LOG ] INIT File
[ 2017-06-26T15:38:29+08:00 ][ info ] [ LANG ] D:\wamp64\www\sdb/application/lang\zh-cn.php
[ 2017-06-26T15:38:29+08:00 ][ info ] [ BIND ] 'socket'
[ 2017-06-26T15:38:29+08:00 ][ info ] [ ROUTE ] array (
  'type' => 'module',
  'module' => 
  array (
    0 => 'socket',
    1 => NULL,
    2 => NULL,
  ),
)
[ 2017-06-26T15:38:29+08:00 ][ info ] [ HEADER ] array (
)
[ 2017-06-26T15:38:29+08:00 ][ info ] [ PARAM ] array (
)
[ 2017-06-26T15:38:29+08:00 ][ info ] [ RUN ] app\socket\controller\Index->index[ D:\wamp64\www\sdb\application\socket\controller\Index.php ]
[ 2017-06-26T16:23:10+08:00 ][ info ] [ LANG ] D:\wamp64\www\sdb\thinkphp\lang\zh-cn.php
[ info ] [ LOG ] INIT File
[ 2017-06-26T16:23:10+08:00 ][ info ] [ LANG ] D:\wamp64\www\sdb/application/lang\zh-cn.php
[ 2017-06-26T16:23:10+08:00 ][ info ] [ BIND ] 'socket'
[ 2017-06-26T16:23:10+08:00 ][ info ] [ ROUTE ] array (
  'type' => 'module',
  'module' => 
  array (
    0 => 'socket',
    1 => NULL,
    2 => NULL,
  ),
)
[ 2017-06-26T16:23:10+08:00 ][ info ] [ HEADER ] array (
)
[ 2017-06-26T16:23:10+08:00 ][ info ] [ PARAM ] array (
)
[ 2017-06-26T16:23:10+08:00 ][ info ] [ RUN ] app\socket\controller\Index->index[ D:\wamp64\www\sdb\application\socket\controller\Index.php ]
