[ 2017-06-27T10:54:14+08:00 ][ info ] [ LANG ] D:\wamp64\www\sdb\thinkphp\lang\zh-cn.php
[ info ] [ LOG ] INIT File
[ 2017-06-27T10:54:14+08:00 ][ info ] [ LANG ] D:\wamp64\www\sdb/application/lang\zh-cn.php
[ 2017-06-27T10:54:14+08:00 ][ info ] [ BIND ] 'socket'
[ 2017-06-27T10:54:14+08:00 ][ info ] [ ROUTE ] array (
  'type' => 'module',
  'module' => 
  array (
    0 => 'socket',
    1 => NULL,
    2 => NULL,
  ),
)
[ 2017-06-27T10:54:14+08:00 ][ info ] [ HEADER ] array (
)
[ 2017-06-27T10:54:14+08:00 ][ info ] [ PARAM ] array (
)
[ 2017-06-27T10:54:14+08:00 ][ info ] [ RUN ] app\socket\controller\Index->index[ D:\wamp64\www\sdb\application\socket\controller\Index.php ]
[ 2017-06-27T13:32:55+08:00 ][ info ] [ LANG ] D:\wamp64\www\sdb\thinkphp\lang\zh-cn.php
[ info ] [ LOG ] INIT File
[ 2017-06-27T13:32:55+08:00 ][ info ] [ LANG ] D:\wamp64\www\sdb/application/lang\zh-cn.php
[ 2017-06-27T13:32:55+08:00 ][ info ] [ BIND ] 'socket'
[ 2017-06-27T13:32:55+08:00 ][ info ] [ ROUTE ] array (
  'type' => 'module',
  'module' => 
  array (
    0 => 'socket',
    1 => NULL,
    2 => NULL,
  ),
)
[ 2017-06-27T13:32:55+08:00 ][ info ] [ HEADER ] array (
)
[ 2017-06-27T13:32:55+08:00 ][ info ] [ PARAM ] array (
)
[ 2017-06-27T13:32:55+08:00 ][ error ] [4]syntax error, unexpected '$global_uid' (T_VARIABLE), expecting function (T_FUNCTION)[D:\wamp64\www\sdb\application\socket\controller\Index.php:7]
[ 2017-06-27T13:33:19+08:00 ][ info ] [ LANG ] D:\wamp64\www\sdb\thinkphp\lang\zh-cn.php
[ info ] [ LOG ] INIT File
[ 2017-06-27T13:33:19+08:00 ][ info ] [ LANG ] D:\wamp64\www\sdb/application/lang\zh-cn.php
[ 2017-06-27T13:33:19+08:00 ][ info ] [ BIND ] 'socket'
[ 2017-06-27T13:33:19+08:00 ][ info ] [ ROUTE ] array (
  'type' => 'module',
  'module' => 
  array (
    0 => 'socket',
    1 => NULL,
    2 => NULL,
  ),
)
[ 2017-06-27T13:33:19+08:00 ][ info ] [ HEADER ] array (
)
[ 2017-06-27T13:33:19+08:00 ][ info ] [ PARAM ] array (
)
[ 2017-06-27T13:33:19+08:00 ][ error ] [4]syntax error, unexpected '=', expecting ',' or ';'[D:\wamp64\www\sdb\application\socket\controller\Index.php:5]
[ 2017-06-27T13:33:25+08:00 ][ info ] [ LANG ] D:\wamp64\www\sdb\thinkphp\lang\zh-cn.php
[ info ] [ LOG ] INIT File
[ 2017-06-27T13:33:25+08:00 ][ info ] [ LANG ] D:\wamp64\www\sdb/application/lang\zh-cn.php
[ 2017-06-27T13:33:25+08:00 ][ info ] [ BIND ] 'socket'
[ 2017-06-27T13:33:25+08:00 ][ info ] [ ROUTE ] array (
  'type' => 'module',
  'module' => 
  array (
    0 => 'socket',
    1 => NULL,
    2 => NULL,
  ),
)
[ 2017-06-27T13:33:25+08:00 ][ info ] [ HEADER ] array (
)
[ 2017-06-27T13:33:25+08:00 ][ info ] [ PARAM ] array (
)
[ 2017-06-27T13:33:25+08:00 ][ error ] [4]syntax error, unexpected 'global' (T_GLOBAL), expecting function (T_FUNCTION)[D:\wamp64\www\sdb\application\socket\controller\Index.php:7]
[ 2017-06-27T13:33:44+08:00 ][ info ] [ LANG ] D:\wamp64\www\sdb\thinkphp\lang\zh-cn.php
[ info ] [ LOG ] INIT File
[ 2017-06-27T13:33:44+08:00 ][ info ] [ LANG ] D:\wamp64\www\sdb/application/lang\zh-cn.php
[ 2017-06-27T13:33:44+08:00 ][ info ] [ BIND ] 'socket'
[ 2017-06-27T13:33:44+08:00 ][ info ] [ ROUTE ] array (
  'type' => 'module',
  'module' => 
  array (
    0 => 'socket',
    1 => NULL,
    2 => NULL,
  ),
)
[ 2017-06-27T13:33:44+08:00 ][ info ] [ HEADER ] array (
)
[ 2017-06-27T13:33:44+08:00 ][ info ] [ PARAM ] array (
)
[ 2017-06-27T13:33:44+08:00 ][ info ] [ RUN ] app\socket\controller\Index->index[ D:\wamp64\www\sdb\application\socket\controller\Index.php ]
[ 2017-06-27T13:33:44+08:00 ][ error ] [2]Missing argument 1 for app\socket\controller\Index::handle_connection(), called in D:\wamp64\www\sdb\application\socket\controller\Index.php on line 15 and defined[D:\wamp64\www\sdb\application\socket\controller\Index.php:22]
[ 2017-06-27T13:34:17+08:00 ][ info ] [ LANG ] D:\wamp64\www\sdb\thinkphp\lang\zh-cn.php
[ info ] [ LOG ] INIT File
[ 2017-06-27T13:34:17+08:00 ][ info ] [ LANG ] D:\wamp64\www\sdb/application/lang\zh-cn.php
[ 2017-06-27T13:34:17+08:00 ][ info ] [ BIND ] 'socket'
[ 2017-06-27T13:34:17+08:00 ][ info ] [ ROUTE ] array (
  'type' => 'module',
  'module' => 
  array (
    0 => 'socket',
    1 => NULL,
    2 => NULL,
  ),
)
[ 2017-06-27T13:34:17+08:00 ][ info ] [ HEADER ] array (
)
[ 2017-06-27T13:34:17+08:00 ][ info ] [ PARAM ] array (
)
[ 2017-06-27T13:34:17+08:00 ][ info ] [ RUN ] app\socket\controller\Index->index[ D:\wamp64\www\sdb\application\socket\controller\Index.php ]
[ 2017-06-27T13:34:17+08:00 ][ error ] [1]Call to undefined method app\socket\controller\Index::handle_connection()[D:\wamp64\www\sdb\application\socket\controller\Index.php:15]
[ 2017-06-27T13:34:30+08:00 ][ info ] [ LANG ] D:\wamp64\www\sdb\thinkphp\lang\zh-cn.php
[ info ] [ LOG ] INIT File
[ 2017-06-27T13:34:30+08:00 ][ info ] [ LANG ] D:\wamp64\www\sdb/application/lang\zh-cn.php
[ 2017-06-27T13:34:30+08:00 ][ info ] [ BIND ] 'socket'
[ 2017-06-27T13:34:30+08:00 ][ info ] [ ROUTE ] array (
  'type' => 'module',
  'module' => 
  array (
    0 => 'socket',
    1 => NULL,
    2 => NULL,
  ),
)
[ 2017-06-27T13:34:30+08:00 ][ info ] [ HEADER ] array (
)
[ 2017-06-27T13:34:30+08:00 ][ info ] [ PARAM ] array (
)
[ 2017-06-27T13:34:30+08:00 ][ info ] [ RUN ] app\socket\controller\Index->index[ D:\wamp64\www\sdb\application\socket\controller\Index.php ]
[ 2017-06-27T13:35:41+08:00 ][ info ] [ LANG ] D:\wamp64\www\sdb\thinkphp\lang\zh-cn.php
[ info ] [ LOG ] INIT File
[ 2017-06-27T13:35:41+08:00 ][ info ] [ LANG ] D:\wamp64\www\sdb/application/lang\zh-cn.php
[ 2017-06-27T13:35:41+08:00 ][ info ] [ BIND ] 'socket'
[ 2017-06-27T13:35:41+08:00 ][ info ] [ ROUTE ] array (
  'type' => 'module',
  'module' => 
  array (
    0 => 'socket',
    1 => NULL,
    2 => NULL,
  ),
)
[ 2017-06-27T13:35:41+08:00 ][ info ] [ HEADER ] array (
)
[ 2017-06-27T13:35:41+08:00 ][ info ] [ PARAM ] array (
)
[ 2017-06-27T13:35:41+08:00 ][ info ] [ RUN ] app\socket\controller\Index->index[ D:\wamp64\www\sdb\application\socket\controller\Index.php ]
[ 2017-06-27T13:38:44+08:00 ][ info ] [ LANG ] D:\wamp64\www\sdb\thinkphp\lang\zh-cn.php
[ info ] [ LOG ] INIT File
[ 2017-06-27T13:38:44+08:00 ][ info ] [ LANG ] D:\wamp64\www\sdb/application/lang\zh-cn.php
[ 2017-06-27T13:38:44+08:00 ][ info ] [ BIND ] 'socket'
[ 2017-06-27T13:38:44+08:00 ][ info ] [ ROUTE ] array (
  'type' => 'module',
  'module' => 
  array (
    0 => 'socket',
    1 => NULL,
    2 => NULL,
  ),
)
[ 2017-06-27T13:38:44+08:00 ][ info ] [ HEADER ] array (
)
[ 2017-06-27T13:38:44+08:00 ][ info ] [ PARAM ] array (
)
[ 2017-06-27T13:38:44+08:00 ][ info ] [ RUN ] app\socket\controller\Index->index[ D:\wamp64\www\sdb\application\socket\controller\Index.php ]
[ 2017-06-27T13:38:44+08:00 ][ error ] [2]Missing argument 1 for app\socket\controller\Index::handle_connection(), called in D:\wamp64\www\sdb\application\socket\controller\Index.php on line 13 and defined[D:\wamp64\www\sdb\application\socket\controller\Index.php:19]
[ 2017-06-27T13:40:48+08:00 ][ info ] [ LANG ] D:\wamp64\www\sdb\thinkphp\lang\zh-cn.php
[ info ] [ LOG ] INIT File
[ 2017-06-27T13:40:48+08:00 ][ info ] [ LANG ] D:\wamp64\www\sdb/application/lang\zh-cn.php
[ 2017-06-27T13:40:48+08:00 ][ info ] [ BIND ] 'socket'
[ 2017-06-27T13:40:48+08:00 ][ info ] [ ROUTE ] array (
  'type' => 'module',
  'module' => 
  array (
    0 => 'socket',
    1 => NULL,
    2 => NULL,
  ),
)
[ 2017-06-27T13:40:48+08:00 ][ info ] [ HEADER ] array (
)
[ 2017-06-27T13:40:48+08:00 ][ info ] [ PARAM ] array (
)
[ 2017-06-27T13:40:48+08:00 ][ error ] [4]syntax error, unexpected '$text_worker' (T_VARIABLE)[D:\wamp64\www\sdb\application\socket\controller\Index.php:18]
[ 2017-06-27T13:41:53+08:00 ][ info ] [ LANG ] D:\wamp64\www\sdb\thinkphp\lang\zh-cn.php
[ info ] [ LOG ] INIT File
[ 2017-06-27T13:41:53+08:00 ][ info ] [ LANG ] D:\wamp64\www\sdb/application/lang\zh-cn.php
[ 2017-06-27T13:41:53+08:00 ][ info ] [ BIND ] 'socket'
[ 2017-06-27T13:41:53+08:00 ][ info ] [ ROUTE ] array (
  'type' => 'module',
  'module' => 
  array (
    0 => 'socket',
    1 => NULL,
    2 => NULL,
  ),
)
[ 2017-06-27T13:41:53+08:00 ][ info ] [ HEADER ] array (
)
[ 2017-06-27T13:41:53+08:00 ][ info ] [ PARAM ] array (
)
[ 2017-06-27T13:41:53+08:00 ][ error ] [4]syntax error, unexpected '$text_worker' (T_VARIABLE)[D:\wamp64\www\sdb\application\socket\controller\Index.php:20]
[ 2017-06-27T13:42:27+08:00 ][ info ] [ LANG ] D:\wamp64\www\sdb\thinkphp\lang\zh-cn.php
[ info ] [ LOG ] INIT File
[ 2017-06-27T13:42:27+08:00 ][ info ] [ LANG ] D:\wamp64\www\sdb/application/lang\zh-cn.php
[ 2017-06-27T13:42:27+08:00 ][ info ] [ BIND ] 'socket'
[ 2017-06-27T13:42:27+08:00 ][ info ] [ ROUTE ] array (
  'type' => 'module',
  'module' => 
  array (
    0 => 'socket',
    1 => NULL,
    2 => NULL,
  ),
)
[ 2017-06-27T13:42:27+08:00 ][ info ] [ HEADER ] array (
)
[ 2017-06-27T13:42:27+08:00 ][ info ] [ PARAM ] array (
)
[ 2017-06-27T13:42:27+08:00 ][ info ] [ RUN ] app\socket\controller\Index->index[ D:\wamp64\www\sdb\application\socket\controller\Index.php ]
[ 2017-06-27T13:44:11+08:00 ][ info ] [ LANG ] D:\wamp64\www\sdb\thinkphp\lang\zh-cn.php
[ info ] [ LOG ] INIT File
[ 2017-06-27T13:44:11+08:00 ][ info ] [ LANG ] D:\wamp64\www\sdb/application/lang\zh-cn.php
[ 2017-06-27T13:44:11+08:00 ][ info ] [ BIND ] 'socket'
[ 2017-06-27T13:44:11+08:00 ][ info ] [ ROUTE ] array (
  'type' => 'module',
  'module' => 
  array (
    0 => 'socket',
    1 => NULL,
    2 => NULL,
  ),
)
[ 2017-06-27T13:44:11+08:00 ][ info ] [ HEADER ] array (
)
[ 2017-06-27T13:44:11+08:00 ][ info ] [ PARAM ] array (
)
[ 2017-06-27T13:44:11+08:00 ][ info ] [ RUN ] app\socket\controller\Index->index[ D:\wamp64\www\sdb\application\socket\controller\Index.php ]
[ 2017-06-27T13:44:30+08:00 ][ info ] [ LANG ] D:\wamp64\www\sdb\thinkphp\lang\zh-cn.php
[ info ] [ LOG ] INIT File
[ 2017-06-27T13:44:30+08:00 ][ info ] [ LANG ] D:\wamp64\www\sdb/application/lang\zh-cn.php
[ 2017-06-27T13:44:30+08:00 ][ info ] [ BIND ] 'socket'
[ 2017-06-27T13:44:30+08:00 ][ info ] [ ROUTE ] array (
  'type' => 'module',
  'module' => 
  array (
    0 => 'socket',
    1 => NULL,
    2 => NULL,
  ),
)
[ 2017-06-27T13:44:30+08:00 ][ info ] [ HEADER ] array (
)
[ 2017-06-27T13:44:30+08:00 ][ info ] [ PARAM ] array (
)
[ 2017-06-27T13:44:30+08:00 ][ info ] [ RUN ] app\socket\controller\Index->index[ D:\wamp64\www\sdb\application\socket\controller\Index.php ]
[ 2017-06-27T13:44:38+08:00 ][ info ] [ LANG ] D:\wamp64\www\sdb\thinkphp\lang\zh-cn.php
[ info ] [ LOG ] INIT File
[ 2017-06-27T13:44:38+08:00 ][ info ] [ LANG ] D:\wamp64\www\sdb/application/lang\zh-cn.php
[ 2017-06-27T13:44:38+08:00 ][ info ] [ BIND ] 'socket'
[ 2017-06-27T13:44:38+08:00 ][ info ] [ ROUTE ] array (
  'type' => 'module',
  'module' => 
  array (
    0 => 'socket',
    1 => NULL,
    2 => NULL,
  ),
)
[ 2017-06-27T13:44:38+08:00 ][ info ] [ HEADER ] array (
)
[ 2017-06-27T13:44:38+08:00 ][ info ] [ PARAM ] array (
)
[ 2017-06-27T13:44:38+08:00 ][ info ] [ RUN ] app\socket\controller\Index->index[ D:\wamp64\www\sdb\application\socket\controller\Index.php ]
[ 2017-06-27T13:48:54+08:00 ][ info ] [ LANG ] D:\wamp64\www\sdb\thinkphp\lang\zh-cn.php
[ info ] [ LOG ] INIT File
[ 2017-06-27T13:48:54+08:00 ][ info ] [ LANG ] D:\wamp64\www\sdb/application/lang\zh-cn.php
[ 2017-06-27T13:48:54+08:00 ][ info ] [ BIND ] 'socket'
[ 2017-06-27T13:48:54+08:00 ][ info ] [ ROUTE ] array (
  'type' => 'module',
  'module' => 
  array (
    0 => 'socket',
    1 => NULL,
    2 => NULL,
  ),
)
[ 2017-06-27T13:48:54+08:00 ][ info ] [ HEADER ] array (
)
[ 2017-06-27T13:48:54+08:00 ][ info ] [ PARAM ] array (
)
[ 2017-06-27T13:48:54+08:00 ][ info ] [ RUN ] app\socket\controller\Index->index[ D:\wamp64\www\sdb\application\socket\controller\Index.php ]
[ 2017-06-27T13:49:19+08:00 ][ info ] [ LANG ] D:\wamp64\www\sdb\thinkphp\lang\zh-cn.php
[ info ] [ LOG ] INIT File
[ 2017-06-27T13:49:19+08:00 ][ info ] [ LANG ] D:\wamp64\www\sdb/application/lang\zh-cn.php
[ 2017-06-27T13:49:19+08:00 ][ info ] [ BIND ] 'socket'
[ 2017-06-27T13:49:19+08:00 ][ info ] [ ROUTE ] array (
  'type' => 'module',
  'module' => 
  array (
    0 => 'socket',
    1 => NULL,
    2 => NULL,
  ),
)
[ 2017-06-27T13:49:19+08:00 ][ info ] [ HEADER ] array (
)
[ 2017-06-27T13:49:19+08:00 ][ info ] [ PARAM ] array (
)
[ 2017-06-27T13:49:19+08:00 ][ info ] [ RUN ] app\socket\controller\Index->index[ D:\wamp64\www\sdb\application\socket\controller\Index.php ]
[ 2017-06-27T14:03:29+08:00 ][ info ] [ LANG ] D:\wamp64\www\sdb\thinkphp\lang\zh-cn.php
[ info ] [ LOG ] INIT File
[ 2017-06-27T14:03:29+08:00 ][ info ] [ LANG ] D:\wamp64\www\sdb/application/lang\zh-cn.php
[ 2017-06-27T14:03:29+08:00 ][ info ] [ BIND ] 'socket'
[ 2017-06-27T14:03:29+08:00 ][ info ] [ ROUTE ] array (
  'type' => 'module',
  'module' => 
  array (
    0 => 'socket',
    1 => NULL,
    2 => NULL,
  ),
)
[ 2017-06-27T14:03:29+08:00 ][ info ] [ HEADER ] array (
)
[ 2017-06-27T14:03:29+08:00 ][ info ] [ PARAM ] array (
)
[ 2017-06-27T14:03:29+08:00 ][ info ] [ RUN ] app\socket\controller\Index->index[ D:\wamp64\www\sdb\application\socket\controller\Index.php ]
[ 2017-06-27T14:04:11+08:00 ][ info ] [ LANG ] D:\wamp64\www\sdb\thinkphp\lang\zh-cn.php
[ info ] [ LOG ] INIT File
[ 2017-06-27T14:04:11+08:00 ][ info ] [ LANG ] D:\wamp64\www\sdb/application/lang\zh-cn.php
[ 2017-06-27T14:04:11+08:00 ][ info ] [ BIND ] 'socket'
[ 2017-06-27T14:04:11+08:00 ][ info ] [ ROUTE ] array (
  'type' => 'module',
  'module' => 
  array (
    0 => 'socket',
    1 => NULL,
    2 => NULL,
  ),
)
[ 2017-06-27T14:04:11+08:00 ][ info ] [ HEADER ] array (
)
[ 2017-06-27T14:04:11+08:00 ][ info ] [ PARAM ] array (
)
[ 2017-06-27T14:04:11+08:00 ][ info ] [ RUN ] app\socket\controller\Index->index[ D:\wamp64\www\sdb\application\socket\controller\Index.php ]
[ 2017-06-27T14:33:01+08:00 ][ info ] [ LANG ] D:\wamp64\www\sdb\thinkphp\lang\zh-cn.php
[ info ] [ LOG ] INIT File
[ 2017-06-27T14:33:01+08:00 ][ info ] [ LANG ] D:\wamp64\www\sdb/application/lang\zh-cn.php
[ 2017-06-27T14:33:01+08:00 ][ info ] [ BIND ] 'socket'
[ 2017-06-27T14:33:01+08:00 ][ info ] [ ROUTE ] array (
  'type' => 'module',
  'module' => 
  array (
    0 => 'socket',
    1 => NULL,
    2 => NULL,
  ),
)
[ 2017-06-27T14:33:01+08:00 ][ info ] [ HEADER ] array (
)
[ 2017-06-27T14:33:01+08:00 ][ info ] [ PARAM ] array (
)
[ 2017-06-27T14:33:01+08:00 ][ info ] [ RUN ] app\socket\controller\Index->index[ D:\wamp64\www\sdb\application\socket\controller\Index.php ]
[ 2017-06-27T14:33:17+08:00 ][ info ] [ LANG ] D:\wamp64\www\sdb\thinkphp\lang\zh-cn.php
[ info ] [ LOG ] INIT File
[ 2017-06-27T14:33:17+08:00 ][ info ] [ LANG ] D:\wamp64\www\sdb/application/lang\zh-cn.php
[ 2017-06-27T14:33:17+08:00 ][ info ] [ BIND ] 'socket'
[ 2017-06-27T14:33:17+08:00 ][ info ] [ ROUTE ] array (
  'type' => 'module',
  'module' => 
  array (
    0 => 'socket',
    1 => NULL,
    2 => NULL,
  ),
)
[ 2017-06-27T14:33:17+08:00 ][ info ] [ HEADER ] array (
)
[ 2017-06-27T14:33:17+08:00 ][ info ] [ PARAM ] array (
)
[ 2017-06-27T14:33:17+08:00 ][ info ] [ RUN ] app\socket\controller\Index->index[ D:\wamp64\www\sdb\application\socket\controller\Index.php ]
[ 2017-06-27T14:34:33+08:00 ][ info ] [ LANG ] D:\wamp64\www\sdb\thinkphp\lang\zh-cn.php
[ info ] [ LOG ] INIT File
[ 2017-06-27T14:34:33+08:00 ][ info ] [ LANG ] D:\wamp64\www\sdb/application/lang\zh-cn.php
[ 2017-06-27T14:34:33+08:00 ][ info ] [ BIND ] 'socket'
[ 2017-06-27T14:34:33+08:00 ][ info ] [ ROUTE ] array (
  'type' => 'module',
  'module' => 
  array (
    0 => 'socket',
    1 => NULL,
    2 => NULL,
  ),
)
[ 2017-06-27T14:34:33+08:00 ][ info ] [ HEADER ] array (
)
[ 2017-06-27T14:34:33+08:00 ][ info ] [ PARAM ] array (
)
[ 2017-06-27T14:34:33+08:00 ][ info ] [ RUN ] app\socket\controller\Index->index[ D:\wamp64\www\sdb\application\socket\controller\Index.php ]
[ 2017-06-27T14:35:58+08:00 ][ info ] [ LANG ] D:\wamp64\www\sdb\thinkphp\lang\zh-cn.php
[ info ] [ LOG ] INIT File
[ 2017-06-27T14:35:58+08:00 ][ info ] [ LANG ] D:\wamp64\www\sdb/application/lang\zh-cn.php
[ 2017-06-27T14:35:58+08:00 ][ info ] [ BIND ] 'socket'
[ 2017-06-27T14:35:58+08:00 ][ info ] [ ROUTE ] array (
  'type' => 'module',
  'module' => 
  array (
    0 => 'socket',
    1 => NULL,
    2 => NULL,
  ),
)
[ 2017-06-27T14:35:58+08:00 ][ info ] [ HEADER ] array (
)
[ 2017-06-27T14:35:58+08:00 ][ info ] [ PARAM ] array (
)
[ 2017-06-27T14:35:58+08:00 ][ info ] [ RUN ] app\socket\controller\Index->index[ D:\wamp64\www\sdb\application\socket\controller\Index.php ]
[ 2017-06-27T14:36:41+08:00 ][ info ] [ LANG ] D:\wamp64\www\sdb\thinkphp\lang\zh-cn.php
[ info ] [ LOG ] INIT File
[ 2017-06-27T14:36:41+08:00 ][ info ] [ LANG ] D:\wamp64\www\sdb/application/lang\zh-cn.php
[ 2017-06-27T14:36:41+08:00 ][ info ] [ BIND ] 'socket'
[ 2017-06-27T14:36:41+08:00 ][ info ] [ ROUTE ] array (
  'type' => 'module',
  'module' => 
  array (
    0 => 'socket',
    1 => NULL,
    2 => NULL,
  ),
)
[ 2017-06-27T14:36:41+08:00 ][ info ] [ HEADER ] array (
)
[ 2017-06-27T14:36:41+08:00 ][ info ] [ PARAM ] array (
)
[ 2017-06-27T14:36:41+08:00 ][ info ] [ RUN ] app\socket\controller\Index->index[ D:\wamp64\www\sdb\application\socket\controller\Index.php ]
[ 2017-06-27T14:37:50+08:00 ][ info ] [ LANG ] D:\wamp64\www\sdb\thinkphp\lang\zh-cn.php
[ info ] [ LOG ] INIT File
[ 2017-06-27T14:37:50+08:00 ][ info ] [ LANG ] D:\wamp64\www\sdb/application/lang\zh-cn.php
[ 2017-06-27T14:37:50+08:00 ][ info ] [ BIND ] 'socket'
[ 2017-06-27T14:37:50+08:00 ][ info ] [ ROUTE ] array (
  'type' => 'module',
  'module' => 
  array (
    0 => 'socket',
    1 => NULL,
    2 => NULL,
  ),
)
[ 2017-06-27T14:37:50+08:00 ][ info ] [ HEADER ] array (
)
[ 2017-06-27T14:37:50+08:00 ][ info ] [ PARAM ] array (
)
[ 2017-06-27T14:37:50+08:00 ][ info ] [ RUN ] app\socket\controller\Index->index[ D:\wamp64\www\sdb\application\socket\controller\Index.php ]
[ 2017-06-27T14:38:55+08:00 ][ info ] [ LANG ] D:\wamp64\www\sdb\thinkphp\lang\zh-cn.php
[ info ] [ LOG ] INIT File
[ 2017-06-27T14:38:55+08:00 ][ info ] [ LANG ] D:\wamp64\www\sdb/application/lang\zh-cn.php
[ 2017-06-27T14:38:55+08:00 ][ info ] [ BIND ] 'socket'
[ 2017-06-27T14:38:55+08:00 ][ info ] [ ROUTE ] array (
  'type' => 'module',
  'module' => 
  array (
    0 => 'socket',
    1 => NULL,
    2 => NULL,
  ),
)
[ 2017-06-27T14:38:55+08:00 ][ info ] [ HEADER ] array (
)
[ 2017-06-27T14:38:55+08:00 ][ info ] [ PARAM ] array (
)
[ 2017-06-27T14:38:55+08:00 ][ info ] [ RUN ] app\socket\controller\Index->index[ D:\wamp64\www\sdb\application\socket\controller\Index.php ]
[ 2017-06-27T14:39:56+08:00 ][ info ] [ LANG ] D:\wamp64\www\sdb\thinkphp\lang\zh-cn.php
[ info ] [ LOG ] INIT File
[ 2017-06-27T14:39:56+08:00 ][ info ] [ LANG ] D:\wamp64\www\sdb/application/lang\zh-cn.php
[ 2017-06-27T14:39:56+08:00 ][ info ] [ BIND ] 'socket'
[ 2017-06-27T14:39:56+08:00 ][ info ] [ ROUTE ] array (
  'type' => 'module',
  'module' => 
  array (
    0 => 'socket',
    1 => NULL,
    2 => NULL,
  ),
)
[ 2017-06-27T14:39:56+08:00 ][ info ] [ HEADER ] array (
)
[ 2017-06-27T14:39:56+08:00 ][ info ] [ PARAM ] array (
)
[ 2017-06-27T14:39:56+08:00 ][ info ] [ RUN ] app\socket\controller\Index->index[ D:\wamp64\www\sdb\application\socket\controller\Index.php ]
[ 2017-06-27T14:40:11+08:00 ][ info ] [ LANG ] D:\wamp64\www\sdb\thinkphp\lang\zh-cn.php
[ info ] [ LOG ] INIT File
[ 2017-06-27T14:40:11+08:00 ][ info ] [ LANG ] D:\wamp64\www\sdb/application/lang\zh-cn.php
[ 2017-06-27T14:40:11+08:00 ][ info ] [ BIND ] 'socket'
[ 2017-06-27T14:40:11+08:00 ][ info ] [ ROUTE ] array (
  'type' => 'module',
  'module' => 
  array (
    0 => 'socket',
    1 => NULL,
    2 => NULL,
  ),
)
[ 2017-06-27T14:40:11+08:00 ][ info ] [ HEADER ] array (
)
[ 2017-06-27T14:40:11+08:00 ][ info ] [ PARAM ] array (
)
[ 2017-06-27T14:40:11+08:00 ][ info ] [ RUN ] app\socket\controller\Index->index[ D:\wamp64\www\sdb\application\socket\controller\Index.php ]
[ 2017-06-27T14:40:50+08:00 ][ info ] [ LANG ] D:\wamp64\www\sdb\thinkphp\lang\zh-cn.php
[ info ] [ LOG ] INIT File
[ 2017-06-27T14:40:50+08:00 ][ info ] [ LANG ] D:\wamp64\www\sdb/application/lang\zh-cn.php
[ 2017-06-27T14:40:50+08:00 ][ info ] [ BIND ] 'socket'
[ 2017-06-27T14:40:50+08:00 ][ info ] [ ROUTE ] array (
  'type' => 'module',
  'module' => 
  array (
    0 => 'socket',
    1 => NULL,
    2 => NULL,
  ),
)
[ 2017-06-27T14:40:50+08:00 ][ info ] [ HEADER ] array (
)
[ 2017-06-27T14:40:50+08:00 ][ info ] [ PARAM ] array (
)
[ 2017-06-27T14:40:50+08:00 ][ info ] [ RUN ] app\socket\controller\Index->index[ D:\wamp64\www\sdb\application\socket\controller\Index.php ]
[ 2017-06-27T14:55:58+08:00 ][ info ] [ LANG ] D:\wamp64\www\sdb\thinkphp\lang\zh-cn.php
[ info ] [ LOG ] INIT File
[ 2017-06-27T14:55:58+08:00 ][ info ] [ LANG ] D:\wamp64\www\sdb/application/lang\zh-cn.php
[ 2017-06-27T14:55:58+08:00 ][ info ] [ BIND ] 'socket'
[ 2017-06-27T14:55:58+08:00 ][ info ] [ ROUTE ] array (
  'type' => 'module',
  'module' => 
  array (
    0 => 'socket',
    1 => NULL,
    2 => NULL,
  ),
)
[ 2017-06-27T14:55:58+08:00 ][ info ] [ HEADER ] array (
)
[ 2017-06-27T14:55:58+08:00 ][ info ] [ PARAM ] array (
)
[ 2017-06-27T14:55:58+08:00 ][ info ] [ RUN ] app\socket\controller\Index->index[ D:\wamp64\www\sdb\application\socket\controller\Index.php ]
[ 2017-06-27T14:56:48+08:00 ][ info ] [ LANG ] D:\wamp64\www\sdb\thinkphp\lang\zh-cn.php
[ info ] [ LOG ] INIT File
[ 2017-06-27T14:56:48+08:00 ][ info ] [ LANG ] D:\wamp64\www\sdb/application/lang\zh-cn.php
[ 2017-06-27T14:56:48+08:00 ][ info ] [ BIND ] 'socket'
[ 2017-06-27T14:56:48+08:00 ][ info ] [ ROUTE ] array (
  'type' => 'module',
  'module' => 
  array (
    0 => 'socket',
    1 => NULL,
    2 => NULL,
  ),
)
[ 2017-06-27T14:56:48+08:00 ][ info ] [ HEADER ] array (
)
[ 2017-06-27T14:56:48+08:00 ][ info ] [ PARAM ] array (
)
[ 2017-06-27T14:56:48+08:00 ][ info ] [ RUN ] app\socket\controller\Index->index[ D:\wamp64\www\sdb\application\socket\controller\Index.php ]
[ 2017-06-27T14:57:23+08:00 ][ info ] [ LANG ] D:\wamp64\www\sdb\thinkphp\lang\zh-cn.php
[ info ] [ LOG ] INIT File
[ 2017-06-27T14:57:23+08:00 ][ info ] [ LANG ] D:\wamp64\www\sdb/application/lang\zh-cn.php
[ 2017-06-27T14:57:23+08:00 ][ info ] [ BIND ] 'socket'
[ 2017-06-27T14:57:23+08:00 ][ info ] [ ROUTE ] array (
  'type' => 'module',
  'module' => 
  array (
    0 => 'socket',
    1 => NULL,
    2 => NULL,
  ),
)
[ 2017-06-27T14:57:23+08:00 ][ info ] [ HEADER ] array (
)
[ 2017-06-27T14:57:23+08:00 ][ info ] [ PARAM ] array (
)
[ 2017-06-27T14:57:23+08:00 ][ info ] [ RUN ] app\socket\controller\Index->index[ D:\wamp64\www\sdb\application\socket\controller\Index.php ]
[ 2017-06-27T14:58:07+08:00 ][ info ] [ LANG ] D:\wamp64\www\sdb\thinkphp\lang\zh-cn.php
[ info ] [ LOG ] INIT File
[ 2017-06-27T14:58:07+08:00 ][ info ] [ LANG ] D:\wamp64\www\sdb/application/lang\zh-cn.php
[ 2017-06-27T14:58:07+08:00 ][ info ] [ BIND ] 'socket'
[ 2017-06-27T14:58:07+08:00 ][ info ] [ ROUTE ] array (
  'type' => 'module',
  'module' => 
  array (
    0 => 'socket',
    1 => NULL,
    2 => NULL,
  ),
)
[ 2017-06-27T14:58:07+08:00 ][ info ] [ HEADER ] array (
)
[ 2017-06-27T14:58:07+08:00 ][ info ] [ PARAM ] array (
)
[ 2017-06-27T14:58:07+08:00 ][ info ] [ RUN ] app\socket\controller\Index->index[ D:\wamp64\www\sdb\application\socket\controller\Index.php ]
[ 2017-06-27T14:58:27+08:00 ][ info ] [ LANG ] D:\wamp64\www\sdb\thinkphp\lang\zh-cn.php
[ info ] [ LOG ] INIT File
[ 2017-06-27T14:58:27+08:00 ][ info ] [ LANG ] D:\wamp64\www\sdb/application/lang\zh-cn.php
[ 2017-06-27T14:58:27+08:00 ][ info ] [ BIND ] 'socket'
[ 2017-06-27T14:58:27+08:00 ][ info ] [ ROUTE ] array (
  'type' => 'module',
  'module' => 
  array (
    0 => 'socket',
    1 => NULL,
    2 => NULL,
  ),
)
[ 2017-06-27T14:58:27+08:00 ][ info ] [ HEADER ] array (
)
[ 2017-06-27T14:58:27+08:00 ][ info ] [ PARAM ] array (
)
[ 2017-06-27T14:58:27+08:00 ][ info ] [ RUN ] app\socket\controller\Index->index[ D:\wamp64\www\sdb\application\socket\controller\Index.php ]
[ 2017-06-27T15:00:54+08:00 ][ info ] [ LANG ] D:\wamp64\www\sdb\thinkphp\lang\zh-cn.php
[ info ] [ LOG ] INIT File
[ 2017-06-27T15:00:54+08:00 ][ info ] [ LANG ] D:\wamp64\www\sdb/application/lang\zh-cn.php
[ 2017-06-27T15:00:54+08:00 ][ info ] [ BIND ] 'socket'
[ 2017-06-27T15:00:54+08:00 ][ info ] [ ROUTE ] array (
  'type' => 'module',
  'module' => 
  array (
    0 => 'socket',
    1 => NULL,
    2 => NULL,
  ),
)
[ 2017-06-27T15:00:54+08:00 ][ info ] [ HEADER ] array (
)
[ 2017-06-27T15:00:54+08:00 ][ info ] [ PARAM ] array (
)
[ 2017-06-27T15:00:54+08:00 ][ error ] [4]syntax error, unexpected '$global_uid' (T_VARIABLE), expecting function (T_FUNCTION)[D:\wamp64\www\sdb\application\socket\controller\Index.php:7]
[ 2017-06-27T15:01:34+08:00 ][ info ] [ LANG ] D:\wamp64\www\sdb\thinkphp\lang\zh-cn.php
[ info ] [ LOG ] INIT File
[ 2017-06-27T15:01:34+08:00 ][ info ] [ LANG ] D:\wamp64\www\sdb/application/lang\zh-cn.php
[ 2017-06-27T15:01:34+08:00 ][ info ] [ BIND ] 'socket'
[ 2017-06-27T15:01:34+08:00 ][ info ] [ ROUTE ] array (
  'type' => 'module',
  'module' => 
  array (
    0 => 'socket',
    1 => NULL,
    2 => NULL,
  ),
)
[ 2017-06-27T15:01:34+08:00 ][ info ] [ HEADER ] array (
)
[ 2017-06-27T15:01:34+08:00 ][ info ] [ PARAM ] array (
)
[ 2017-06-27T15:01:34+08:00 ][ error ] [4]syntax error, unexpected 'global' (T_GLOBAL), expecting function (T_FUNCTION)[D:\wamp64\www\sdb\application\socket\controller\Index.php:7]
[ 2017-06-27T15:01:59+08:00 ][ info ] [ LANG ] D:\wamp64\www\sdb\thinkphp\lang\zh-cn.php
[ info ] [ LOG ] INIT File
[ 2017-06-27T15:01:59+08:00 ][ info ] [ LANG ] D:\wamp64\www\sdb/application/lang\zh-cn.php
[ 2017-06-27T15:01:59+08:00 ][ info ] [ BIND ] 'socket'
[ 2017-06-27T15:01:59+08:00 ][ info ] [ ROUTE ] array (
  'type' => 'module',
  'module' => 
  array (
    0 => 'socket',
    1 => NULL,
    2 => NULL,
  ),
)
[ 2017-06-27T15:01:59+08:00 ][ info ] [ HEADER ] array (
)
[ 2017-06-27T15:01:59+08:00 ][ info ] [ PARAM ] array (
)
[ 2017-06-27T15:01:59+08:00 ][ info ] [ RUN ] app\socket\controller\Index->index[ D:\wamp64\www\sdb\application\socket\controller\Index.php ]
[ 2017-06-27T15:04:50+08:00 ][ info ] [ LANG ] D:\wamp64\www\sdb\thinkphp\lang\zh-cn.php
[ info ] [ LOG ] INIT File
[ 2017-06-27T15:04:50+08:00 ][ info ] [ LANG ] D:\wamp64\www\sdb/application/lang\zh-cn.php
[ 2017-06-27T15:04:50+08:00 ][ info ] [ BIND ] 'socket'
[ 2017-06-27T15:04:50+08:00 ][ info ] [ ROUTE ] array (
  'type' => 'module',
  'module' => 
  array (
    0 => 'socket',
    1 => NULL,
    2 => NULL,
  ),
)
[ 2017-06-27T15:04:50+08:00 ][ info ] [ HEADER ] array (
)
[ 2017-06-27T15:04:50+08:00 ][ info ] [ PARAM ] array (
)
[ 2017-06-27T15:04:50+08:00 ][ info ] [ RUN ] app\socket\controller\Index->index[ D:\wamp64\www\sdb\application\socket\controller\Index.php ]
[ 2017-06-27T15:05:27+08:00 ][ info ] [ LANG ] D:\wamp64\www\sdb\thinkphp\lang\zh-cn.php
[ info ] [ LOG ] INIT File
[ 2017-06-27T15:05:27+08:00 ][ info ] [ LANG ] D:\wamp64\www\sdb/application/lang\zh-cn.php
[ 2017-06-27T15:05:27+08:00 ][ info ] [ BIND ] 'socket'
[ 2017-06-27T15:05:27+08:00 ][ info ] [ ROUTE ] array (
  'type' => 'module',
  'module' => 
  array (
    0 => 'socket',
    1 => NULL,
    2 => NULL,
  ),
)
[ 2017-06-27T15:05:27+08:00 ][ info ] [ HEADER ] array (
)
[ 2017-06-27T15:05:27+08:00 ][ info ] [ PARAM ] array (
)
[ 2017-06-27T15:05:27+08:00 ][ info ] [ RUN ] app\socket\controller\Index->index[ D:\wamp64\www\sdb\application\socket\controller\Index.php ]
[ 2017-06-27T15:06:06+08:00 ][ info ] [ LANG ] D:\wamp64\www\sdb\thinkphp\lang\zh-cn.php
[ info ] [ LOG ] INIT File
[ 2017-06-27T15:06:06+08:00 ][ info ] [ LANG ] D:\wamp64\www\sdb/application/lang\zh-cn.php
[ 2017-06-27T15:06:06+08:00 ][ info ] [ BIND ] 'socket'
[ 2017-06-27T15:06:06+08:00 ][ info ] [ ROUTE ] array (
  'type' => 'module',
  'module' => 
  array (
    0 => 'socket',
    1 => NULL,
    2 => NULL,
  ),
)
[ 2017-06-27T15:06:06+08:00 ][ info ] [ HEADER ] array (
)
[ 2017-06-27T15:06:06+08:00 ][ info ] [ PARAM ] array (
)
[ 2017-06-27T15:06:06+08:00 ][ error ] [4]syntax error, unexpected '=', expecting ',' or ';'[D:\wamp64\www\sdb\application\socket\controller\Index.php:10]
[ 2017-06-27T15:06:36+08:00 ][ info ] [ LANG ] D:\wamp64\www\sdb\thinkphp\lang\zh-cn.php
[ info ] [ LOG ] INIT File
[ 2017-06-27T15:06:36+08:00 ][ info ] [ LANG ] D:\wamp64\www\sdb/application/lang\zh-cn.php
[ 2017-06-27T15:06:36+08:00 ][ info ] [ BIND ] 'socket'
[ 2017-06-27T15:06:36+08:00 ][ info ] [ ROUTE ] array (
  'type' => 'module',
  'module' => 
  array (
    0 => 'socket',
    1 => NULL,
    2 => NULL,
  ),
)
[ 2017-06-27T15:06:36+08:00 ][ info ] [ HEADER ] array (
)
[ 2017-06-27T15:06:36+08:00 ][ info ] [ PARAM ] array (
)
[ 2017-06-27T15:06:36+08:00 ][ info ] [ RUN ] app\socket\controller\Index->index[ D:\wamp64\www\sdb\application\socket\controller\Index.php ]
[ 2017-06-27T15:44:34+08:00 ][ info ] [ LANG ] D:\wamp64\www\sdb\thinkphp\lang\zh-cn.php
[ info ] [ LOG ] INIT File
[ 2017-06-27T15:44:34+08:00 ][ info ] [ LANG ] D:\wamp64\www\sdb/application/lang\zh-cn.php
[ 2017-06-27T15:44:34+08:00 ][ info ] [ BIND ] 'socket'
[ 2017-06-27T15:44:34+08:00 ][ info ] [ ROUTE ] array (
  'type' => 'module',
  'module' => 
  array (
    0 => 'socket',
    1 => NULL,
    2 => NULL,
  ),
)
[ 2017-06-27T15:44:34+08:00 ][ info ] [ HEADER ] array (
)
[ 2017-06-27T15:44:34+08:00 ][ info ] [ PARAM ] array (
)
[ 2017-06-27T15:44:34+08:00 ][ error ] [1]Class 'app\socket\controller\Controlelr' not found[D:\wamp64\www\sdb\application\socket\controller\Index.php:6]
[ 2017-06-27T15:44:59+08:00 ][ info ] [ LANG ] D:\wamp64\www\sdb\thinkphp\lang\zh-cn.php
[ info ] [ LOG ] INIT File
[ 2017-06-27T15:44:59+08:00 ][ info ] [ LANG ] D:\wamp64\www\sdb/application/lang\zh-cn.php
[ 2017-06-27T15:44:59+08:00 ][ info ] [ BIND ] 'socket'
[ 2017-06-27T15:44:59+08:00 ][ info ] [ ROUTE ] array (
  'type' => 'module',
  'module' => 
  array (
    0 => 'socket',
    1 => NULL,
    2 => NULL,
  ),
)
[ 2017-06-27T15:44:59+08:00 ][ info ] [ HEADER ] array (
)
[ 2017-06-27T15:44:59+08:00 ][ info ] [ PARAM ] array (
)
[ 2017-06-27T15:44:59+08:00 ][ info ] [ RUN ] app\socket\controller\Index->index[ D:\wamp64\www\sdb\application\socket\controller\Index.php ]
[ 2017-06-27T15:48:28+08:00 ][ info ] [ LANG ] D:\wamp64\www\sdb\thinkphp\lang\zh-cn.php
[ info ] [ LOG ] INIT File
[ 2017-06-27T15:48:28+08:00 ][ info ] [ LANG ] D:\wamp64\www\sdb/application/lang\zh-cn.php
[ 2017-06-27T15:48:28+08:00 ][ info ] [ BIND ] 'socket'
[ 2017-06-27T15:48:28+08:00 ][ info ] [ ROUTE ] array (
  'type' => 'module',
  'module' => 
  array (
    0 => 'socket',
    1 => NULL,
    2 => NULL,
  ),
)
[ 2017-06-27T15:48:28+08:00 ][ info ] [ HEADER ] array (
)
[ 2017-06-27T15:48:28+08:00 ][ info ] [ PARAM ] array (
)
[ 2017-06-27T15:48:28+08:00 ][ info ] [ RUN ] app\socket\controller\Index->index[ D:\wamp64\www\sdb\application\socket\controller\Index.php ]
[ 2017-06-27T16:04:43+08:00 ][ info ] [ LANG ] D:\wamp64\www\sdb\thinkphp\lang\zh-cn.php
[ info ] [ LOG ] INIT File
[ 2017-06-27T16:04:43+08:00 ][ info ] [ LANG ] D:\wamp64\www\sdb/application/lang\zh-cn.php
[ 2017-06-27T16:04:43+08:00 ][ info ] [ BIND ] 'socket'
[ 2017-06-27T16:04:43+08:00 ][ info ] [ ROUTE ] array (
  'type' => 'module',
  'module' => 
  array (
    0 => 'socket',
    1 => NULL,
    2 => NULL,
  ),
)
[ 2017-06-27T16:04:43+08:00 ][ info ] [ HEADER ] array (
)
[ 2017-06-27T16:04:43+08:00 ][ info ] [ PARAM ] array (
)
[ 2017-06-27T16:04:43+08:00 ][ info ] [ RUN ] app\socket\controller\Index->index[ D:\wamp64\www\sdb\application\socket\controller\Index.php ]
[ 2017-06-27T16:04:52+08:00 ][ info ] [ DB ] INIT mysql
[ 2017-06-27T16:05:42+08:00 ][ info ] [ LANG ] D:\wamp64\www\sdb\thinkphp\lang\zh-cn.php
[ info ] [ LOG ] INIT File
[ 2017-06-27T16:05:42+08:00 ][ info ] [ LANG ] D:\wamp64\www\sdb/application/lang\zh-cn.php
[ 2017-06-27T16:05:42+08:00 ][ info ] [ BIND ] 'socket'
[ 2017-06-27T16:05:42+08:00 ][ info ] [ ROUTE ] array (
  'type' => 'module',
  'module' => 
  array (
    0 => 'socket',
    1 => NULL,
    2 => NULL,
  ),
)
[ 2017-06-27T16:05:42+08:00 ][ info ] [ HEADER ] array (
)
[ 2017-06-27T16:05:42+08:00 ][ info ] [ PARAM ] array (
)
[ 2017-06-27T16:05:42+08:00 ][ error ] [4]syntax error, unexpected ';', expecting ']'[D:\wamp64\www\sdb\application\socket\controller\Index.php:29]
[ 2017-06-27T16:05:49+08:00 ][ info ] [ LANG ] D:\wamp64\www\sdb\thinkphp\lang\zh-cn.php
[ info ] [ LOG ] INIT File
[ 2017-06-27T16:05:49+08:00 ][ info ] [ LANG ] D:\wamp64\www\sdb/application/lang\zh-cn.php
[ 2017-06-27T16:05:49+08:00 ][ info ] [ BIND ] 'socket'
[ 2017-06-27T16:05:49+08:00 ][ info ] [ ROUTE ] array (
  'type' => 'module',
  'module' => 
  array (
    0 => 'socket',
    1 => NULL,
    2 => NULL,
  ),
)
[ 2017-06-27T16:05:49+08:00 ][ info ] [ HEADER ] array (
)
[ 2017-06-27T16:05:49+08:00 ][ info ] [ PARAM ] array (
)
[ 2017-06-27T16:05:49+08:00 ][ info ] [ RUN ] app\socket\controller\Index->index[ D:\wamp64\www\sdb\application\socket\controller\Index.php ]
[ 2017-06-27T16:06:04+08:00 ][ info ] [ DB ] INIT mysql
[ 2017-06-27T16:13:18+08:00 ][ info ] [ LANG ] D:\wamp64\www\sdb\thinkphp\lang\zh-cn.php
[ info ] [ LOG ] INIT File
[ 2017-06-27T16:13:18+08:00 ][ info ] [ LANG ] D:\wamp64\www\sdb/application/lang\zh-cn.php
[ 2017-06-27T16:13:18+08:00 ][ info ] [ BIND ] 'socket'
[ 2017-06-27T16:13:18+08:00 ][ info ] [ ROUTE ] array (
  'type' => 'module',
  'module' => 
  array (
    0 => 'socket',
    1 => NULL,
    2 => NULL,
  ),
)
[ 2017-06-27T16:13:18+08:00 ][ info ] [ HEADER ] array (
)
[ 2017-06-27T16:13:18+08:00 ][ info ] [ PARAM ] array (
)
[ 2017-06-27T16:13:18+08:00 ][ info ] [ RUN ] app\socket\controller\Index->index[ D:\wamp64\www\sdb\application\socket\controller\Index.php ]
[ 2017-06-27T16:14:04+08:00 ][ info ] [ LANG ] D:\wamp64\www\sdb\thinkphp\lang\zh-cn.php
[ info ] [ LOG ] INIT File
[ 2017-06-27T16:14:04+08:00 ][ info ] [ LANG ] D:\wamp64\www\sdb/application/lang\zh-cn.php
[ 2017-06-27T16:14:04+08:00 ][ info ] [ BIND ] 'socket'
[ 2017-06-27T16:14:04+08:00 ][ info ] [ ROUTE ] array (
  'type' => 'module',
  'module' => 
  array (
    0 => 'socket',
    1 => NULL,
    2 => NULL,
  ),
)
[ 2017-06-27T16:14:04+08:00 ][ info ] [ HEADER ] array (
)
[ 2017-06-27T16:14:04+08:00 ][ info ] [ PARAM ] array (
)
[ 2017-06-27T16:14:04+08:00 ][ info ] [ RUN ] app\socket\controller\Index->index[ D:\wamp64\www\sdb\application\socket\controller\Index.php ]
[ 2017-06-27T16:16:12+08:00 ][ info ] [ LANG ] D:\wamp64\www\sdb\thinkphp\lang\zh-cn.php
[ info ] [ LOG ] INIT File
[ 2017-06-27T16:16:12+08:00 ][ info ] [ LANG ] D:\wamp64\www\sdb/application/lang\zh-cn.php
[ 2017-06-27T16:16:12+08:00 ][ info ] [ BIND ] 'socket'
[ 2017-06-27T16:16:12+08:00 ][ info ] [ ROUTE ] array (
  'type' => 'module',
  'module' => 
  array (
    0 => 'socket',
    1 => NULL,
    2 => NULL,
  ),
)
[ 2017-06-27T16:16:12+08:00 ][ info ] [ HEADER ] array (
)
[ 2017-06-27T16:16:12+08:00 ][ info ] [ PARAM ] array (
)
[ 2017-06-27T16:16:12+08:00 ][ error ] [4]syntax error, unexpected '' (T_ENCAPSED_AND_WHITESPACE), expecting identifier (T_STRING) or variable (T_VARIABLE) or number (T_NUM_STRING)[D:\wamp64\www\sdb\application\socket\controller\Index.php:34]
[ 2017-06-27T16:16:22+08:00 ][ info ] [ LANG ] D:\wamp64\www\sdb\thinkphp\lang\zh-cn.php
[ info ] [ LOG ] INIT File
[ 2017-06-27T16:16:22+08:00 ][ info ] [ LANG ] D:\wamp64\www\sdb/application/lang\zh-cn.php
[ 2017-06-27T16:16:22+08:00 ][ info ] [ BIND ] 'socket'
[ 2017-06-27T16:16:22+08:00 ][ info ] [ ROUTE ] array (
  'type' => 'module',
  'module' => 
  array (
    0 => 'socket',
    1 => NULL,
    2 => NULL,
  ),
)
[ 2017-06-27T16:16:22+08:00 ][ info ] [ HEADER ] array (
)
[ 2017-06-27T16:16:22+08:00 ][ info ] [ PARAM ] array (
)
[ 2017-06-27T16:16:22+08:00 ][ error ] [4]syntax error, unexpected '' (T_ENCAPSED_AND_WHITESPACE), expecting identifier (T_STRING) or variable (T_VARIABLE) or number (T_NUM_STRING)[D:\wamp64\www\sdb\application\socket\controller\Index.php:34]
[ 2017-06-27T16:16:47+08:00 ][ info ] [ LANG ] D:\wamp64\www\sdb\thinkphp\lang\zh-cn.php
[ info ] [ LOG ] INIT File
[ 2017-06-27T16:16:47+08:00 ][ info ] [ LANG ] D:\wamp64\www\sdb/application/lang\zh-cn.php
[ 2017-06-27T16:16:47+08:00 ][ info ] [ BIND ] 'socket'
[ 2017-06-27T16:16:47+08:00 ][ info ] [ ROUTE ] array (
  'type' => 'module',
  'module' => 
  array (
    0 => 'socket',
    1 => NULL,
    2 => NULL,
  ),
)
[ 2017-06-27T16:16:47+08:00 ][ info ] [ HEADER ] array (
)
[ 2017-06-27T16:16:47+08:00 ][ info ] [ PARAM ] array (
)
[ 2017-06-27T16:16:47+08:00 ][ info ] [ RUN ] app\socket\controller\Index->index[ D:\wamp64\www\sdb\application\socket\controller\Index.php ]
[ 2017-06-27T16:17:16+08:00 ][ info ] [ LANG ] D:\wamp64\www\sdb\thinkphp\lang\zh-cn.php
[ info ] [ LOG ] INIT File
[ 2017-06-27T16:17:16+08:00 ][ info ] [ LANG ] D:\wamp64\www\sdb/application/lang\zh-cn.php
[ 2017-06-27T16:17:16+08:00 ][ info ] [ BIND ] 'socket'
[ 2017-06-27T16:17:16+08:00 ][ info ] [ ROUTE ] array (
  'type' => 'module',
  'module' => 
  array (
    0 => 'socket',
    1 => NULL,
    2 => NULL,
  ),
)
[ 2017-06-27T16:17:16+08:00 ][ info ] [ HEADER ] array (
)
[ 2017-06-27T16:17:16+08:00 ][ info ] [ PARAM ] array (
)
[ 2017-06-27T16:17:16+08:00 ][ info ] [ RUN ] app\socket\controller\Index->index[ D:\wamp64\www\sdb\application\socket\controller\Index.php ]
[ 2017-06-27T16:17:51+08:00 ][ info ] [ LANG ] D:\wamp64\www\sdb\thinkphp\lang\zh-cn.php
[ info ] [ LOG ] INIT File
[ 2017-06-27T16:17:51+08:00 ][ info ] [ LANG ] D:\wamp64\www\sdb/application/lang\zh-cn.php
[ 2017-06-27T16:17:51+08:00 ][ info ] [ BIND ] 'socket'
[ 2017-06-27T16:17:51+08:00 ][ info ] [ ROUTE ] array (
  'type' => 'module',
  'module' => 
  array (
    0 => 'socket',
    1 => NULL,
    2 => NULL,
  ),
)
[ 2017-06-27T16:17:51+08:00 ][ info ] [ HEADER ] array (
)
[ 2017-06-27T16:17:51+08:00 ][ info ] [ PARAM ] array (
)
[ 2017-06-27T16:17:51+08:00 ][ info ] [ RUN ] app\socket\controller\Index->index[ D:\wamp64\www\sdb\application\socket\controller\Index.php ]
[ 2017-06-27T16:21:39+08:00 ][ info ] [ LANG ] D:\wamp64\www\sdb\thinkphp\lang\zh-cn.php
[ info ] [ LOG ] INIT File
[ 2017-06-27T16:21:39+08:00 ][ info ] [ LANG ] D:\wamp64\www\sdb/application/lang\zh-cn.php
[ 2017-06-27T16:21:39+08:00 ][ info ] [ BIND ] 'socket'
[ 2017-06-27T16:21:39+08:00 ][ info ] [ ROUTE ] array (
  'type' => 'module',
  'module' => 
  array (
    0 => 'socket',
    1 => NULL,
    2 => NULL,
  ),
)
[ 2017-06-27T16:21:39+08:00 ][ info ] [ HEADER ] array (
)
[ 2017-06-27T16:21:39+08:00 ][ info ] [ PARAM ] array (
)
[ 2017-06-27T16:21:39+08:00 ][ info ] [ RUN ] app\socket\controller\Index->index[ D:\wamp64\www\sdb\application\socket\controller\Index.php ]
[ 2017-06-27T16:22:20+08:00 ][ info ] [ LANG ] D:\wamp64\www\sdb\thinkphp\lang\zh-cn.php
[ info ] [ LOG ] INIT File
[ 2017-06-27T16:22:20+08:00 ][ info ] [ LANG ] D:\wamp64\www\sdb/application/lang\zh-cn.php
[ 2017-06-27T16:22:20+08:00 ][ info ] [ BIND ] 'socket'
[ 2017-06-27T16:22:20+08:00 ][ info ] [ ROUTE ] array (
  'type' => 'module',
  'module' => 
  array (
    0 => 'socket',
    1 => NULL,
    2 => NULL,
  ),
)
[ 2017-06-27T16:22:20+08:00 ][ info ] [ HEADER ] array (
)
[ 2017-06-27T16:22:20+08:00 ][ info ] [ PARAM ] array (
)
[ 2017-06-27T16:22:20+08:00 ][ info ] [ RUN ] app\socket\controller\Index->index[ D:\wamp64\www\sdb\application\socket\controller\Index.php ]
[ 2017-06-27T16:23:14+08:00 ][ info ] [ LANG ] D:\wamp64\www\sdb\thinkphp\lang\zh-cn.php
[ info ] [ LOG ] INIT File
[ 2017-06-27T16:23:14+08:00 ][ info ] [ LANG ] D:\wamp64\www\sdb/application/lang\zh-cn.php
[ 2017-06-27T16:23:14+08:00 ][ info ] [ BIND ] 'socket'
[ 2017-06-27T16:23:14+08:00 ][ info ] [ ROUTE ] array (
  'type' => 'module',
  'module' => 
  array (
    0 => 'socket',
    1 => NULL,
    2 => NULL,
  ),
)
[ 2017-06-27T16:23:14+08:00 ][ info ] [ HEADER ] array (
)
[ 2017-06-27T16:23:14+08:00 ][ info ] [ PARAM ] array (
)
[ 2017-06-27T16:23:14+08:00 ][ info ] [ RUN ] app\socket\controller\Index->index[ D:\wamp64\www\sdb\application\socket\controller\Index.php ]
[ 2017-06-27T16:26:03+08:00 ][ info ] [ LANG ] D:\wamp64\www\sdb\thinkphp\lang\zh-cn.php
[ info ] [ LOG ] INIT File
[ 2017-06-27T16:26:03+08:00 ][ info ] [ LANG ] D:\wamp64\www\sdb/application/lang\zh-cn.php
[ 2017-06-27T16:26:03+08:00 ][ info ] [ BIND ] 'socket'
[ 2017-06-27T16:26:03+08:00 ][ info ] [ ROUTE ] array (
  'type' => 'module',
  'module' => 
  array (
    0 => 'socket',
    1 => NULL,
    2 => NULL,
  ),
)
[ 2017-06-27T16:26:03+08:00 ][ info ] [ HEADER ] array (
)
[ 2017-06-27T16:26:03+08:00 ][ info ] [ PARAM ] array (
)
[ 2017-06-27T16:26:03+08:00 ][ info ] [ RUN ] app\socket\controller\Index->index[ D:\wamp64\www\sdb\application\socket\controller\Index.php ]
[ 2017-06-27T16:26:23+08:00 ][ info ] [ LANG ] D:\wamp64\www\sdb\thinkphp\lang\zh-cn.php
[ info ] [ LOG ] INIT File
[ 2017-06-27T16:26:23+08:00 ][ info ] [ LANG ] D:\wamp64\www\sdb/application/lang\zh-cn.php
[ 2017-06-27T16:26:23+08:00 ][ info ] [ BIND ] 'socket'
[ 2017-06-27T16:26:23+08:00 ][ info ] [ ROUTE ] array (
  'type' => 'module',
  'module' => 
  array (
    0 => 'socket',
    1 => NULL,
    2 => NULL,
  ),
)
[ 2017-06-27T16:26:23+08:00 ][ info ] [ HEADER ] array (
)
[ 2017-06-27T16:26:23+08:00 ][ info ] [ PARAM ] array (
)
[ 2017-06-27T16:26:23+08:00 ][ info ] [ RUN ] app\socket\controller\Index->index[ D:\wamp64\www\sdb\application\socket\controller\Index.php ]
[ 2017-06-27T16:27:40+08:00 ][ info ] [ LANG ] D:\wamp64\www\sdb\thinkphp\lang\zh-cn.php
[ info ] [ LOG ] INIT File
[ 2017-06-27T16:27:40+08:00 ][ info ] [ LANG ] D:\wamp64\www\sdb/application/lang\zh-cn.php
[ 2017-06-27T16:27:40+08:00 ][ info ] [ BIND ] 'socket'
[ 2017-06-27T16:27:40+08:00 ][ info ] [ ROUTE ] array (
  'type' => 'module',
  'module' => 
  array (
    0 => 'socket',
    1 => NULL,
    2 => NULL,
  ),
)
[ 2017-06-27T16:27:40+08:00 ][ info ] [ HEADER ] array (
)
[ 2017-06-27T16:27:40+08:00 ][ info ] [ PARAM ] array (
)
[ 2017-06-27T16:27:40+08:00 ][ info ] [ RUN ] app\socket\controller\Index->index[ D:\wamp64\www\sdb\application\socket\controller\Index.php ]
[ 2017-06-27T16:32:07+08:00 ][ info ] [ LANG ] D:\wamp64\www\sdb\thinkphp\lang\zh-cn.php
[ info ] [ LOG ] INIT File
[ 2017-06-27T16:32:07+08:00 ][ info ] [ LANG ] D:\wamp64\www\sdb/application/lang\zh-cn.php
[ 2017-06-27T16:32:07+08:00 ][ info ] [ BIND ] 'socket'
[ 2017-06-27T16:32:07+08:00 ][ info ] [ ROUTE ] array (
  'type' => 'module',
  'module' => 
  array (
    0 => 'socket',
    1 => NULL,
    2 => NULL,
  ),
)
[ 2017-06-27T16:32:07+08:00 ][ info ] [ HEADER ] array (
)
[ 2017-06-27T16:32:07+08:00 ][ info ] [ PARAM ] array (
)
[ 2017-06-27T16:32:07+08:00 ][ info ] [ RUN ] app\socket\controller\Index->index[ D:\wamp64\www\sdb\application\socket\controller\Index.php ]
[ 2017-06-27T16:32:46+08:00 ][ info ] [ LANG ] D:\wamp64\www\sdb\thinkphp\lang\zh-cn.php
[ info ] [ LOG ] INIT File
[ 2017-06-27T16:32:46+08:00 ][ info ] [ LANG ] D:\wamp64\www\sdb/application/lang\zh-cn.php
[ 2017-06-27T16:32:46+08:00 ][ info ] [ BIND ] 'socket'
[ 2017-06-27T16:32:46+08:00 ][ info ] [ ROUTE ] array (
  'type' => 'module',
  'module' => 
  array (
    0 => 'socket',
    1 => NULL,
    2 => NULL,
  ),
)
[ 2017-06-27T16:32:46+08:00 ][ info ] [ HEADER ] array (
)
[ 2017-06-27T16:32:46+08:00 ][ info ] [ PARAM ] array (
)
[ 2017-06-27T16:32:46+08:00 ][ info ] [ RUN ] app\socket\controller\Index->index[ D:\wamp64\www\sdb\application\socket\controller\Index.php ]
[ 2017-06-27T16:33:03+08:00 ][ info ] [ LANG ] D:\wamp64\www\sdb\thinkphp\lang\zh-cn.php
[ info ] [ LOG ] INIT File
[ 2017-06-27T16:33:03+08:00 ][ info ] [ LANG ] D:\wamp64\www\sdb/application/lang\zh-cn.php
[ 2017-06-27T16:33:03+08:00 ][ info ] [ BIND ] 'socket'
[ 2017-06-27T16:33:03+08:00 ][ info ] [ ROUTE ] array (
  'type' => 'module',
  'module' => 
  array (
    0 => 'socket',
    1 => NULL,
    2 => NULL,
  ),
)
[ 2017-06-27T16:33:03+08:00 ][ info ] [ HEADER ] array (
)
[ 2017-06-27T16:33:03+08:00 ][ info ] [ PARAM ] array (
)
[ 2017-06-27T16:33:03+08:00 ][ info ] [ RUN ] app\socket\controller\Index->index[ D:\wamp64\www\sdb\application\socket\controller\Index.php ]
[ 2017-06-27T16:33:17+08:00 ][ info ] [ LANG ] D:\wamp64\www\sdb\thinkphp\lang\zh-cn.php
[ info ] [ LOG ] INIT File
[ 2017-06-27T16:33:17+08:00 ][ info ] [ LANG ] D:\wamp64\www\sdb/application/lang\zh-cn.php
[ 2017-06-27T16:33:17+08:00 ][ info ] [ BIND ] 'socket'
[ 2017-06-27T16:33:17+08:00 ][ info ] [ ROUTE ] array (
  'type' => 'module',
  'module' => 
  array (
    0 => 'socket',
    1 => NULL,
    2 => NULL,
  ),
)
[ 2017-06-27T16:33:17+08:00 ][ info ] [ HEADER ] array (
)
[ 2017-06-27T16:33:17+08:00 ][ info ] [ PARAM ] array (
)
[ 2017-06-27T16:33:17+08:00 ][ info ] [ RUN ] app\socket\controller\Index->index[ D:\wamp64\www\sdb\application\socket\controller\Index.php ]
[ 2017-06-27T16:37:24+08:00 ][ info ] [ LANG ] D:\wamp64\www\sdb\thinkphp\lang\zh-cn.php
[ info ] [ LOG ] INIT File
[ 2017-06-27T16:37:24+08:00 ][ info ] [ LANG ] D:\wamp64\www\sdb/application/lang\zh-cn.php
[ 2017-06-27T16:37:24+08:00 ][ info ] [ BIND ] 'socket'
[ 2017-06-27T16:37:24+08:00 ][ info ] [ ROUTE ] array (
  'type' => 'module',
  'module' => 
  array (
    0 => 'socket',
    1 => NULL,
    2 => NULL,
  ),
)
[ 2017-06-27T16:37:24+08:00 ][ info ] [ HEADER ] array (
)
[ 2017-06-27T16:37:24+08:00 ][ info ] [ PARAM ] array (
)
[ 2017-06-27T16:37:24+08:00 ][ info ] [ RUN ] app\socket\controller\Index->index[ D:\wamp64\www\sdb\application\socket\controller\Index.php ]
[ 2017-06-27T16:39:34+08:00 ][ info ] [ LANG ] D:\wamp64\www\sdb\thinkphp\lang\zh-cn.php
[ info ] [ LOG ] INIT File
[ 2017-06-27T16:39:34+08:00 ][ info ] [ LANG ] D:\wamp64\www\sdb/application/lang\zh-cn.php
[ 2017-06-27T16:39:34+08:00 ][ info ] [ BIND ] 'socket'
[ 2017-06-27T16:39:34+08:00 ][ info ] [ ROUTE ] array (
  'type' => 'module',
  'module' => 
  array (
    0 => 'socket',
    1 => NULL,
    2 => NULL,
  ),
)
[ 2017-06-27T16:39:34+08:00 ][ info ] [ HEADER ] array (
)
[ 2017-06-27T16:39:34+08:00 ][ info ] [ PARAM ] array (
)
[ 2017-06-27T16:39:34+08:00 ][ info ] [ RUN ] app\socket\controller\Index->index[ D:\wamp64\www\sdb\application\socket\controller\Index.php ]
[ 2017-06-27T16:40:05+08:00 ][ info ] [ LANG ] D:\wamp64\www\sdb\thinkphp\lang\zh-cn.php
[ info ] [ LOG ] INIT File
[ 2017-06-27T16:40:05+08:00 ][ info ] [ LANG ] D:\wamp64\www\sdb/application/lang\zh-cn.php
[ 2017-06-27T16:40:05+08:00 ][ info ] [ BIND ] 'socket'
[ 2017-06-27T16:40:05+08:00 ][ info ] [ ROUTE ] array (
  'type' => 'module',
  'module' => 
  array (
    0 => 'socket',
    1 => NULL,
    2 => NULL,
  ),
)
[ 2017-06-27T16:40:05+08:00 ][ info ] [ HEADER ] array (
)
[ 2017-06-27T16:40:05+08:00 ][ info ] [ PARAM ] array (
)
[ 2017-06-27T16:40:05+08:00 ][ info ] [ RUN ] app\socket\controller\Index->index[ D:\wamp64\www\sdb\application\socket\controller\Index.php ]
[ 2017-06-27T16:45:49+08:00 ][ info ] [ LANG ] D:\wamp64\www\sdb\thinkphp\lang\zh-cn.php
[ info ] [ LOG ] INIT File
[ 2017-06-27T16:45:49+08:00 ][ info ] [ LANG ] D:\wamp64\www\sdb/application/lang\zh-cn.php
[ 2017-06-27T16:45:49+08:00 ][ info ] [ BIND ] 'socket'
[ 2017-06-27T16:45:49+08:00 ][ info ] [ ROUTE ] array (
  'type' => 'module',
  'module' => 
  array (
    0 => 'socket',
    1 => NULL,
    2 => NULL,
  ),
)
[ 2017-06-27T16:45:49+08:00 ][ info ] [ HEADER ] array (
)
[ 2017-06-27T16:45:49+08:00 ][ info ] [ PARAM ] array (
)
[ 2017-06-27T16:45:49+08:00 ][ info ] [ RUN ] app\socket\controller\Index->index[ D:\wamp64\www\sdb\application\socket\controller\Index.php ]
[ 2017-06-27T16:46:37+08:00 ][ info ] [ LANG ] D:\wamp64\www\sdb\thinkphp\lang\zh-cn.php
[ info ] [ LOG ] INIT File
[ 2017-06-27T16:46:37+08:00 ][ info ] [ LANG ] D:\wamp64\www\sdb/application/lang\zh-cn.php
[ 2017-06-27T16:46:37+08:00 ][ info ] [ BIND ] 'socket'
[ 2017-06-27T16:46:37+08:00 ][ info ] [ ROUTE ] array (
  'type' => 'module',
  'module' => 
  array (
    0 => 'socket',
    1 => NULL,
    2 => NULL,
  ),
)
[ 2017-06-27T16:46:37+08:00 ][ info ] [ HEADER ] array (
)
[ 2017-06-27T16:46:37+08:00 ][ info ] [ PARAM ] array (
)
[ 2017-06-27T16:46:37+08:00 ][ info ] [ RUN ] app\socket\controller\Index->index[ D:\wamp64\www\sdb\application\socket\controller\Index.php ]
[ 2017-06-27T16:47:20+08:00 ][ info ] [ LANG ] D:\wamp64\www\sdb\thinkphp\lang\zh-cn.php
[ info ] [ LOG ] INIT File
[ 2017-06-27T16:47:20+08:00 ][ info ] [ LANG ] D:\wamp64\www\sdb/application/lang\zh-cn.php
[ 2017-06-27T16:47:20+08:00 ][ info ] [ BIND ] 'socket'
[ 2017-06-27T16:47:20+08:00 ][ info ] [ ROUTE ] array (
  'type' => 'module',
  'module' => 
  array (
    0 => 'socket',
    1 => NULL,
    2 => NULL,
  ),
)
[ 2017-06-27T16:47:20+08:00 ][ info ] [ HEADER ] array (
)
[ 2017-06-27T16:47:20+08:00 ][ info ] [ PARAM ] array (
)
[ 2017-06-27T16:47:20+08:00 ][ info ] [ RUN ] app\socket\controller\Index->index[ D:\wamp64\www\sdb\application\socket\controller\Index.php ]
[ 2017-06-27T16:50:47+08:00 ][ info ] [ LANG ] D:\wamp64\www\sdb\thinkphp\lang\zh-cn.php
[ info ] [ LOG ] INIT File
[ 2017-06-27T16:50:47+08:00 ][ info ] [ LANG ] D:\wamp64\www\sdb/application/lang\zh-cn.php
[ 2017-06-27T16:50:47+08:00 ][ info ] [ BIND ] 'socket'
[ 2017-06-27T16:50:47+08:00 ][ info ] [ ROUTE ] array (
  'type' => 'module',
  'module' => 
  array (
    0 => 'socket',
    1 => NULL,
    2 => NULL,
  ),
)
[ 2017-06-27T16:50:47+08:00 ][ info ] [ HEADER ] array (
)
[ 2017-06-27T16:50:47+08:00 ][ info ] [ PARAM ] array (
)
[ 2017-06-27T16:50:47+08:00 ][ info ] [ RUN ] app\socket\controller\Index->index[ D:\wamp64\www\sdb\application\socket\controller\Index.php ]
[ 2017-06-27T16:52:10+08:00 ][ info ] [ LANG ] D:\wamp64\www\sdb\thinkphp\lang\zh-cn.php
[ info ] [ LOG ] INIT File
[ 2017-06-27T16:52:10+08:00 ][ info ] [ LANG ] D:\wamp64\www\sdb/application/lang\zh-cn.php
[ 2017-06-27T16:52:10+08:00 ][ info ] [ BIND ] 'socket'
[ 2017-06-27T16:52:10+08:00 ][ info ] [ ROUTE ] array (
  'type' => 'module',
  'module' => 
  array (
    0 => 'socket',
    1 => NULL,
    2 => NULL,
  ),
)
[ 2017-06-27T16:52:10+08:00 ][ info ] [ HEADER ] array (
)
[ 2017-06-27T16:52:10+08:00 ][ info ] [ PARAM ] array (
)
[ 2017-06-27T16:52:10+08:00 ][ info ] [ RUN ] app\socket\controller\Index->index[ D:\wamp64\www\sdb\application\socket\controller\Index.php ]
[ 2017-06-27T16:52:14+08:00 ][ info ] [ DB ] INIT mysql
