---------------------------------------------------------------
[ 2017-06-28T08:09:36+08:00 ] 127.0.0.1 127.0.0.1 GET /
[ info ] www.sdb.com/ [运行时间：0.473501s][吞吐率：2.11req/s] [内存消耗：3,747.13kb] [文件加载：57]
[ info ] [ LANG ] D:\wamp64\www\sdb\thinkphp\lang\zh-cn.php
[ info ] [ LANG ] D:\wamp64\www\sdb/application/lang\zh-cn.php
[ info ] [ BIND ] 'index'
[ info ] [ ROUTE ] array (
  'type' => 'module',
  'module' => 
  array (
    0 => 'index',
    1 => NULL,
    2 => NULL,
  ),
)
[ info ] [ HEADER ] array (
  'host' => 'www.sdb.com',
  'connection' => 'keep-alive',
  'cache-control' => 'max-age=0',
  'upgrade-insecure-requests' => '1',
  'user-agent' => 'Mozilla/5.0 (Windows NT 6.1; WOW64) AppleWebKit/537.36 (KHTML, like Gecko) Chrome/53.0.2785.104 Safari/537.36 Core/1.53.2759.400 QQBrowser/9.6.11266.400',
  'accept' => 'text/html,application/xhtml+xml,application/xml;q=0.9,image/webp,*/*;q=0.8',
  'accept-encoding' => 'gzip, deflate, sdch',
  'accept-language' => 'zh-CN,zh;q=0.8',
  'cookie' => '_ga=GA1.2.1210683529.1498176484',
)
[ info ] [ PARAM ] array (
)
[ info ] [ DB ] INIT mysql
[ info ] [ RUN ] app\index\controller\Index->index[ D:\wamp64\www\sdb\application\index\controller\Index.php ]
[ info ] [ VIEW ] D:\wamp64\www\sdb/application/index\view\index\index.html [ array (
  0 => 'cinfo',
  1 => 'data',
) ]
[ info ] [ LOG ] INIT File
---------------------------------------------------------------
[ 2017-06-28T08:09:39+08:00 ] 127.0.0.1 127.0.0.1 GET /account/index.html
[ info ] www.sdb.com/account/index.html [运行时间：0.069801s][吞吐率：14.33req/s] [内存消耗：3,378.35kb] [文件加载：55]
[ info ] [ LANG ] D:\wamp64\www\sdb\thinkphp\lang\zh-cn.php
[ info ] [ LANG ] D:\wamp64\www\sdb/application/lang\zh-cn.php
[ info ] [ BIND ] 'index'
[ info ] [ ROUTE ] array (
  'type' => 'module',
  'module' => 
  array (
    0 => 'index',
    1 => 'account',
    2 => 'index',
  ),
)
[ info ] [ HEADER ] array (
  'host' => 'www.sdb.com',
  'connection' => 'keep-alive',
  'upgrade-insecure-requests' => '1',
  'user-agent' => 'Mozilla/5.0 (Windows NT 6.1; WOW64) AppleWebKit/537.36 (KHTML, like Gecko) Chrome/53.0.2785.104 Safari/537.36 Core/1.53.2759.400 QQBrowser/9.6.11266.400',
  'accept' => 'text/html,application/xhtml+xml,application/xml;q=0.9,image/webp,*/*;q=0.8',
  'referer' => 'http://www.sdb.com/',
  'accept-encoding' => 'gzip, deflate, sdch',
  'accept-language' => 'zh-CN,zh;q=0.8',
  'cookie' => '_ga=GA1.2.1210683529.1498176484',
)
[ info ] [ PARAM ] array (
)
[ info ] [ DB ] INIT mysql
[ info ] [ RUN ] app\index\controller\Account->index[ D:\wamp64\www\sdb\application\index\controller\Account.php ]
[ info ] [ VIEW ] D:\wamp64\www\sdb/application/index\view\account\index.html [ array (
  0 => 'cinfo',
) ]
[ info ] [ LOG ] INIT File
---------------------------------------------------------------
[ 2017-06-28T08:09:40+08:00 ] 127.0.0.1 127.0.0.1 GET /market/index.html
[ info ] www.sdb.com/market/index.html [运行时间：0.066003s][吞吐率：15.15req/s] [内存消耗：3,378.34kb] [文件加载：55]
[ info ] [ LANG ] D:\wamp64\www\sdb\thinkphp\lang\zh-cn.php
[ info ] [ LANG ] D:\wamp64\www\sdb/application/lang\zh-cn.php
[ info ] [ BIND ] 'index'
[ info ] [ ROUTE ] array (
  'type' => 'module',
  'module' => 
  array (
    0 => 'index',
    1 => 'market',
    2 => 'index',
  ),
)
[ info ] [ HEADER ] array (
  'host' => 'www.sdb.com',
  'connection' => 'keep-alive',
  'upgrade-insecure-requests' => '1',
  'user-agent' => 'Mozilla/5.0 (Windows NT 6.1; WOW64) AppleWebKit/537.36 (KHTML, like Gecko) Chrome/53.0.2785.104 Safari/537.36 Core/1.53.2759.400 QQBrowser/9.6.11266.400',
  'accept' => 'text/html,application/xhtml+xml,application/xml;q=0.9,image/webp,*/*;q=0.8',
  'referer' => 'http://www.sdb.com/account/index.html',
  'accept-encoding' => 'gzip, deflate, sdch',
  'accept-language' => 'zh-CN,zh;q=0.8',
  'cookie' => '_ga=GA1.2.1210683529.1498176484',
)
[ info ] [ PARAM ] array (
)
[ info ] [ DB ] INIT mysql
[ info ] [ RUN ] app\index\controller\Market->index[ D:\wamp64\www\sdb\application\index\controller\Market.php ]
[ info ] [ VIEW ] D:\wamp64\www\sdb/application/index\view\market\index.html [ array (
  0 => 'cinfo',
) ]
[ info ] [ LOG ] INIT File
---------------------------------------------------------------
[ 2017-06-28T08:10:19+08:00 ] 127.0.0.1 127.0.0.1 GET /market/index.html
[ info ] www.sdb.com/market/index.html [运行时间：0.042201s][吞吐率：23.70req/s] [内存消耗：3,378.41kb] [文件加载：55]
[ info ] [ LANG ] D:\wamp64\www\sdb\thinkphp\lang\zh-cn.php
[ info ] [ LANG ] D:\wamp64\www\sdb/application/lang\zh-cn.php
[ info ] [ BIND ] 'index'
[ info ] [ ROUTE ] array (
  'type' => 'module',
  'module' => 
  array (
    0 => 'index',
    1 => 'market',
    2 => 'index',
  ),
)
[ info ] [ HEADER ] array (
  'host' => 'www.sdb.com',
  'connection' => 'keep-alive',
  'cache-control' => 'max-age=0',
  'upgrade-insecure-requests' => '1',
  'user-agent' => 'Mozilla/5.0 (Windows NT 6.1; WOW64) AppleWebKit/537.36 (KHTML, like Gecko) Chrome/53.0.2785.104 Safari/537.36 Core/1.53.2759.400 QQBrowser/9.6.11266.400',
  'accept' => 'text/html,application/xhtml+xml,application/xml;q=0.9,image/webp,*/*;q=0.8',
  'referer' => 'http://www.sdb.com/account/index.html',
  'accept-encoding' => 'gzip, deflate, sdch',
  'accept-language' => 'zh-CN,zh;q=0.8',
  'cookie' => '_ga=GA1.2.1210683529.1498176484',
)
[ info ] [ PARAM ] array (
)
[ info ] [ DB ] INIT mysql
[ info ] [ RUN ] app\index\controller\Market->index[ D:\wamp64\www\sdb\application\index\controller\Market.php ]
[ info ] [ VIEW ] D:\wamp64\www\sdb/application/index\view\market\index.html [ array (
  0 => 'cinfo',
) ]
[ info ] [ LOG ] INIT File
---------------------------------------------------------------
[ 2017-06-28T08:11:07+08:00 ] 127.0.0.1 127.0.0.1 GET /market/index.html
[ info ] www.sdb.com/market/index.html [运行时间：0.062400s][吞吐率：16.03req/s] [内存消耗：3,378.41kb] [文件加载：55]
[ info ] [ LANG ] D:\wamp64\www\sdb\thinkphp\lang\zh-cn.php
[ info ] [ LANG ] D:\wamp64\www\sdb/application/lang\zh-cn.php
[ info ] [ BIND ] 'index'
[ info ] [ ROUTE ] array (
  'type' => 'module',
  'module' => 
  array (
    0 => 'index',
    1 => 'market',
    2 => 'index',
  ),
)
[ info ] [ HEADER ] array (
  'host' => 'www.sdb.com',
  'connection' => 'keep-alive',
  'cache-control' => 'max-age=0',
  'upgrade-insecure-requests' => '1',
  'user-agent' => 'Mozilla/5.0 (Windows NT 6.1; WOW64) AppleWebKit/537.36 (KHTML, like Gecko) Chrome/53.0.2785.104 Safari/537.36 Core/1.53.2759.400 QQBrowser/9.6.11266.400',
  'accept' => 'text/html,application/xhtml+xml,application/xml;q=0.9,image/webp,*/*;q=0.8',
  'referer' => 'http://www.sdb.com/account/index.html',
  'accept-encoding' => 'gzip, deflate, sdch',
  'accept-language' => 'zh-CN,zh;q=0.8',
  'cookie' => '_ga=GA1.2.1210683529.1498176484',
)
[ info ] [ PARAM ] array (
)
[ info ] [ DB ] INIT mysql
[ info ] [ RUN ] app\index\controller\Market->index[ D:\wamp64\www\sdb\application\index\controller\Market.php ]
[ info ] [ VIEW ] D:\wamp64\www\sdb/application/index\view\market\index.html [ array (
  0 => 'cinfo',
) ]
[ info ] [ LOG ] INIT File
---------------------------------------------------------------
[ 2017-06-28T08:15:10+08:00 ] 127.0.0.1 127.0.0.1 GET /market/index.html
[ info ] www.sdb.com/market/index.html [运行时间：0.041002s][吞吐率：24.39req/s] [内存消耗：3,378.61kb] [文件加载：55]
[ info ] [ LANG ] D:\wamp64\www\sdb\thinkphp\lang\zh-cn.php
[ info ] [ LANG ] D:\wamp64\www\sdb/application/lang\zh-cn.php
[ info ] [ BIND ] 'index'
[ info ] [ ROUTE ] array (
  'type' => 'module',
  'module' => 
  array (
    0 => 'index',
    1 => 'market',
    2 => 'index',
  ),
)
[ info ] [ HEADER ] array (
  'host' => 'www.sdb.com',
  'connection' => 'keep-alive',
  'pragma' => 'no-cache',
  'cache-control' => 'no-cache',
  'upgrade-insecure-requests' => '1',
  'user-agent' => 'Mozilla/5.0 (Windows NT 6.1; WOW64) AppleWebKit/537.36 (KHTML, like Gecko) Chrome/53.0.2785.104 Safari/537.36 Core/1.53.2759.400 QQBrowser/9.6.11266.400',
  'accept' => 'text/html,application/xhtml+xml,application/xml;q=0.9,image/webp,*/*;q=0.8',
  'referer' => 'http://www.sdb.com/account/index.html',
  'accept-encoding' => 'gzip, deflate, sdch',
  'accept-language' => 'zh-CN,zh;q=0.8',
  'cookie' => '_ga=GA1.2.1210683529.1498176484',
)
[ info ] [ PARAM ] array (
)
[ info ] [ DB ] INIT mysql
[ info ] [ RUN ] app\index\controller\Market->index[ D:\wamp64\www\sdb\application\index\controller\Market.php ]
[ info ] [ VIEW ] D:\wamp64\www\sdb/application/index\view\market\index.html [ array (
  0 => 'cinfo',
) ]
[ info ] [ LOG ] INIT File
---------------------------------------------------------------
[ 2017-06-28T08:15:53+08:00 ] 127.0.0.1 127.0.0.1 GET /market/index.html
[ info ] www.sdb.com/market/index.html [运行时间：0.095600s][吞吐率：10.46req/s] [内存消耗：3,378.41kb] [文件加载：55]
[ info ] [ LANG ] D:\wamp64\www\sdb\thinkphp\lang\zh-cn.php
[ info ] [ LANG ] D:\wamp64\www\sdb/application/lang\zh-cn.php
[ info ] [ BIND ] 'index'
[ info ] [ ROUTE ] array (
  'type' => 'module',
  'module' => 
  array (
    0 => 'index',
    1 => 'market',
    2 => 'index',
  ),
)
[ info ] [ HEADER ] array (
  'host' => 'www.sdb.com',
  'connection' => 'keep-alive',
  'cache-control' => 'max-age=0',
  'upgrade-insecure-requests' => '1',
  'user-agent' => 'Mozilla/5.0 (Windows NT 6.1; WOW64) AppleWebKit/537.36 (KHTML, like Gecko) Chrome/53.0.2785.104 Safari/537.36 Core/1.53.2759.400 QQBrowser/9.6.11266.400',
  'accept' => 'text/html,application/xhtml+xml,application/xml;q=0.9,image/webp,*/*;q=0.8',
  'referer' => 'http://www.sdb.com/account/index.html',
  'accept-encoding' => 'gzip, deflate, sdch',
  'accept-language' => 'zh-CN,zh;q=0.8',
  'cookie' => '_ga=GA1.2.1210683529.1498176484',
)
[ info ] [ PARAM ] array (
)
[ info ] [ DB ] INIT mysql
[ info ] [ RUN ] app\index\controller\Market->index[ D:\wamp64\www\sdb\application\index\controller\Market.php ]
[ info ] [ VIEW ] D:\wamp64\www\sdb/application/index\view\market\index.html [ array (
  0 => 'cinfo',
) ]
[ info ] [ LOG ] INIT File
---------------------------------------------------------------
[ 2017-06-28T08:16:20+08:00 ] 127.0.0.1 127.0.0.1 GET /index/index.html
[ info ] www.sdb.com/index/index.html [运行时间：0.104605s][吞吐率：9.56req/s] [内存消耗：3,927.36kb] [文件加载：59]
[ info ] [ LANG ] D:\wamp64\www\sdb\thinkphp\lang\zh-cn.php
[ info ] [ LANG ] D:\wamp64\www\sdb/application/lang\zh-cn.php
[ info ] [ BIND ] 'index'
[ info ] [ ROUTE ] array (
  'type' => 'module',
  'module' => 
  array (
    0 => 'index',
    1 => 'index',
    2 => 'index',
  ),
)
[ info ] [ HEADER ] array (
  'host' => 'www.sdb.com',
  'connection' => 'keep-alive',
  'upgrade-insecure-requests' => '1',
  'user-agent' => 'Mozilla/5.0 (Windows NT 6.1; WOW64) AppleWebKit/537.36 (KHTML, like Gecko) Chrome/53.0.2785.104 Safari/537.36 Core/1.53.2759.400 QQBrowser/9.6.11266.400',
  'accept' => 'text/html,application/xhtml+xml,application/xml;q=0.9,image/webp,*/*;q=0.8',
  'referer' => 'http://www.sdb.com/market/index.html',
  'accept-encoding' => 'gzip, deflate, sdch',
  'accept-language' => 'zh-CN,zh;q=0.8',
  'cookie' => '_ga=GA1.2.1210683529.1498176484',
)
[ info ] [ PARAM ] array (
)
[ info ] [ DB ] INIT mysql
[ info ] [ RUN ] app\index\controller\Index->index[ D:\wamp64\www\sdb\application\index\controller\Index.php ]
[ info ] [ VIEW ] D:\wamp64\www\sdb/application/index\view\index\index.html [ array (
  0 => 'cinfo',
  1 => 'data',
) ]
[ info ] [ LOG ] INIT File
---------------------------------------------------------------
[ 2017-06-28T08:16:51+08:00 ] 127.0.0.1 127.0.0.1 GET /index/index.html
[ info ] www.sdb.com/index/index.html [运行时间：0.079000s][吞吐率：12.66req/s] [内存消耗：3,749.88kb] [文件加载：57]
[ info ] [ LANG ] D:\wamp64\www\sdb\thinkphp\lang\zh-cn.php
[ info ] [ LANG ] D:\wamp64\www\sdb/application/lang\zh-cn.php
[ info ] [ BIND ] 'index'
[ info ] [ ROUTE ] array (
  'type' => 'module',
  'module' => 
  array (
    0 => 'index',
    1 => 'index',
    2 => 'index',
  ),
)
[ info ] [ HEADER ] array (
  'host' => 'www.sdb.com',
  'connection' => 'keep-alive',
  'cache-control' => 'max-age=0',
  'upgrade-insecure-requests' => '1',
  'user-agent' => 'Mozilla/5.0 (Windows NT 6.1; WOW64) AppleWebKit/537.36 (KHTML, like Gecko) Chrome/53.0.2785.104 Safari/537.36 Core/1.53.2759.400 QQBrowser/9.6.11266.400',
  'accept' => 'text/html,application/xhtml+xml,application/xml;q=0.9,image/webp,*/*;q=0.8',
  'referer' => 'http://www.sdb.com/market/index.html',
  'accept-encoding' => 'gzip, deflate, sdch',
  'accept-language' => 'zh-CN,zh;q=0.8',
  'cookie' => '_ga=GA1.2.1210683529.1498176484',
)
[ info ] [ PARAM ] array (
)
[ info ] [ DB ] INIT mysql
[ info ] [ RUN ] app\index\controller\Index->index[ D:\wamp64\www\sdb\application\index\controller\Index.php ]
[ info ] [ VIEW ] D:\wamp64\www\sdb/application/index\view\index\index.html [ array (
  0 => 'cinfo',
  1 => 'data',
) ]
[ info ] [ LOG ] INIT File
---------------------------------------------------------------
[ 2017-06-28T08:16:56+08:00 ] 127.0.0.1 127.0.0.1 GET /market/index.html
[ info ] www.sdb.com/market/index.html [运行时间：0.035002s][吞吐率：28.57req/s] [内存消耗：3,378.34kb] [文件加载：55]
[ info ] [ LANG ] D:\wamp64\www\sdb\thinkphp\lang\zh-cn.php
[ info ] [ LANG ] D:\wamp64\www\sdb/application/lang\zh-cn.php
[ info ] [ BIND ] 'index'
[ info ] [ ROUTE ] array (
  'type' => 'module',
  'module' => 
  array (
    0 => 'index',
    1 => 'market',
    2 => 'index',
  ),
)
[ info ] [ HEADER ] array (
  'host' => 'www.sdb.com',
  'connection' => 'keep-alive',
  'upgrade-insecure-requests' => '1',
  'user-agent' => 'Mozilla/5.0 (Windows NT 6.1; WOW64) AppleWebKit/537.36 (KHTML, like Gecko) Chrome/53.0.2785.104 Safari/537.36 Core/1.53.2759.400 QQBrowser/9.6.11266.400',
  'accept' => 'text/html,application/xhtml+xml,application/xml;q=0.9,image/webp,*/*;q=0.8',
  'referer' => 'http://www.sdb.com/index/index.html',
  'accept-encoding' => 'gzip, deflate, sdch',
  'accept-language' => 'zh-CN,zh;q=0.8',
  'cookie' => '_ga=GA1.2.1210683529.1498176484',
)
[ info ] [ PARAM ] array (
)
[ info ] [ DB ] INIT mysql
[ info ] [ RUN ] app\index\controller\Market->index[ D:\wamp64\www\sdb\application\index\controller\Market.php ]
[ info ] [ VIEW ] D:\wamp64\www\sdb/application/index\view\market\index.html [ array (
  0 => 'cinfo',
) ]
[ info ] [ LOG ] INIT File
---------------------------------------------------------------
[ 2017-06-28T08:17:03+08:00 ] 127.0.0.1 127.0.0.1 GET /market/index.html
[ info ] www.sdb.com/market/index.html [运行时间：0.078000s][吞吐率：12.82req/s] [内存消耗：3,378.41kb] [文件加载：55]
[ info ] [ LANG ] D:\wamp64\www\sdb\thinkphp\lang\zh-cn.php
[ info ] [ LANG ] D:\wamp64\www\sdb/application/lang\zh-cn.php
[ info ] [ BIND ] 'index'
[ info ] [ ROUTE ] array (
  'type' => 'module',
  'module' => 
  array (
    0 => 'index',
    1 => 'market',
    2 => 'index',
  ),
)
[ info ] [ HEADER ] array (
  'host' => 'www.sdb.com',
  'connection' => 'keep-alive',
  'cache-control' => 'max-age=0',
  'upgrade-insecure-requests' => '1',
  'user-agent' => 'Mozilla/5.0 (Windows NT 6.1; WOW64) AppleWebKit/537.36 (KHTML, like Gecko) Chrome/53.0.2785.104 Safari/537.36 Core/1.53.2759.400 QQBrowser/9.6.11266.400',
  'accept' => 'text/html,application/xhtml+xml,application/xml;q=0.9,image/webp,*/*;q=0.8',
  'referer' => 'http://www.sdb.com/index/index.html',
  'accept-encoding' => 'gzip, deflate, sdch',
  'accept-language' => 'zh-CN,zh;q=0.8',
  'cookie' => '_ga=GA1.2.1210683529.1498176484',
)
[ info ] [ PARAM ] array (
)
[ info ] [ DB ] INIT mysql
[ info ] [ RUN ] app\index\controller\Market->index[ D:\wamp64\www\sdb\application\index\controller\Market.php ]
[ info ] [ VIEW ] D:\wamp64\www\sdb/application/index\view\market\index.html [ array (
  0 => 'cinfo',
) ]
[ info ] [ LOG ] INIT File
---------------------------------------------------------------
[ 2017-06-28T08:17:14+08:00 ] 127.0.0.1 127.0.0.1 GET /market/index.html
[ info ] www.sdb.com/market/index.html [运行时间：0.064401s][吞吐率：15.53req/s] [内存消耗：3,378.61kb] [文件加载：55]
[ info ] [ LANG ] D:\wamp64\www\sdb\thinkphp\lang\zh-cn.php
[ info ] [ LANG ] D:\wamp64\www\sdb/application/lang\zh-cn.php
[ info ] [ BIND ] 'index'
[ info ] [ ROUTE ] array (
  'type' => 'module',
  'module' => 
  array (
    0 => 'index',
    1 => 'market',
    2 => 'index',
  ),
)
[ info ] [ HEADER ] array (
  'host' => 'www.sdb.com',
  'connection' => 'keep-alive',
  'pragma' => 'no-cache',
  'cache-control' => 'no-cache',
  'upgrade-insecure-requests' => '1',
  'user-agent' => 'Mozilla/5.0 (Windows NT 6.1; WOW64) AppleWebKit/537.36 (KHTML, like Gecko) Chrome/53.0.2785.104 Safari/537.36 Core/1.53.2759.400 QQBrowser/9.6.11266.400',
  'accept' => 'text/html,application/xhtml+xml,application/xml;q=0.9,image/webp,*/*;q=0.8',
  'referer' => 'http://www.sdb.com/index/index.html',
  'accept-encoding' => 'gzip, deflate, sdch',
  'accept-language' => 'zh-CN,zh;q=0.8',
  'cookie' => '_ga=GA1.2.1210683529.1498176484',
)
[ info ] [ PARAM ] array (
)
[ info ] [ DB ] INIT mysql
[ info ] [ RUN ] app\index\controller\Market->index[ D:\wamp64\www\sdb\application\index\controller\Market.php ]
[ info ] [ VIEW ] D:\wamp64\www\sdb/application/index\view\market\index.html [ array (
  0 => 'cinfo',
) ]
[ info ] [ LOG ] INIT File
---------------------------------------------------------------
[ 2017-06-28T08:18:12+08:00 ] 127.0.0.1 127.0.0.1 GET /market/index.html
[ info ] www.sdb.com/market/index.html [运行时间：0.063400s][吞吐率：15.77req/s] [内存消耗：3,378.41kb] [文件加载：55]
[ info ] [ LANG ] D:\wamp64\www\sdb\thinkphp\lang\zh-cn.php
[ info ] [ LANG ] D:\wamp64\www\sdb/application/lang\zh-cn.php
[ info ] [ BIND ] 'index'
[ info ] [ ROUTE ] array (
  'type' => 'module',
  'module' => 
  array (
    0 => 'index',
    1 => 'market',
    2 => 'index',
  ),
)
[ info ] [ HEADER ] array (
  'host' => 'www.sdb.com',
  'connection' => 'keep-alive',
  'cache-control' => 'max-age=0',
  'upgrade-insecure-requests' => '1',
  'user-agent' => 'Mozilla/5.0 (Windows NT 6.1; WOW64) AppleWebKit/537.36 (KHTML, like Gecko) Chrome/53.0.2785.104 Safari/537.36 Core/1.53.2759.400 QQBrowser/9.6.11266.400',
  'accept' => 'text/html,application/xhtml+xml,application/xml;q=0.9,image/webp,*/*;q=0.8',
  'referer' => 'http://www.sdb.com/index/index.html',
  'accept-encoding' => 'gzip, deflate, sdch',
  'accept-language' => 'zh-CN,zh;q=0.8',
  'cookie' => '_ga=GA1.2.1210683529.1498176484',
)
[ info ] [ PARAM ] array (
)
[ info ] [ DB ] INIT mysql
[ info ] [ RUN ] app\index\controller\Market->index[ D:\wamp64\www\sdb\application\index\controller\Market.php ]
[ info ] [ VIEW ] D:\wamp64\www\sdb/application/index\view\market\index.html [ array (
  0 => 'cinfo',
) ]
[ info ] [ LOG ] INIT File
---------------------------------------------------------------
[ 2017-06-28T08:18:46+08:00 ] 127.0.0.1 127.0.0.1 GET /market/index.html
[ info ] www.sdb.com/market/index.html [运行时间：0.062202s][吞吐率：16.08req/s] [内存消耗：3,554.52kb] [文件加载：57]
[ info ] [ LANG ] D:\wamp64\www\sdb\thinkphp\lang\zh-cn.php
[ info ] [ LANG ] D:\wamp64\www\sdb/application/lang\zh-cn.php
[ info ] [ BIND ] 'index'
[ info ] [ ROUTE ] array (
  'type' => 'module',
  'module' => 
  array (
    0 => 'index',
    1 => 'market',
    2 => 'index',
  ),
)
[ info ] [ HEADER ] array (
  'host' => 'www.sdb.com',
  'connection' => 'keep-alive',
  'cache-control' => 'max-age=0',
  'upgrade-insecure-requests' => '1',
  'user-agent' => 'Mozilla/5.0 (Windows NT 6.1; WOW64) AppleWebKit/537.36 (KHTML, like Gecko) Chrome/53.0.2785.104 Safari/537.36 Core/1.53.2759.400 QQBrowser/9.6.11266.400',
  'accept' => 'text/html,application/xhtml+xml,application/xml;q=0.9,image/webp,*/*;q=0.8',
  'referer' => 'http://www.sdb.com/index/index.html',
  'accept-encoding' => 'gzip, deflate, sdch',
  'accept-language' => 'zh-CN,zh;q=0.8',
  'cookie' => '_ga=GA1.2.1210683529.1498176484',
)
[ info ] [ PARAM ] array (
)
[ info ] [ DB ] INIT mysql
[ info ] [ RUN ] app\index\controller\Market->index[ D:\wamp64\www\sdb\application\index\controller\Market.php ]
[ info ] [ VIEW ] D:\wamp64\www\sdb/application/index\view\market\index.html [ array (
  0 => 'cinfo',
) ]
[ info ] [ LOG ] INIT File
---------------------------------------------------------------
[ 2017-06-28T08:18:50+08:00 ] 127.0.0.1 127.0.0.1 GET /market/index.html
[ info ] www.sdb.com/market/index.html [运行时间：0.051801s][吞吐率：19.30req/s] [内存消耗：3,378.41kb] [文件加载：55]
[ info ] [ LANG ] D:\wamp64\www\sdb\thinkphp\lang\zh-cn.php
[ info ] [ LANG ] D:\wamp64\www\sdb/application/lang\zh-cn.php
[ info ] [ BIND ] 'index'
[ info ] [ ROUTE ] array (
  'type' => 'module',
  'module' => 
  array (
    0 => 'index',
    1 => 'market',
    2 => 'index',
  ),
)
[ info ] [ HEADER ] array (
  'host' => 'www.sdb.com',
  'connection' => 'keep-alive',
  'cache-control' => 'max-age=0',
  'upgrade-insecure-requests' => '1',
  'user-agent' => 'Mozilla/5.0 (Windows NT 6.1; WOW64) AppleWebKit/537.36 (KHTML, like Gecko) Chrome/53.0.2785.104 Safari/537.36 Core/1.53.2759.400 QQBrowser/9.6.11266.400',
  'accept' => 'text/html,application/xhtml+xml,application/xml;q=0.9,image/webp,*/*;q=0.8',
  'referer' => 'http://www.sdb.com/index/index.html',
  'accept-encoding' => 'gzip, deflate, sdch',
  'accept-language' => 'zh-CN,zh;q=0.8',
  'cookie' => '_ga=GA1.2.1210683529.1498176484',
)
[ info ] [ PARAM ] array (
)
[ info ] [ DB ] INIT mysql
[ info ] [ RUN ] app\index\controller\Market->index[ D:\wamp64\www\sdb\application\index\controller\Market.php ]
[ info ] [ VIEW ] D:\wamp64\www\sdb/application/index\view\market\index.html [ array (
  0 => 'cinfo',
) ]
[ info ] [ LOG ] INIT File
---------------------------------------------------------------
[ 2017-06-28T08:19:30+08:00 ] 127.0.0.1 127.0.0.1 GET /market/index.html
[ info ] www.sdb.com/market/index.html [运行时间：0.054602s][吞吐率：18.31req/s] [内存消耗：3,554.52kb] [文件加载：57]
[ info ] [ LANG ] D:\wamp64\www\sdb\thinkphp\lang\zh-cn.php
[ info ] [ LANG ] D:\wamp64\www\sdb/application/lang\zh-cn.php
[ info ] [ BIND ] 'index'
[ info ] [ ROUTE ] array (
  'type' => 'module',
  'module' => 
  array (
    0 => 'index',
    1 => 'market',
    2 => 'index',
  ),
)
[ info ] [ HEADER ] array (
  'host' => 'www.sdb.com',
  'connection' => 'keep-alive',
  'cache-control' => 'max-age=0',
  'upgrade-insecure-requests' => '1',
  'user-agent' => 'Mozilla/5.0 (Windows NT 6.1; WOW64) AppleWebKit/537.36 (KHTML, like Gecko) Chrome/53.0.2785.104 Safari/537.36 Core/1.53.2759.400 QQBrowser/9.6.11266.400',
  'accept' => 'text/html,application/xhtml+xml,application/xml;q=0.9,image/webp,*/*;q=0.8',
  'referer' => 'http://www.sdb.com/index/index.html',
  'accept-encoding' => 'gzip, deflate, sdch',
  'accept-language' => 'zh-CN,zh;q=0.8',
  'cookie' => '_ga=GA1.2.1210683529.1498176484',
)
[ info ] [ PARAM ] array (
)
[ info ] [ DB ] INIT mysql
[ info ] [ RUN ] app\index\controller\Market->index[ D:\wamp64\www\sdb\application\index\controller\Market.php ]
[ info ] [ VIEW ] D:\wamp64\www\sdb/application/index\view\market\index.html [ array (
  0 => 'cinfo',
) ]
[ info ] [ LOG ] INIT File
---------------------------------------------------------------
[ 2017-06-28T08:19:39+08:00 ] 127.0.0.1 127.0.0.1 GET /market/index.html
[ info ] www.sdb.com/market/index.html [运行时间：0.048800s][吞吐率：20.49req/s] [内存消耗：3,377.93kb] [文件加载：55]
[ info ] [ LANG ] D:\wamp64\www\sdb\thinkphp\lang\zh-cn.php
[ info ] [ LANG ] D:\wamp64\www\sdb/application/lang\zh-cn.php
[ info ] [ BIND ] 'index'
[ info ] [ ROUTE ] array (
  'type' => 'module',
  'module' => 
  array (
    0 => 'index',
    1 => 'market',
    2 => 'index',
  ),
)
[ info ] [ HEADER ] array (
  'host' => 'www.sdb.com',
  'connection' => 'keep-alive',
  'upgrade-insecure-requests' => '1',
  'user-agent' => 'Mozilla/5.0 (Windows NT 6.1; WOW64) AppleWebKit/537.36 (KHTML, like Gecko) Chrome/53.0.2785.104 Safari/537.36 Core/1.53.2759.400 QQBrowser/9.6.11266.400',
  'accept' => 'text/html,application/xhtml+xml,application/xml;q=0.9,image/webp,*/*;q=0.8',
  'accept-encoding' => 'gzip, deflate, sdch',
  'accept-language' => 'zh-CN,zh;q=0.8',
  'cookie' => '_ga=GA1.2.1210683529.1498176484',
)
[ info ] [ PARAM ] array (
)
[ info ] [ DB ] INIT mysql
[ info ] [ RUN ] app\index\controller\Market->index[ D:\wamp64\www\sdb\application\index\controller\Market.php ]
[ info ] [ VIEW ] D:\wamp64\www\sdb/application/index\view\market\index.html [ array (
  0 => 'cinfo',
) ]
[ info ] [ LOG ] INIT File
---------------------------------------------------------------
[ 2017-06-28T08:20:01+08:00 ] 127.0.0.1 127.0.0.1 GET /market/index.html
[ info ] www.sdb.com/market/index.html [运行时间：0.062400s][吞吐率：16.03req/s] [内存消耗：3,378.32kb] [文件加载：55]
[ info ] [ LANG ] D:\wamp64\www\sdb\thinkphp\lang\zh-cn.php
[ info ] [ LANG ] D:\wamp64\www\sdb/application/lang\zh-cn.php
[ info ] [ BIND ] 'index'
[ info ] [ ROUTE ] array (
  'type' => 'module',
  'module' => 
  array (
    0 => 'index',
    1 => 'market',
    2 => 'index',
  ),
)
[ info ] [ HEADER ] array (
  'host' => 'www.sdb.com',
  'connection' => 'keep-alive',
  'cache-control' => 'max-age=0',
  'upgrade-insecure-requests' => '1',
  'user-agent' => 'Mozilla/5.0 (Windows NT 6.1; WOW64) AppleWebKit/537.36 (KHTML, like Gecko) Chrome/53.0.2785.104 Safari/537.36 Core/1.53.2759.400 QQBrowser/9.6.11266.400',
  'accept' => 'text/html,application/xhtml+xml,application/xml;q=0.9,image/webp,*/*;q=0.8',
  'accept-encoding' => 'gzip, deflate, sdch',
  'accept-language' => 'zh-CN,zh;q=0.8',
  'cookie' => '_ga=GA1.2.1210683529.1498176484',
)
[ info ] [ PARAM ] array (
)
[ info ] [ DB ] INIT mysql
[ info ] [ RUN ] app\index\controller\Market->index[ D:\wamp64\www\sdb\application\index\controller\Market.php ]
[ info ] [ VIEW ] D:\wamp64\www\sdb/application/index\view\market\index.html [ array (
  0 => 'cinfo',
) ]
[ info ] [ LOG ] INIT File
---------------------------------------------------------------
[ 2017-06-28T08:20:44+08:00 ] 127.0.0.1 127.0.0.1 GET /market/index.html
[ info ] www.sdb.com/market/index.html [运行时间：0.060603s][吞吐率：16.50req/s] [内存消耗：3,378.41kb] [文件加载：55]
[ info ] [ LANG ] D:\wamp64\www\sdb\thinkphp\lang\zh-cn.php
[ info ] [ LANG ] D:\wamp64\www\sdb/application/lang\zh-cn.php
[ info ] [ BIND ] 'index'
[ info ] [ ROUTE ] array (
  'type' => 'module',
  'module' => 
  array (
    0 => 'index',
    1 => 'market',
    2 => 'index',
  ),
)
[ info ] [ HEADER ] array (
  'host' => 'www.sdb.com',
  'connection' => 'keep-alive',
  'cache-control' => 'max-age=0',
  'upgrade-insecure-requests' => '1',
  'user-agent' => 'Mozilla/5.0 (Windows NT 6.1; WOW64) AppleWebKit/537.36 (KHTML, like Gecko) Chrome/53.0.2785.104 Safari/537.36 Core/1.53.2759.400 QQBrowser/9.6.11266.400',
  'accept' => 'text/html,application/xhtml+xml,application/xml;q=0.9,image/webp,*/*;q=0.8',
  'referer' => 'http://www.sdb.com/index/index.html',
  'accept-encoding' => 'gzip, deflate, sdch',
  'accept-language' => 'zh-CN,zh;q=0.8',
  'cookie' => '_ga=GA1.2.1210683529.1498176484',
)
[ info ] [ PARAM ] array (
)
[ info ] [ DB ] INIT mysql
[ info ] [ RUN ] app\index\controller\Market->index[ D:\wamp64\www\sdb\application\index\controller\Market.php ]
[ info ] [ VIEW ] D:\wamp64\www\sdb/application/index\view\market\index.html [ array (
  0 => 'cinfo',
) ]
[ info ] [ LOG ] INIT File
---------------------------------------------------------------
[ 2017-06-28T08:20:46+08:00 ] 127.0.0.1 127.0.0.1 GET /market/index.html
[ info ] www.sdb.com/market/index.html [运行时间：0.047602s][吞吐率：21.01req/s] [内存消耗：3,378.32kb] [文件加载：55]
[ info ] [ LANG ] D:\wamp64\www\sdb\thinkphp\lang\zh-cn.php
[ info ] [ LANG ] D:\wamp64\www\sdb/application/lang\zh-cn.php
[ info ] [ BIND ] 'index'
[ info ] [ ROUTE ] array (
  'type' => 'module',
  'module' => 
  array (
    0 => 'index',
    1 => 'market',
    2 => 'index',
  ),
)
[ info ] [ HEADER ] array (
  'host' => 'www.sdb.com',
  'connection' => 'keep-alive',
  'cache-control' => 'max-age=0',
  'upgrade-insecure-requests' => '1',
  'user-agent' => 'Mozilla/5.0 (Windows NT 6.1; WOW64) AppleWebKit/537.36 (KHTML, like Gecko) Chrome/53.0.2785.104 Safari/537.36 Core/1.53.2759.400 QQBrowser/9.6.11266.400',
  'accept' => 'text/html,application/xhtml+xml,application/xml;q=0.9,image/webp,*/*;q=0.8',
  'accept-encoding' => 'gzip, deflate, sdch',
  'accept-language' => 'zh-CN,zh;q=0.8',
  'cookie' => '_ga=GA1.2.1210683529.1498176484',
)
[ info ] [ PARAM ] array (
)
[ info ] [ DB ] INIT mysql
[ info ] [ RUN ] app\index\controller\Market->index[ D:\wamp64\www\sdb\application\index\controller\Market.php ]
[ info ] [ VIEW ] D:\wamp64\www\sdb/application/index\view\market\index.html [ array (
  0 => 'cinfo',
) ]
[ info ] [ LOG ] INIT File
---------------------------------------------------------------
[ 2017-06-28T08:20:49+08:00 ] 127.0.0.1 127.0.0.1 GET /market/index.html
[ info ] www.sdb.com/market/index.html [运行时间：0.048201s][吞吐率：20.75req/s] [内存消耗：3,378.41kb] [文件加载：55]
[ info ] [ LANG ] D:\wamp64\www\sdb\thinkphp\lang\zh-cn.php
[ info ] [ LANG ] D:\wamp64\www\sdb/application/lang\zh-cn.php
[ info ] [ BIND ] 'index'
[ info ] [ ROUTE ] array (
  'type' => 'module',
  'module' => 
  array (
    0 => 'index',
    1 => 'market',
    2 => 'index',
  ),
)
[ info ] [ HEADER ] array (
  'host' => 'www.sdb.com',
  'connection' => 'keep-alive',
  'cache-control' => 'max-age=0',
  'upgrade-insecure-requests' => '1',
  'user-agent' => 'Mozilla/5.0 (Windows NT 6.1; WOW64) AppleWebKit/537.36 (KHTML, like Gecko) Chrome/53.0.2785.104 Safari/537.36 Core/1.53.2759.400 QQBrowser/9.6.11266.400',
  'accept' => 'text/html,application/xhtml+xml,application/xml;q=0.9,image/webp,*/*;q=0.8',
  'referer' => 'http://www.sdb.com/index/index.html',
  'accept-encoding' => 'gzip, deflate, sdch',
  'accept-language' => 'zh-CN,zh;q=0.8',
  'cookie' => '_ga=GA1.2.1210683529.1498176484',
)
[ info ] [ PARAM ] array (
)
[ info ] [ DB ] INIT mysql
[ info ] [ RUN ] app\index\controller\Market->index[ D:\wamp64\www\sdb\application\index\controller\Market.php ]
[ info ] [ VIEW ] D:\wamp64\www\sdb/application/index\view\market\index.html [ array (
  0 => 'cinfo',
) ]
[ info ] [ LOG ] INIT File
---------------------------------------------------------------
[ 2017-06-28T08:21:05+08:00 ] 127.0.0.1 127.0.0.1 GET /market/index.html
[ info ] www.sdb.com/market/index.html [运行时间：0.062400s][吞吐率：16.03req/s] [内存消耗：3,554.42kb] [文件加载：57]
[ info ] [ LANG ] D:\wamp64\www\sdb\thinkphp\lang\zh-cn.php
[ info ] [ LANG ] D:\wamp64\www\sdb/application/lang\zh-cn.php
[ info ] [ BIND ] 'index'
[ info ] [ ROUTE ] array (
  'type' => 'module',
  'module' => 
  array (
    0 => 'index',
    1 => 'market',
    2 => 'index',
  ),
)
[ info ] [ HEADER ] array (
  'host' => 'www.sdb.com',
  'connection' => 'keep-alive',
  'cache-control' => 'max-age=0',
  'upgrade-insecure-requests' => '1',
  'user-agent' => 'Mozilla/5.0 (Windows NT 6.1; WOW64) AppleWebKit/537.36 (KHTML, like Gecko) Chrome/53.0.2785.104 Safari/537.36 Core/1.53.2759.400 QQBrowser/9.6.11266.400',
  'accept' => 'text/html,application/xhtml+xml,application/xml;q=0.9,image/webp,*/*;q=0.8',
  'accept-encoding' => 'gzip, deflate, sdch',
  'accept-language' => 'zh-CN,zh;q=0.8',
  'cookie' => '_ga=GA1.2.1210683529.1498176484',
)
[ info ] [ PARAM ] array (
)
[ info ] [ DB ] INIT mysql
[ info ] [ RUN ] app\index\controller\Market->index[ D:\wamp64\www\sdb\application\index\controller\Market.php ]
[ info ] [ VIEW ] D:\wamp64\www\sdb/application/index\view\market\index.html [ array (
  0 => 'cinfo',
) ]
[ info ] [ LOG ] INIT File
---------------------------------------------------------------
[ 2017-06-28T08:21:06+08:00 ] 127.0.0.1 127.0.0.1 GET /market/index.html
[ info ] www.sdb.com/market/index.html [运行时间：0.033001s][吞吐率：30.30req/s] [内存消耗：3,378.41kb] [文件加载：55]
[ info ] [ LANG ] D:\wamp64\www\sdb\thinkphp\lang\zh-cn.php
[ info ] [ LANG ] D:\wamp64\www\sdb/application/lang\zh-cn.php
[ info ] [ BIND ] 'index'
[ info ] [ ROUTE ] array (
  'type' => 'module',
  'module' => 
  array (
    0 => 'index',
    1 => 'market',
    2 => 'index',
  ),
)
[ info ] [ HEADER ] array (
  'host' => 'www.sdb.com',
  'connection' => 'keep-alive',
  'cache-control' => 'max-age=0',
  'upgrade-insecure-requests' => '1',
  'user-agent' => 'Mozilla/5.0 (Windows NT 6.1; WOW64) AppleWebKit/537.36 (KHTML, like Gecko) Chrome/53.0.2785.104 Safari/537.36 Core/1.53.2759.400 QQBrowser/9.6.11266.400',
  'accept' => 'text/html,application/xhtml+xml,application/xml;q=0.9,image/webp,*/*;q=0.8',
  'referer' => 'http://www.sdb.com/index/index.html',
  'accept-encoding' => 'gzip, deflate, sdch',
  'accept-language' => 'zh-CN,zh;q=0.8',
  'cookie' => '_ga=GA1.2.1210683529.1498176484',
)
[ info ] [ PARAM ] array (
)
[ info ] [ DB ] INIT mysql
[ info ] [ RUN ] app\index\controller\Market->index[ D:\wamp64\www\sdb\application\index\controller\Market.php ]
[ info ] [ VIEW ] D:\wamp64\www\sdb/application/index\view\market\index.html [ array (
  0 => 'cinfo',
) ]
[ info ] [ LOG ] INIT File
---------------------------------------------------------------
[ 2017-06-28T08:21:22+08:00 ] 127.0.0.1 127.0.0.1 GET /market/index.html
[ info ] www.sdb.com/market/index.html [运行时间：0.065004s][吞吐率：15.38req/s] [内存消耗：3,378.39kb] [文件加载：55]
[ info ] [ LANG ] D:\wamp64\www\sdb\thinkphp\lang\zh-cn.php
[ info ] [ LANG ] D:\wamp64\www\sdb/application/lang\zh-cn.php
[ info ] [ BIND ] 'index'
[ info ] [ ROUTE ] array (
  'type' => 'module',
  'module' => 
  array (
    0 => 'index',
    1 => 'market',
    2 => 'index',
  ),
)
[ info ] [ HEADER ] array (
  'host' => 'www.sdb.com',
  'connection' => 'keep-alive',
  'pragma' => 'no-cache',
  'cache-control' => 'no-cache',
  'upgrade-insecure-requests' => '1',
  'user-agent' => 'Mozilla/5.0 (Windows NT 6.1; WOW64) AppleWebKit/537.36 (KHTML, like Gecko) Chrome/53.0.2785.104 Safari/537.36 Core/1.53.2759.400 QQBrowser/9.6.11266.400',
  'accept' => 'text/html,application/xhtml+xml,application/xml;q=0.9,image/webp,*/*;q=0.8',
  'accept-encoding' => 'gzip, deflate, sdch',
  'accept-language' => 'zh-CN,zh;q=0.8',
  'cookie' => '_ga=GA1.2.1210683529.1498176484',
)
[ info ] [ PARAM ] array (
)
[ info ] [ DB ] INIT mysql
[ info ] [ RUN ] app\index\controller\Market->index[ D:\wamp64\www\sdb\application\index\controller\Market.php ]
[ info ] [ VIEW ] D:\wamp64\www\sdb/application/index\view\market\index.html [ array (
  0 => 'cinfo',
) ]
[ info ] [ LOG ] INIT File
---------------------------------------------------------------
[ 2017-06-28T08:21:25+08:00 ] 127.0.0.1 127.0.0.1 GET /market/index.html
[ info ] www.sdb.com/market/index.html [运行时间：0.064400s][吞吐率：15.53req/s] [内存消耗：3,378.61kb] [文件加载：55]
[ info ] [ LANG ] D:\wamp64\www\sdb\thinkphp\lang\zh-cn.php
[ info ] [ LANG ] D:\wamp64\www\sdb/application/lang\zh-cn.php
[ info ] [ BIND ] 'index'
[ info ] [ ROUTE ] array (
  'type' => 'module',
  'module' => 
  array (
    0 => 'index',
    1 => 'market',
    2 => 'index',
  ),
)
[ info ] [ HEADER ] array (
  'host' => 'www.sdb.com',
  'connection' => 'keep-alive',
  'pragma' => 'no-cache',
  'cache-control' => 'no-cache',
  'upgrade-insecure-requests' => '1',
  'user-agent' => 'Mozilla/5.0 (Windows NT 6.1; WOW64) AppleWebKit/537.36 (KHTML, like Gecko) Chrome/53.0.2785.104 Safari/537.36 Core/1.53.2759.400 QQBrowser/9.6.11266.400',
  'accept' => 'text/html,application/xhtml+xml,application/xml;q=0.9,image/webp,*/*;q=0.8',
  'referer' => 'http://www.sdb.com/index/index.html',
  'accept-encoding' => 'gzip, deflate, sdch',
  'accept-language' => 'zh-CN,zh;q=0.8',
  'cookie' => '_ga=GA1.2.1210683529.1498176484',
)
[ info ] [ PARAM ] array (
)
[ info ] [ DB ] INIT mysql
[ info ] [ RUN ] app\index\controller\Market->index[ D:\wamp64\www\sdb\application\index\controller\Market.php ]
[ info ] [ VIEW ] D:\wamp64\www\sdb/application/index\view\market\index.html [ array (
  0 => 'cinfo',
) ]
[ info ] [ LOG ] INIT File
---------------------------------------------------------------
[ 2017-06-28T08:21:59+08:00 ] 127.0.0.1 127.0.0.1 GET /market/index.html
[ info ] www.sdb.com/market/index.html [运行时间：0.047800s][吞吐率：20.92req/s] [内存消耗：3,554.52kb] [文件加载：57]
[ info ] [ LANG ] D:\wamp64\www\sdb\thinkphp\lang\zh-cn.php
[ info ] [ LANG ] D:\wamp64\www\sdb/application/lang\zh-cn.php
[ info ] [ BIND ] 'index'
[ info ] [ ROUTE ] array (
  'type' => 'module',
  'module' => 
  array (
    0 => 'index',
    1 => 'market',
    2 => 'index',
  ),
)
[ info ] [ HEADER ] array (
  'host' => 'www.sdb.com',
  'connection' => 'keep-alive',
  'cache-control' => 'max-age=0',
  'upgrade-insecure-requests' => '1',
  'user-agent' => 'Mozilla/5.0 (Windows NT 6.1; WOW64) AppleWebKit/537.36 (KHTML, like Gecko) Chrome/53.0.2785.104 Safari/537.36 Core/1.53.2759.400 QQBrowser/9.6.11266.400',
  'accept' => 'text/html,application/xhtml+xml,application/xml;q=0.9,image/webp,*/*;q=0.8',
  'referer' => 'http://www.sdb.com/index/index.html',
  'accept-encoding' => 'gzip, deflate, sdch',
  'accept-language' => 'zh-CN,zh;q=0.8',
  'cookie' => '_ga=GA1.2.1210683529.1498176484',
)
[ info ] [ PARAM ] array (
)
[ info ] [ DB ] INIT mysql
[ info ] [ RUN ] app\index\controller\Market->index[ D:\wamp64\www\sdb\application\index\controller\Market.php ]
[ info ] [ VIEW ] D:\wamp64\www\sdb/application/index\view\market\index.html [ array (
  0 => 'cinfo',
) ]
[ info ] [ LOG ] INIT File
---------------------------------------------------------------
[ 2017-06-28T08:22:00+08:00 ] 127.0.0.1 127.0.0.1 GET /market/index.html
[ info ] www.sdb.com/market/index.html [运行时间：0.048201s][吞吐率：20.75req/s] [内存消耗：3,378.32kb] [文件加载：55]
[ info ] [ LANG ] D:\wamp64\www\sdb\thinkphp\lang\zh-cn.php
[ info ] [ LANG ] D:\wamp64\www\sdb/application/lang\zh-cn.php
[ info ] [ BIND ] 'index'
[ info ] [ ROUTE ] array (
  'type' => 'module',
  'module' => 
  array (
    0 => 'index',
    1 => 'market',
    2 => 'index',
  ),
)
[ info ] [ HEADER ] array (
  'host' => 'www.sdb.com',
  'connection' => 'keep-alive',
  'cache-control' => 'max-age=0',
  'upgrade-insecure-requests' => '1',
  'user-agent' => 'Mozilla/5.0 (Windows NT 6.1; WOW64) AppleWebKit/537.36 (KHTML, like Gecko) Chrome/53.0.2785.104 Safari/537.36 Core/1.53.2759.400 QQBrowser/9.6.11266.400',
  'accept' => 'text/html,application/xhtml+xml,application/xml;q=0.9,image/webp,*/*;q=0.8',
  'accept-encoding' => 'gzip, deflate, sdch',
  'accept-language' => 'zh-CN,zh;q=0.8',
  'cookie' => '_ga=GA1.2.1210683529.1498176484',
)
[ info ] [ PARAM ] array (
)
[ info ] [ DB ] INIT mysql
[ info ] [ RUN ] app\index\controller\Market->index[ D:\wamp64\www\sdb\application\index\controller\Market.php ]
[ info ] [ VIEW ] D:\wamp64\www\sdb/application/index\view\market\index.html [ array (
  0 => 'cinfo',
) ]
[ info ] [ LOG ] INIT File
---------------------------------------------------------------
[ 2017-06-28T08:22:05+08:00 ] 127.0.0.1 127.0.0.1 GET /market/index.html
[ info ] www.sdb.com/market/index.html [运行时间：0.062401s][吞吐率：16.03req/s] [内存消耗：3,378.32kb] [文件加载：55]
[ info ] [ LANG ] D:\wamp64\www\sdb\thinkphp\lang\zh-cn.php
[ info ] [ LANG ] D:\wamp64\www\sdb/application/lang\zh-cn.php
[ info ] [ BIND ] 'index'
[ info ] [ ROUTE ] array (
  'type' => 'module',
  'module' => 
  array (
    0 => 'index',
    1 => 'market',
    2 => 'index',
  ),
)
[ info ] [ HEADER ] array (
  'host' => 'www.sdb.com',
  'connection' => 'keep-alive',
  'cache-control' => 'max-age=0',
  'upgrade-insecure-requests' => '1',
  'user-agent' => 'Mozilla/5.0 (Windows NT 6.1; WOW64) AppleWebKit/537.36 (KHTML, like Gecko) Chrome/53.0.2785.104 Safari/537.36 Core/1.53.2759.400 QQBrowser/9.6.11266.400',
  'accept' => 'text/html,application/xhtml+xml,application/xml;q=0.9,image/webp,*/*;q=0.8',
  'accept-encoding' => 'gzip, deflate, sdch',
  'accept-language' => 'zh-CN,zh;q=0.8',
  'cookie' => '_ga=GA1.2.1210683529.1498176484',
)
[ info ] [ PARAM ] array (
)
[ info ] [ DB ] INIT mysql
[ info ] [ RUN ] app\index\controller\Market->index[ D:\wamp64\www\sdb\application\index\controller\Market.php ]
[ info ] [ VIEW ] D:\wamp64\www\sdb/application/index\view\market\index.html [ array (
  0 => 'cinfo',
) ]
[ info ] [ LOG ] INIT File
---------------------------------------------------------------
[ 2017-06-28T08:22:06+08:00 ] 127.0.0.1 127.0.0.1 GET /market/index.html
[ info ] www.sdb.com/market/index.html [运行时间：0.063400s][吞吐率：15.77req/s] [内存消耗：3,378.41kb] [文件加载：55]
[ info ] [ LANG ] D:\wamp64\www\sdb\thinkphp\lang\zh-cn.php
[ info ] [ LANG ] D:\wamp64\www\sdb/application/lang\zh-cn.php
[ info ] [ BIND ] 'index'
[ info ] [ ROUTE ] array (
  'type' => 'module',
  'module' => 
  array (
    0 => 'index',
    1 => 'market',
    2 => 'index',
  ),
)
[ info ] [ HEADER ] array (
  'host' => 'www.sdb.com',
  'connection' => 'keep-alive',
  'cache-control' => 'max-age=0',
  'upgrade-insecure-requests' => '1',
  'user-agent' => 'Mozilla/5.0 (Windows NT 6.1; WOW64) AppleWebKit/537.36 (KHTML, like Gecko) Chrome/53.0.2785.104 Safari/537.36 Core/1.53.2759.400 QQBrowser/9.6.11266.400',
  'accept' => 'text/html,application/xhtml+xml,application/xml;q=0.9,image/webp,*/*;q=0.8',
  'referer' => 'http://www.sdb.com/index/index.html',
  'accept-encoding' => 'gzip, deflate, sdch',
  'accept-language' => 'zh-CN,zh;q=0.8',
  'cookie' => '_ga=GA1.2.1210683529.1498176484',
)
[ info ] [ PARAM ] array (
)
[ info ] [ DB ] INIT mysql
[ info ] [ RUN ] app\index\controller\Market->index[ D:\wamp64\www\sdb\application\index\controller\Market.php ]
[ info ] [ VIEW ] D:\wamp64\www\sdb/application/index\view\market\index.html [ array (
  0 => 'cinfo',
) ]
[ info ] [ LOG ] INIT File
---------------------------------------------------------------
[ 2017-06-28T08:22:11+08:00 ] 127.0.0.1 127.0.0.1 GET /market/index.html
[ info ] www.sdb.com/market/index.html [运行时间：0.068400s][吞吐率：14.62req/s] [内存消耗：3,378.41kb] [文件加载：55]
[ info ] [ LANG ] D:\wamp64\www\sdb\thinkphp\lang\zh-cn.php
[ info ] [ LANG ] D:\wamp64\www\sdb/application/lang\zh-cn.php
[ info ] [ BIND ] 'index'
[ info ] [ ROUTE ] array (
  'type' => 'module',
  'module' => 
  array (
    0 => 'index',
    1 => 'market',
    2 => 'index',
  ),
)
[ info ] [ HEADER ] array (
  'host' => 'www.sdb.com',
  'connection' => 'keep-alive',
  'cache-control' => 'max-age=0',
  'upgrade-insecure-requests' => '1',
  'user-agent' => 'Mozilla/5.0 (Windows NT 6.1; WOW64) AppleWebKit/537.36 (KHTML, like Gecko) Chrome/53.0.2785.104 Safari/537.36 Core/1.53.2759.400 QQBrowser/9.6.11266.400',
  'accept' => 'text/html,application/xhtml+xml,application/xml;q=0.9,image/webp,*/*;q=0.8',
  'referer' => 'http://www.sdb.com/index/index.html',
  'accept-encoding' => 'gzip, deflate, sdch',
  'accept-language' => 'zh-CN,zh;q=0.8',
  'cookie' => '_ga=GA1.2.1210683529.1498176484',
)
[ info ] [ PARAM ] array (
)
[ info ] [ DB ] INIT mysql
[ info ] [ RUN ] app\index\controller\Market->index[ D:\wamp64\www\sdb\application\index\controller\Market.php ]
[ info ] [ VIEW ] D:\wamp64\www\sdb/application/index\view\market\index.html [ array (
  0 => 'cinfo',
) ]
[ info ] [ LOG ] INIT File
---------------------------------------------------------------
[ 2017-06-28T08:23:09+08:00 ] 127.0.0.1 127.0.0.1 GET /market/index.html
[ info ] www.sdb.com/market/index.html [运行时间：0.050201s][吞吐率：19.92req/s] [内存消耗：3,554.42kb] [文件加载：57]
[ info ] [ LANG ] D:\wamp64\www\sdb\thinkphp\lang\zh-cn.php
[ info ] [ LANG ] D:\wamp64\www\sdb/application/lang\zh-cn.php
[ info ] [ BIND ] 'index'
[ info ] [ ROUTE ] array (
  'type' => 'module',
  'module' => 
  array (
    0 => 'index',
    1 => 'market',
    2 => 'index',
  ),
)
[ info ] [ HEADER ] array (
  'host' => 'www.sdb.com',
  'connection' => 'keep-alive',
  'cache-control' => 'max-age=0',
  'upgrade-insecure-requests' => '1',
  'user-agent' => 'Mozilla/5.0 (Windows NT 6.1; WOW64) AppleWebKit/537.36 (KHTML, like Gecko) Chrome/53.0.2785.104 Safari/537.36 Core/1.53.2759.400 QQBrowser/9.6.11266.400',
  'accept' => 'text/html,application/xhtml+xml,application/xml;q=0.9,image/webp,*/*;q=0.8',
  'accept-encoding' => 'gzip, deflate, sdch',
  'accept-language' => 'zh-CN,zh;q=0.8',
  'cookie' => '_ga=GA1.2.1210683529.1498176484',
)
[ info ] [ PARAM ] array (
)
[ info ] [ DB ] INIT mysql
[ info ] [ RUN ] app\index\controller\Market->index[ D:\wamp64\www\sdb\application\index\controller\Market.php ]
[ info ] [ VIEW ] D:\wamp64\www\sdb/application/index\view\market\index.html [ array (
  0 => 'cinfo',
) ]
[ info ] [ LOG ] INIT File
---------------------------------------------------------------
[ 2017-06-28T08:23:10+08:00 ] 127.0.0.1 127.0.0.1 GET /market/index.html
[ info ] www.sdb.com/market/index.html [运行时间：0.062301s][吞吐率：16.05req/s] [内存消耗：3,378.41kb] [文件加载：55]
[ info ] [ LANG ] D:\wamp64\www\sdb\thinkphp\lang\zh-cn.php
[ info ] [ LANG ] D:\wamp64\www\sdb/application/lang\zh-cn.php
[ info ] [ BIND ] 'index'
[ info ] [ ROUTE ] array (
  'type' => 'module',
  'module' => 
  array (
    0 => 'index',
    1 => 'market',
    2 => 'index',
  ),
)
[ info ] [ HEADER ] array (
  'host' => 'www.sdb.com',
  'connection' => 'keep-alive',
  'cache-control' => 'max-age=0',
  'upgrade-insecure-requests' => '1',
  'user-agent' => 'Mozilla/5.0 (Windows NT 6.1; WOW64) AppleWebKit/537.36 (KHTML, like Gecko) Chrome/53.0.2785.104 Safari/537.36 Core/1.53.2759.400 QQBrowser/9.6.11266.400',
  'accept' => 'text/html,application/xhtml+xml,application/xml;q=0.9,image/webp,*/*;q=0.8',
  'referer' => 'http://www.sdb.com/index/index.html',
  'accept-encoding' => 'gzip, deflate, sdch',
  'accept-language' => 'zh-CN,zh;q=0.8',
  'cookie' => '_ga=GA1.2.1210683529.1498176484',
)
[ info ] [ PARAM ] array (
)
[ info ] [ DB ] INIT mysql
[ info ] [ RUN ] app\index\controller\Market->index[ D:\wamp64\www\sdb\application\index\controller\Market.php ]
[ info ] [ VIEW ] D:\wamp64\www\sdb/application/index\view\market\index.html [ array (
  0 => 'cinfo',
) ]
[ info ] [ LOG ] INIT File
---------------------------------------------------------------
[ 2017-06-28T08:23:27+08:00 ] 127.0.0.1 127.0.0.1 GET /market/index.html
[ info ] www.sdb.com/market/index.html [运行时间：0.046800s][吞吐率：21.37req/s] [内存消耗：3,378.41kb] [文件加载：55]
[ info ] [ LANG ] D:\wamp64\www\sdb\thinkphp\lang\zh-cn.php
[ info ] [ LANG ] D:\wamp64\www\sdb/application/lang\zh-cn.php
[ info ] [ BIND ] 'index'
[ info ] [ ROUTE ] array (
  'type' => 'module',
  'module' => 
  array (
    0 => 'index',
    1 => 'market',
    2 => 'index',
  ),
)
[ info ] [ HEADER ] array (
  'host' => 'www.sdb.com',
  'connection' => 'keep-alive',
  'cache-control' => 'max-age=0',
  'upgrade-insecure-requests' => '1',
  'user-agent' => 'Mozilla/5.0 (Windows NT 6.1; WOW64) AppleWebKit/537.36 (KHTML, like Gecko) Chrome/53.0.2785.104 Safari/537.36 Core/1.53.2759.400 QQBrowser/9.6.11266.400',
  'accept' => 'text/html,application/xhtml+xml,application/xml;q=0.9,image/webp,*/*;q=0.8',
  'referer' => 'http://www.sdb.com/index/index.html',
  'accept-encoding' => 'gzip, deflate, sdch',
  'accept-language' => 'zh-CN,zh;q=0.8',
  'cookie' => '_ga=GA1.2.1210683529.1498176484',
)
[ info ] [ PARAM ] array (
)
[ info ] [ DB ] INIT mysql
[ info ] [ RUN ] app\index\controller\Market->index[ D:\wamp64\www\sdb\application\index\controller\Market.php ]
[ info ] [ VIEW ] D:\wamp64\www\sdb/application/index\view\market\index.html [ array (
  0 => 'cinfo',
) ]
[ info ] [ LOG ] INIT File
---------------------------------------------------------------
[ 2017-06-28T08:26:19+08:00 ] 127.0.0.1 127.0.0.1 GET /market/index.html
[ info ] www.sdb.com/market/index.html [运行时间：0.062400s][吞吐率：16.03req/s] [内存消耗：3,554.71kb] [文件加载：57]
[ info ] [ LANG ] D:\wamp64\www\sdb\thinkphp\lang\zh-cn.php
[ info ] [ LANG ] D:\wamp64\www\sdb/application/lang\zh-cn.php
[ info ] [ BIND ] 'index'
[ info ] [ ROUTE ] array (
  'type' => 'module',
  'module' => 
  array (
    0 => 'index',
    1 => 'market',
    2 => 'index',
  ),
)
[ info ] [ HEADER ] array (
  'host' => 'www.sdb.com',
  'connection' => 'keep-alive',
  'pragma' => 'no-cache',
  'cache-control' => 'no-cache',
  'upgrade-insecure-requests' => '1',
  'user-agent' => 'Mozilla/5.0 (Windows NT 6.1; WOW64) AppleWebKit/537.36 (KHTML, like Gecko) Chrome/53.0.2785.104 Safari/537.36 Core/1.53.2759.400 QQBrowser/9.6.11266.400',
  'accept' => 'text/html,application/xhtml+xml,application/xml;q=0.9,image/webp,*/*;q=0.8',
  'referer' => 'http://www.sdb.com/index/index.html',
  'accept-encoding' => 'gzip, deflate, sdch',
  'accept-language' => 'zh-CN,zh;q=0.8',
  'cookie' => '_ga=GA1.2.1210683529.1498176484',
)
[ info ] [ PARAM ] array (
)
[ info ] [ DB ] INIT mysql
[ info ] [ RUN ] app\index\controller\Market->index[ D:\wamp64\www\sdb\application\index\controller\Market.php ]
[ info ] [ VIEW ] D:\wamp64\www\sdb/application/index\view\market\index.html [ array (
  0 => 'cinfo',
) ]
[ info ] [ LOG ] INIT File
---------------------------------------------------------------
[ 2017-06-28T08:26:20+08:00 ] 127.0.0.1 127.0.0.1 GET /market/index.html
[ info ] www.sdb.com/market/index.html [运行时间：0.064401s][吞吐率：15.53req/s] [内存消耗：3,378.32kb] [文件加载：55]
[ info ] [ LANG ] D:\wamp64\www\sdb\thinkphp\lang\zh-cn.php
[ info ] [ LANG ] D:\wamp64\www\sdb/application/lang\zh-cn.php
[ info ] [ BIND ] 'index'
[ info ] [ ROUTE ] array (
  'type' => 'module',
  'module' => 
  array (
    0 => 'index',
    1 => 'market',
    2 => 'index',
  ),
)
[ info ] [ HEADER ] array (
  'host' => 'www.sdb.com',
  'connection' => 'keep-alive',
  'cache-control' => 'max-age=0',
  'upgrade-insecure-requests' => '1',
  'user-agent' => 'Mozilla/5.0 (Windows NT 6.1; WOW64) AppleWebKit/537.36 (KHTML, like Gecko) Chrome/53.0.2785.104 Safari/537.36 Core/1.53.2759.400 QQBrowser/9.6.11266.400',
  'accept' => 'text/html,application/xhtml+xml,application/xml;q=0.9,image/webp,*/*;q=0.8',
  'accept-encoding' => 'gzip, deflate, sdch',
  'accept-language' => 'zh-CN,zh;q=0.8',
  'cookie' => '_ga=GA1.2.1210683529.1498176484',
)
[ info ] [ PARAM ] array (
)
[ info ] [ DB ] INIT mysql
[ info ] [ RUN ] app\index\controller\Market->index[ D:\wamp64\www\sdb\application\index\controller\Market.php ]
[ info ] [ VIEW ] D:\wamp64\www\sdb/application/index\view\market\index.html [ array (
  0 => 'cinfo',
) ]
[ info ] [ LOG ] INIT File
---------------------------------------------------------------
[ 2017-06-28T08:29:46+08:00 ] 127.0.0.1 127.0.0.1 GET /market/index.html
[ info ] www.sdb.com/market/index.html [运行时间：0.078000s][吞吐率：12.82req/s] [内存消耗：3,554.52kb] [文件加载：57]
[ info ] [ LANG ] D:\wamp64\www\sdb\thinkphp\lang\zh-cn.php
[ info ] [ LANG ] D:\wamp64\www\sdb/application/lang\zh-cn.php
[ info ] [ BIND ] 'index'
[ info ] [ ROUTE ] array (
  'type' => 'module',
  'module' => 
  array (
    0 => 'index',
    1 => 'market',
    2 => 'index',
  ),
)
[ info ] [ HEADER ] array (
  'host' => 'www.sdb.com',
  'connection' => 'keep-alive',
  'cache-control' => 'max-age=0',
  'upgrade-insecure-requests' => '1',
  'user-agent' => 'Mozilla/5.0 (Windows NT 6.1; WOW64) AppleWebKit/537.36 (KHTML, like Gecko) Chrome/53.0.2785.104 Safari/537.36 Core/1.53.2759.400 QQBrowser/9.6.11266.400',
  'accept' => 'text/html,application/xhtml+xml,application/xml;q=0.9,image/webp,*/*;q=0.8',
  'referer' => 'http://www.sdb.com/index/index.html',
  'accept-encoding' => 'gzip, deflate, sdch',
  'accept-language' => 'zh-CN,zh;q=0.8',
  'cookie' => '_ga=GA1.2.1210683529.1498176484',
)
[ info ] [ PARAM ] array (
)
[ info ] [ DB ] INIT mysql
[ info ] [ RUN ] app\index\controller\Market->index[ D:\wamp64\www\sdb\application\index\controller\Market.php ]
[ info ] [ VIEW ] D:\wamp64\www\sdb/application/index\view\market\index.html [ array (
  0 => 'cinfo',
) ]
[ info ] [ LOG ] INIT File
---------------------------------------------------------------
[ 2017-06-28T08:29:50+08:00 ] 127.0.0.1 127.0.0.1 GET /market/index.html
[ info ] www.sdb.com/market/index.html [运行时间：0.066802s][吞吐率：14.97req/s] [内存消耗：3,378.41kb] [文件加载：55]
[ info ] [ LANG ] D:\wamp64\www\sdb\thinkphp\lang\zh-cn.php
[ info ] [ LANG ] D:\wamp64\www\sdb/application/lang\zh-cn.php
[ info ] [ BIND ] 'index'
[ info ] [ ROUTE ] array (
  'type' => 'module',
  'module' => 
  array (
    0 => 'index',
    1 => 'market',
    2 => 'index',
  ),
)
[ info ] [ HEADER ] array (
  'host' => 'www.sdb.com',
  'connection' => 'keep-alive',
  'cache-control' => 'max-age=0',
  'upgrade-insecure-requests' => '1',
  'user-agent' => 'Mozilla/5.0 (Windows NT 6.1; WOW64) AppleWebKit/537.36 (KHTML, like Gecko) Chrome/53.0.2785.104 Safari/537.36 Core/1.53.2759.400 QQBrowser/9.6.11266.400',
  'accept' => 'text/html,application/xhtml+xml,application/xml;q=0.9,image/webp,*/*;q=0.8',
  'referer' => 'http://www.sdb.com/index/index.html',
  'accept-encoding' => 'gzip, deflate, sdch',
  'accept-language' => 'zh-CN,zh;q=0.8',
  'cookie' => '_ga=GA1.2.1210683529.1498176484',
)
[ info ] [ PARAM ] array (
)
[ info ] [ DB ] INIT mysql
[ info ] [ RUN ] app\index\controller\Market->index[ D:\wamp64\www\sdb\application\index\controller\Market.php ]
[ info ] [ VIEW ] D:\wamp64\www\sdb/application/index\view\market\index.html [ array (
  0 => 'cinfo',
) ]
[ info ] [ LOG ] INIT File
---------------------------------------------------------------
[ 2017-06-28T08:29:52+08:00 ] 127.0.0.1 127.0.0.1 GET /market/index.html
[ info ] www.sdb.com/market/index.html [运行时间：0.063400s][吞吐率：15.77req/s] [内存消耗：3,378.39kb] [文件加载：55]
[ info ] [ LANG ] D:\wamp64\www\sdb\thinkphp\lang\zh-cn.php
[ info ] [ LANG ] D:\wamp64\www\sdb/application/lang\zh-cn.php
[ info ] [ BIND ] 'index'
[ info ] [ ROUTE ] array (
  'type' => 'module',
  'module' => 
  array (
    0 => 'index',
    1 => 'market',
    2 => 'index',
  ),
)
[ info ] [ HEADER ] array (
  'host' => 'www.sdb.com',
  'connection' => 'keep-alive',
  'pragma' => 'no-cache',
  'cache-control' => 'no-cache',
  'upgrade-insecure-requests' => '1',
  'user-agent' => 'Mozilla/5.0 (Windows NT 6.1; WOW64) AppleWebKit/537.36 (KHTML, like Gecko) Chrome/53.0.2785.104 Safari/537.36 Core/1.53.2759.400 QQBrowser/9.6.11266.400',
  'accept' => 'text/html,application/xhtml+xml,application/xml;q=0.9,image/webp,*/*;q=0.8',
  'accept-encoding' => 'gzip, deflate, sdch',
  'accept-language' => 'zh-CN,zh;q=0.8',
  'cookie' => '_ga=GA1.2.1210683529.1498176484',
)
[ info ] [ PARAM ] array (
)
[ info ] [ DB ] INIT mysql
[ info ] [ RUN ] app\index\controller\Market->index[ D:\wamp64\www\sdb\application\index\controller\Market.php ]
[ info ] [ VIEW ] D:\wamp64\www\sdb/application/index\view\market\index.html [ array (
  0 => 'cinfo',
) ]
[ info ] [ LOG ] INIT File
---------------------------------------------------------------
[ 2017-06-28T08:30:50+08:00 ] 127.0.0.1 127.0.0.1 GET /market/index.html
[ info ] www.sdb.com/market/index.html [运行时间：0.063400s][吞吐率：15.77req/s] [内存消耗：3,554.52kb] [文件加载：57]
[ info ] [ LANG ] D:\wamp64\www\sdb\thinkphp\lang\zh-cn.php
[ info ] [ LANG ] D:\wamp64\www\sdb/application/lang\zh-cn.php
[ info ] [ BIND ] 'index'
[ info ] [ ROUTE ] array (
  'type' => 'module',
  'module' => 
  array (
    0 => 'index',
    1 => 'market',
    2 => 'index',
  ),
)
[ info ] [ HEADER ] array (
  'host' => 'www.sdb.com',
  'connection' => 'keep-alive',
  'cache-control' => 'max-age=0',
  'upgrade-insecure-requests' => '1',
  'user-agent' => 'Mozilla/5.0 (Windows NT 6.1; WOW64) AppleWebKit/537.36 (KHTML, like Gecko) Chrome/53.0.2785.104 Safari/537.36 Core/1.53.2759.400 QQBrowser/9.6.11266.400',
  'accept' => 'text/html,application/xhtml+xml,application/xml;q=0.9,image/webp,*/*;q=0.8',
  'referer' => 'http://www.sdb.com/index/index.html',
  'accept-encoding' => 'gzip, deflate, sdch',
  'accept-language' => 'zh-CN,zh;q=0.8',
  'cookie' => '_ga=GA1.2.1210683529.1498176484',
)
[ info ] [ PARAM ] array (
)
[ info ] [ DB ] INIT mysql
[ info ] [ RUN ] app\index\controller\Market->index[ D:\wamp64\www\sdb\application\index\controller\Market.php ]
[ info ] [ VIEW ] D:\wamp64\www\sdb/application/index\view\market\index.html [ array (
  0 => 'cinfo',
) ]
[ info ] [ LOG ] INIT File
---------------------------------------------------------------
[ 2017-06-28T08:30:51+08:00 ] 127.0.0.1 127.0.0.1 GET /market/index.html
[ info ] www.sdb.com/market/index.html [运行时间：0.062400s][吞吐率：16.03req/s] [内存消耗：3,378.32kb] [文件加载：55]
[ info ] [ LANG ] D:\wamp64\www\sdb\thinkphp\lang\zh-cn.php
[ info ] [ LANG ] D:\wamp64\www\sdb/application/lang\zh-cn.php
[ info ] [ BIND ] 'index'
[ info ] [ ROUTE ] array (
  'type' => 'module',
  'module' => 
  array (
    0 => 'index',
    1 => 'market',
    2 => 'index',
  ),
)
[ info ] [ HEADER ] array (
  'host' => 'www.sdb.com',
  'connection' => 'keep-alive',
  'cache-control' => 'max-age=0',
  'upgrade-insecure-requests' => '1',
  'user-agent' => 'Mozilla/5.0 (Windows NT 6.1; WOW64) AppleWebKit/537.36 (KHTML, like Gecko) Chrome/53.0.2785.104 Safari/537.36 Core/1.53.2759.400 QQBrowser/9.6.11266.400',
  'accept' => 'text/html,application/xhtml+xml,application/xml;q=0.9,image/webp,*/*;q=0.8',
  'accept-encoding' => 'gzip, deflate, sdch',
  'accept-language' => 'zh-CN,zh;q=0.8',
  'cookie' => '_ga=GA1.2.1210683529.1498176484',
)
[ info ] [ PARAM ] array (
)
[ info ] [ DB ] INIT mysql
[ info ] [ RUN ] app\index\controller\Market->index[ D:\wamp64\www\sdb\application\index\controller\Market.php ]
[ info ] [ VIEW ] D:\wamp64\www\sdb/application/index\view\market\index.html [ array (
  0 => 'cinfo',
) ]
[ info ] [ LOG ] INIT File
---------------------------------------------------------------
[ 2017-06-28T10:22:15+08:00 ] 127.0.0.1 127.0.0.1 GET /market/index.html
[ info ] www.sdb.com/market/index.html [运行时间：0.095005s][吞吐率：10.53req/s] [内存消耗：3,378.40kb] [文件加载：55]
[ info ] [ LANG ] D:\wamp64\www\sdb\thinkphp\lang\zh-cn.php
[ info ] [ LANG ] D:\wamp64\www\sdb/application/lang\zh-cn.php
[ info ] [ BIND ] 'index'
[ info ] [ ROUTE ] array (
  'type' => 'module',
  'module' => 
  array (
    0 => 'index',
    1 => 'market',
    2 => 'index',
  ),
)
[ info ] [ HEADER ] array (
  'host' => 'www.sdb.com',
  'connection' => 'keep-alive',
  'pragma' => 'no-cache',
  'cache-control' => 'no-cache',
  'upgrade-insecure-requests' => '1',
  'user-agent' => 'Mozilla/5.0 (Windows NT 6.1; WOW64) AppleWebKit/537.36 (KHTML, like Gecko) Chrome/53.0.2785.104 Safari/537.36 Core/1.53.2759.400 QQBrowser/9.6.11266.400',
  'accept' => 'text/html,application/xhtml+xml,application/xml;q=0.9,image/webp,*/*;q=0.8',
  'referer' => 'http://www.sdb.com/index/index.html',
  'accept-encoding' => 'gzip, deflate, sdch',
  'accept-language' => 'zh-CN,zh;q=0.8',
)
[ info ] [ PARAM ] array (
)
[ info ] [ DB ] INIT mysql
[ info ] [ RUN ] app\index\controller\Market->index[ D:\wamp64\www\sdb\application\index\controller\Market.php ]
[ info ] [ VIEW ] D:\wamp64\www\sdb/application/index\view\market\index.html [ array (
  0 => 'cinfo',
) ]
[ info ] [ LOG ] INIT File
---------------------------------------------------------------
[ 2017-06-28T10:22:16+08:00 ] 127.0.0.1 127.0.0.1 GET /market/index.html
[ info ] www.sdb.com/market/index.html [运行时间：0.096006s][吞吐率：10.42req/s] [内存消耗：3,377.92kb] [文件加载：55]
[ info ] [ LANG ] D:\wamp64\www\sdb\thinkphp\lang\zh-cn.php
[ info ] [ LANG ] D:\wamp64\www\sdb/application/lang\zh-cn.php
[ info ] [ BIND ] 'index'
[ info ] [ ROUTE ] array (
  'type' => 'module',
  'module' => 
  array (
    0 => 'index',
    1 => 'market',
    2 => 'index',
  ),
)
[ info ] [ HEADER ] array (
  'host' => 'www.sdb.com',
  'connection' => 'keep-alive',
  'cache-control' => 'max-age=0',
  'upgrade-insecure-requests' => '1',
  'user-agent' => 'Mozilla/5.0 (Windows NT 6.1; WOW64) AppleWebKit/537.36 (KHTML, like Gecko) Chrome/53.0.2785.104 Safari/537.36 Core/1.53.2759.400 QQBrowser/9.6.11266.400',
  'accept' => 'text/html,application/xhtml+xml,application/xml;q=0.9,image/webp,*/*;q=0.8',
  'accept-encoding' => 'gzip, deflate, sdch',
  'accept-language' => 'zh-CN,zh;q=0.8',
)
[ info ] [ PARAM ] array (
)
[ info ] [ DB ] INIT mysql
[ info ] [ RUN ] app\index\controller\Market->index[ D:\wamp64\www\sdb\application\index\controller\Market.php ]
[ info ] [ VIEW ] D:\wamp64\www\sdb/application/index\view\market\index.html [ array (
  0 => 'cinfo',
) ]
[ info ] [ LOG ] INIT File
---------------------------------------------------------------
[ 2017-06-28T10:56:42+08:00 ] 127.0.0.1 127.0.0.1 GET /market/index.html
[ info ] www.sdb.com/market/index.html [运行时间：0.075005s][吞吐率：13.33req/s] [内存消耗：3,378.33kb] [文件加载：55]
[ info ] [ LANG ] D:\wamp64\www\sdb\thinkphp\lang\zh-cn.php
[ info ] [ LANG ] D:\wamp64\www\sdb/application/lang\zh-cn.php
[ info ] [ BIND ] 'index'
[ info ] [ ROUTE ] array (
  'type' => 'module',
  'module' => 
  array (
    0 => 'index',
    1 => 'market',
    2 => 'index',
  ),
)
[ info ] [ HEADER ] array (
  'host' => 'www.sdb.com',
  'connection' => 'keep-alive',
  'cache-control' => 'max-age=0',
  'upgrade-insecure-requests' => '1',
  'user-agent' => 'Mozilla/5.0 (Windows NT 6.1; WOW64) AppleWebKit/537.36 (KHTML, like Gecko) Chrome/53.0.2785.104 Safari/537.36 Core/1.53.2759.400 QQBrowser/9.6.11266.400',
  'accept' => 'text/html,application/xhtml+xml,application/xml;q=0.9,image/webp,*/*;q=0.8',
  'referer' => 'http://www.sdb.com/index/index.html',
  'accept-encoding' => 'gzip, deflate, sdch',
  'accept-language' => 'zh-CN,zh;q=0.8',
)
[ info ] [ PARAM ] array (
)
[ info ] [ DB ] INIT mysql
[ info ] [ RUN ] app\index\controller\Market->index[ D:\wamp64\www\sdb\application\index\controller\Market.php ]
[ info ] [ VIEW ] D:\wamp64\www\sdb/application/index\view\market\index.html [ array (
  0 => 'cinfo',
) ]
[ info ] [ LOG ] INIT File
---------------------------------------------------------------
[ 2017-06-28T13:18:13+08:00 ] 127.0.0.1 127.0.0.1 GET /market/index.html
[ info ] www.sdb.com/market/index.html [运行时间：0.326018s][吞吐率：3.07req/s] [内存消耗：3,422.95kb] [文件加载：54]
[ info ] [ LANG ] D:\wamp64\www\sdb\thinkphp\lang\zh-cn.php
[ info ] [ LANG ] D:\wamp64\www\sdb/application/lang\zh-cn.php
[ info ] [ BIND ] 'index'
[ info ] [ ROUTE ] array (
  'type' => 'module',
  'module' => 
  array (
    0 => 'index',
    1 => 'market',
    2 => 'index',
  ),
)
[ info ] [ HEADER ] array (
  'host' => 'www.sdb.com',
  'connection' => 'keep-alive',
  'cache-control' => 'max-age=0',
  'upgrade-insecure-requests' => '1',
  'user-agent' => 'Mozilla/5.0 (Windows NT 6.1; WOW64) AppleWebKit/537.36 (KHTML, like Gecko) Chrome/53.0.2785.104 Safari/537.36 Core/1.53.3137.400 QQBrowser/9.6.11373.400',
  'accept' => 'text/html,application/xhtml+xml,application/xml;q=0.9,image/webp,*/*;q=0.8',
  'referer' => 'http://www.sdb.com/index/index.html',
  'accept-encoding' => 'gzip, deflate, sdch',
  'accept-language' => 'zh-CN,zh;q=0.8',
)
[ info ] [ PARAM ] array (
)
[ info ] [ DB ] INIT mysql
[ info ] [ RUN ] app\index\controller\Market->index[ D:\wamp64\www\sdb\application\index\controller\Market.php ]
[ info ] [ VIEW ] D:\wamp64\www\sdb/application/index\view\market\index.html [ array (
  0 => 'cinfo',
) ]
[ info ] [ LOG ] INIT File
---------------------------------------------------------------
[ 2017-06-28T13:23:24+08:00 ] 127.0.0.1 127.0.0.1 GET /market/index.html
[ info ] www.sdb.com/market/index.html [运行时间：0.098006s][吞吐率：10.20req/s] [内存消耗：3,554.43kb] [文件加载：57]
[ info ] [ LANG ] D:\wamp64\www\sdb\thinkphp\lang\zh-cn.php
[ info ] [ LANG ] D:\wamp64\www\sdb/application/lang\zh-cn.php
[ info ] [ BIND ] 'index'
[ info ] [ ROUTE ] array (
  'type' => 'module',
  'module' => 
  array (
    0 => 'index',
    1 => 'market',
    2 => 'index',
  ),
)
[ info ] [ HEADER ] array (
  'host' => 'www.sdb.com',
  'connection' => 'keep-alive',
  'cache-control' => 'max-age=0',
  'upgrade-insecure-requests' => '1',
  'user-agent' => 'Mozilla/5.0 (Windows NT 6.1; WOW64) AppleWebKit/537.36 (KHTML, like Gecko) Chrome/53.0.2785.104 Safari/537.36 Core/1.53.3137.400 QQBrowser/9.6.11373.400',
  'accept' => 'text/html,application/xhtml+xml,application/xml;q=0.9,image/webp,*/*;q=0.8',
  'referer' => 'http://www.sdb.com/index/index.html',
  'accept-encoding' => 'gzip, deflate, sdch',
  'accept-language' => 'zh-CN,zh;q=0.8',
)
[ info ] [ PARAM ] array (
)
[ info ] [ DB ] INIT mysql
[ info ] [ RUN ] app\index\controller\Market->index[ D:\wamp64\www\sdb\application\index\controller\Market.php ]
[ info ] [ VIEW ] D:\wamp64\www\sdb/application/index\view\market\index.html [ array (
  0 => 'cinfo',
) ]
[ info ] [ LOG ] INIT File
---------------------------------------------------------------
[ 2017-06-28T13:25:33+08:00 ] 127.0.0.1 127.0.0.1 GET /market/index.html
[ info ] www.sdb.com/market/index.html [运行时间：0.051003s][吞吐率：19.61req/s] [内存消耗：3,378.33kb] [文件加载：55]
[ info ] [ LANG ] D:\wamp64\www\sdb\thinkphp\lang\zh-cn.php
[ info ] [ LANG ] D:\wamp64\www\sdb/application/lang\zh-cn.php
[ info ] [ BIND ] 'index'
[ info ] [ ROUTE ] array (
  'type' => 'module',
  'module' => 
  array (
    0 => 'index',
    1 => 'market',
    2 => 'index',
  ),
)
[ info ] [ HEADER ] array (
  'host' => 'www.sdb.com',
  'connection' => 'keep-alive',
  'cache-control' => 'max-age=0',
  'upgrade-insecure-requests' => '1',
  'user-agent' => 'Mozilla/5.0 (Windows NT 6.1; WOW64) AppleWebKit/537.36 (KHTML, like Gecko) Chrome/53.0.2785.104 Safari/537.36 Core/1.53.3137.400 QQBrowser/9.6.11373.400',
  'accept' => 'text/html,application/xhtml+xml,application/xml;q=0.9,image/webp,*/*;q=0.8',
  'referer' => 'http://www.sdb.com/index/index.html',
  'accept-encoding' => 'gzip, deflate, sdch',
  'accept-language' => 'zh-CN,zh;q=0.8',
)
[ info ] [ PARAM ] array (
)
[ info ] [ DB ] INIT mysql
[ info ] [ RUN ] app\index\controller\Market->index[ D:\wamp64\www\sdb\application\index\controller\Market.php ]
[ info ] [ VIEW ] D:\wamp64\www\sdb/application/index\view\market\index.html [ array (
  0 => 'cinfo',
) ]
[ info ] [ LOG ] INIT File
---------------------------------------------------------------
[ 2017-06-28T15:53:57+08:00 ] 127.0.0.1 127.0.0.1 GET /market/index.html
[ info ] www.sdb.com/market/index.html [运行时间：0.073005s][吞吐率：13.70req/s] [内存消耗：3,378.33kb] [文件加载：55]
[ info ] [ LANG ] D:\wamp64\www\sdb\thinkphp\lang\zh-cn.php
[ info ] [ LANG ] D:\wamp64\www\sdb/application/lang\zh-cn.php
[ info ] [ BIND ] 'index'
[ info ] [ ROUTE ] array (
  'type' => 'module',
  'module' => 
  array (
    0 => 'index',
    1 => 'market',
    2 => 'index',
  ),
)
[ info ] [ HEADER ] array (
  'host' => 'www.sdb.com',
  'connection' => 'keep-alive',
  'cache-control' => 'max-age=0',
  'upgrade-insecure-requests' => '1',
  'user-agent' => 'Mozilla/5.0 (Windows NT 6.1; WOW64) AppleWebKit/537.36 (KHTML, like Gecko) Chrome/53.0.2785.104 Safari/537.36 Core/1.53.3137.400 QQBrowser/9.6.11373.400',
  'accept' => 'text/html,application/xhtml+xml,application/xml;q=0.9,image/webp,*/*;q=0.8',
  'referer' => 'http://www.sdb.com/index/index.html',
  'accept-encoding' => 'gzip, deflate, sdch',
  'accept-language' => 'zh-CN,zh;q=0.8',
)
[ info ] [ PARAM ] array (
)
[ info ] [ DB ] INIT mysql
[ info ] [ RUN ] app\index\controller\Market->index[ D:\wamp64\www\sdb\application\index\controller\Market.php ]
[ info ] [ VIEW ] D:\wamp64\www\sdb/application/index\view\market\index.html [ array (
  0 => 'cinfo',
) ]
[ info ] [ LOG ] INIT File
---------------------------------------------------------------
[ 2017-06-28T16:16:36+08:00 ] 127.0.0.1 127.0.0.1 GET /market/index.html
[ info ] www.sdb.com/market/index.html [运行时间：0.038002s][吞吐率：26.31req/s] [内存消耗：3,377.72kb] [文件加载：55]
[ info ] [ LANG ] D:\wamp64\www\sdb\thinkphp\lang\zh-cn.php
[ info ] [ LANG ] D:\wamp64\www\sdb/application/lang\zh-cn.php
[ info ] [ BIND ] 'index'
[ info ] [ ROUTE ] array (
  'type' => 'module',
  'module' => 
  array (
    0 => 'index',
    1 => 'market',
    2 => 'index',
  ),
)
[ info ] [ HEADER ] array (
  'host' => 'www.sdb.com',
  'connection' => 'keep-alive',
  'upgrade-insecure-requests' => '1',
  'user-agent' => 'Mozilla/5.0 (Windows NT 6.1; WOW64) AppleWebKit/537.36 (KHTML, like Gecko) Chrome/53.0.2785.104 Safari/537.36 Core/1.53.3137.400 QQBrowser/9.6.11373.400',
  'accept' => 'text/html,application/xhtml+xml,application/xml;q=0.9,image/webp,*/*;q=0.8',
  'accept-encoding' => 'gzip, deflate, sdch',
  'accept-language' => 'zh-CN,zh;q=0.8',
)
[ info ] [ PARAM ] array (
)
[ info ] [ DB ] INIT mysql
[ info ] [ RUN ] app\index\controller\Market->index[ D:\wamp64\www\sdb\application\index\controller\Market.php ]
[ info ] [ VIEW ] D:\wamp64\www\sdb/application/index\view\market\index.html [ array (
  0 => 'cinfo',
) ]
[ info ] [ LOG ] INIT File
---------------------------------------------------------------
[ 2017-06-28T16:44:22+08:00 ] 127.0.0.1 127.0.0.1 GET /market/index.html
[ info ] www.sdb.com/market/index.html [运行时间：0.059003s][吞吐率：16.95req/s] [内存消耗：3,380.01kb] [文件加载：55]
[ info ] [ LANG ] D:\wamp64\www\sdb\thinkphp\lang\zh-cn.php
[ info ] [ LANG ] D:\wamp64\www\sdb/application/lang\zh-cn.php
[ info ] [ BIND ] 'index'
[ info ] [ ROUTE ] array (
  'type' => 'module',
  'module' => 
  array (
    0 => 'index',
    1 => 'market',
    2 => 'index',
  ),
)
[ info ] [ HEADER ] array (
  'host' => 'www.sdb.com',
  'connection' => 'keep-alive',
  'cache-control' => 'max-age=0',
  'upgrade-insecure-requests' => '1',
  'user-agent' => 'Mozilla/5.0 (Windows NT 6.1; WOW64) AppleWebKit/537.36 (KHTML, like Gecko) Chrome/53.0.2785.104 Safari/537.36 Core/1.53.3137.400 QQBrowser/9.6.11373.400',
  'accept' => 'text/html,application/xhtml+xml,application/xml;q=0.9,image/webp,*/*;q=0.8',
  'accept-encoding' => 'gzip, deflate, sdch',
  'accept-language' => 'zh-CN,zh;q=0.8',
)
[ info ] [ PARAM ] array (
)
[ info ] [ DB ] INIT mysql
[ info ] [ SESSION ] INIT array (
  'id' => '',
  'var_session_id' => '',
  'prefix' => 'think',
  'type' => '',
  'auto_start' => true,
)
[ info ] [ RUN ] app\index\controller\Market->index[ D:\wamp64\www\sdb\application\index\controller\Market.php ]
[ info ] [ VIEW ] D:\wamp64\www\sdb/application/index\view\market\index.html [ array (
  0 => 'cinfo',
) ]
[ info ] [ LOG ] INIT File
---------------------------------------------------------------
[ 2017-06-28T16:45:12+08:00 ] 127.0.0.1 127.0.0.1 GET /market/index.html
[ info ] www.sdb.com/market/index.html [运行时间：0.055003s][吞吐率：18.18req/s] [内存消耗：3,556.99kb] [文件加载：57]
[ info ] [ LANG ] D:\wamp64\www\sdb\thinkphp\lang\zh-cn.php
[ info ] [ LANG ] D:\wamp64\www\sdb/application/lang\zh-cn.php
[ info ] [ BIND ] 'index'
[ info ] [ ROUTE ] array (
  'type' => 'module',
  'module' => 
  array (
    0 => 'index',
    1 => 'market',
    2 => 'index',
  ),
)
[ info ] [ HEADER ] array (
  'host' => 'www.sdb.com',
  'connection' => 'keep-alive',
  'cache-control' => 'max-age=0',
  'upgrade-insecure-requests' => '1',
  'user-agent' => 'Mozilla/5.0 (Windows NT 6.1; WOW64) AppleWebKit/537.36 (KHTML, like Gecko) Chrome/53.0.2785.104 Safari/537.36 Core/1.53.3137.400 QQBrowser/9.6.11373.400',
  'accept' => 'text/html,application/xhtml+xml,application/xml;q=0.9,image/webp,*/*;q=0.8',
  'accept-encoding' => 'gzip, deflate, sdch',
  'accept-language' => 'zh-CN,zh;q=0.8',
  'cookie' => 'PHPSESSID=ff8jcrov9lac0r1h72ek0b7gu1',
)
[ info ] [ PARAM ] array (
)
[ info ] [ DB ] INIT mysql
[ info ] [ SESSION ] INIT array (
  'id' => '',
  'var_session_id' => '',
  'prefix' => 'think',
  'type' => '',
  'auto_start' => true,
)
[ info ] [ RUN ] app\index\controller\Market->index[ D:\wamp64\www\sdb\application\index\controller\Market.php ]
[ info ] [ VIEW ] D:\wamp64\www\sdb/application/index\view\market\index.html [ array (
  0 => 'cinfo',
) ]
[ info ] [ LOG ] INIT File
---------------------------------------------------------------
[ 2017-06-28T16:45:35+08:00 ] 127.0.0.1 127.0.0.1 GET /market/index.html
[ info ] www.sdb.com/market/index.html [运行时间：0.060004s][吞吐率：16.67req/s] [内存消耗：3,380.89kb] [文件加载：55]
[ info ] [ LANG ] D:\wamp64\www\sdb\thinkphp\lang\zh-cn.php
[ info ] [ LANG ] D:\wamp64\www\sdb/application/lang\zh-cn.php
[ info ] [ BIND ] 'index'
[ info ] [ ROUTE ] array (
  'type' => 'module',
  'module' => 
  array (
    0 => 'index',
    1 => 'market',
    2 => 'index',
  ),
)
[ info ] [ HEADER ] array (
  'host' => 'www.sdb.com',
  'connection' => 'keep-alive',
  'cache-control' => 'max-age=0',
  'upgrade-insecure-requests' => '1',
  'user-agent' => 'Mozilla/5.0 (Windows NT 6.1; WOW64) AppleWebKit/537.36 (KHTML, like Gecko) Chrome/53.0.2785.104 Safari/537.36 Core/1.53.3137.400 QQBrowser/9.6.11373.400',
  'accept' => 'text/html,application/xhtml+xml,application/xml;q=0.9,image/webp,*/*;q=0.8',
  'accept-encoding' => 'gzip, deflate, sdch',
  'accept-language' => 'zh-CN,zh;q=0.8',
  'cookie' => 'PHPSESSID=ff8jcrov9lac0r1h72ek0b7gu1',
)
[ info ] [ PARAM ] array (
)
[ info ] [ DB ] INIT mysql
[ info ] [ SESSION ] INIT array (
  'id' => '',
  'var_session_id' => '',
  'prefix' => 'think',
  'type' => '',
  'auto_start' => true,
)
[ info ] [ RUN ] app\index\controller\Market->index[ D:\wamp64\www\sdb\application\index\controller\Market.php ]
[ info ] [ VIEW ] D:\wamp64\www\sdb/application/index\view\market\index.html [ array (
  0 => 'cinfo',
) ]
[ info ] [ LOG ] INIT File
---------------------------------------------------------------
[ 2017-06-28T16:46:18+08:00 ] 127.0.0.1 127.0.0.1 GET /market/index.html
[ info ] www.sdb.com/market/index.html [运行时间：0.052003s][吞吐率：19.23req/s] [内存消耗：3,380.96kb] [文件加载：55]
[ info ] [ LANG ] D:\wamp64\www\sdb\thinkphp\lang\zh-cn.php
[ info ] [ LANG ] D:\wamp64\www\sdb/application/lang\zh-cn.php
[ info ] [ BIND ] 'index'
[ info ] [ ROUTE ] array (
  'type' => 'module',
  'module' => 
  array (
    0 => 'index',
    1 => 'market',
    2 => 'index',
  ),
)
[ info ] [ HEADER ] array (
  'host' => 'www.sdb.com',
  'connection' => 'keep-alive',
  'pragma' => 'no-cache',
  'cache-control' => 'no-cache',
  'upgrade-insecure-requests' => '1',
  'user-agent' => 'Mozilla/5.0 (Windows NT 6.1; WOW64) AppleWebKit/537.36 (KHTML, like Gecko) Chrome/53.0.2785.104 Safari/537.36 Core/1.53.3137.400 QQBrowser/9.6.11373.400',
  'accept' => 'text/html,application/xhtml+xml,application/xml;q=0.9,image/webp,*/*;q=0.8',
  'accept-encoding' => 'gzip, deflate, sdch',
  'accept-language' => 'zh-CN,zh;q=0.8',
  'cookie' => 'PHPSESSID=ff8jcrov9lac0r1h72ek0b7gu1',
)
[ info ] [ PARAM ] array (
)
[ info ] [ DB ] INIT mysql
[ info ] [ SESSION ] INIT array (
  'id' => '',
  'var_session_id' => '',
  'prefix' => 'think',
  'type' => '',
  'auto_start' => true,
)
[ info ] [ RUN ] app\index\controller\Market->index[ D:\wamp64\www\sdb\application\index\controller\Market.php ]
[ info ] [ VIEW ] D:\wamp64\www\sdb/application/index\view\market\index.html [ array (
  0 => 'cinfo',
) ]
[ info ] [ LOG ] INIT File
---------------------------------------------------------------
[ 2017-06-28T16:46:22+08:00 ] 127.0.0.1 127.0.0.1 GET /market/index.html
[ info ] www.sdb.com/market/index.html [运行时间：0.053003s][吞吐率：18.87req/s] [内存消耗：3,380.89kb] [文件加载：55]
[ info ] [ LANG ] D:\wamp64\www\sdb\thinkphp\lang\zh-cn.php
[ info ] [ LANG ] D:\wamp64\www\sdb/application/lang\zh-cn.php
[ info ] [ BIND ] 'index'
[ info ] [ ROUTE ] array (
  'type' => 'module',
  'module' => 
  array (
    0 => 'index',
    1 => 'market',
    2 => 'index',
  ),
)
[ info ] [ HEADER ] array (
  'host' => 'www.sdb.com',
  'connection' => 'keep-alive',
  'cache-control' => 'max-age=0',
  'upgrade-insecure-requests' => '1',
  'user-agent' => 'Mozilla/5.0 (Windows NT 6.1; WOW64) AppleWebKit/537.36 (KHTML, like Gecko) Chrome/53.0.2785.104 Safari/537.36 Core/1.53.3137.400 QQBrowser/9.6.11373.400',
  'accept' => 'text/html,application/xhtml+xml,application/xml;q=0.9,image/webp,*/*;q=0.8',
  'accept-encoding' => 'gzip, deflate, sdch',
  'accept-language' => 'zh-CN,zh;q=0.8',
  'cookie' => 'PHPSESSID=ff8jcrov9lac0r1h72ek0b7gu1',
)
[ info ] [ PARAM ] array (
)
[ info ] [ DB ] INIT mysql
[ info ] [ SESSION ] INIT array (
  'id' => '',
  'var_session_id' => '',
  'prefix' => 'think',
  'type' => '',
  'auto_start' => true,
)
[ info ] [ RUN ] app\index\controller\Market->index[ D:\wamp64\www\sdb\application\index\controller\Market.php ]
[ info ] [ VIEW ] D:\wamp64\www\sdb/application/index\view\market\index.html [ array (
  0 => 'cinfo',
) ]
[ info ] [ LOG ] INIT File
