[ 2017-06-28T08:08:46+08:00 ][ info ] [ LANG ] D:\wamp64\www\sdb\thinkphp\lang\zh-cn.php
[ info ] [ LOG ] INIT File
[ 2017-06-28T08:08:46+08:00 ][ info ] [ LANG ] D:\wamp64\www\sdb/application/lang\zh-cn.php
[ 2017-06-28T08:08:46+08:00 ][ info ] [ BIND ] 'socket'
[ 2017-06-28T08:08:46+08:00 ][ info ] [ ROUTE ] array (
  'type' => 'module',
  'module' => 
  array (
    0 => 'socket',
    1 => NULL,
    2 => NULL,
  ),
)
[ 2017-06-28T08:08:46+08:00 ][ info ] [ HEADER ] array (
)
[ 2017-06-28T08:08:46+08:00 ][ info ] [ PARAM ] array (
)
[ 2017-06-28T08:08:46+08:00 ][ info ] [ RUN ] app\socket\controller\Index->index[ D:\wamp64\www\sdb\application\socket\controller\Index.php ]
[ 2017-06-28T08:09:33+08:00 ][ info ] [ LANG ] D:\wamp64\www\sdb\thinkphp\lang\zh-cn.php
[ info ] [ LOG ] INIT File
[ 2017-06-28T08:09:33+08:00 ][ info ] [ LANG ] D:\wamp64\www\sdb/application/lang\zh-cn.php
[ 2017-06-28T08:09:33+08:00 ][ info ] [ BIND ] 'socket'
[ 2017-06-28T08:09:33+08:00 ][ info ] [ ROUTE ] array (
  'type' => 'module',
  'module' => 
  array (
    0 => 'socket',
    1 => NULL,
    2 => NULL,
  ),
)
[ 2017-06-28T08:09:33+08:00 ][ info ] [ HEADER ] array (
)
[ 2017-06-28T08:09:33+08:00 ][ info ] [ PARAM ] array (
)
[ 2017-06-28T08:09:33+08:00 ][ info ] [ RUN ] app\socket\controller\Index->index[ D:\wamp64\www\sdb\application\socket\controller\Index.php ]
[ 2017-06-28T08:09:43+08:00 ][ info ] [ DB ] INIT mysql
[ 2017-06-28T08:10:16+08:00 ][ info ] [ LANG ] D:\wamp64\www\sdb\thinkphp\lang\zh-cn.php
[ info ] [ LOG ] INIT File
[ 2017-06-28T08:10:16+08:00 ][ info ] [ LANG ] D:\wamp64\www\sdb/application/lang\zh-cn.php
[ 2017-06-28T08:10:16+08:00 ][ info ] [ BIND ] 'socket'
[ 2017-06-28T08:10:16+08:00 ][ info ] [ ROUTE ] array (
  'type' => 'module',
  'module' => 
  array (
    0 => 'socket',
    1 => NULL,
    2 => NULL,
  ),
)
[ 2017-06-28T08:10:16+08:00 ][ info ] [ HEADER ] array (
)
[ 2017-06-28T08:10:16+08:00 ][ info ] [ PARAM ] array (
)
[ 2017-06-28T08:10:16+08:00 ][ info ] [ RUN ] app\socket\controller\Index->index[ D:\wamp64\www\sdb\application\socket\controller\Index.php ]
[ 2017-06-28T08:10:22+08:00 ][ info ] [ DB ] INIT mysql
[ 2017-06-28T08:11:06+08:00 ][ info ] [ LANG ] D:\wamp64\www\sdb\thinkphp\lang\zh-cn.php
[ info ] [ LOG ] INIT File
[ 2017-06-28T08:11:06+08:00 ][ info ] [ LANG ] D:\wamp64\www\sdb/application/lang\zh-cn.php
[ 2017-06-28T08:11:06+08:00 ][ info ] [ BIND ] 'socket'
[ 2017-06-28T08:11:06+08:00 ][ info ] [ ROUTE ] array (
  'type' => 'module',
  'module' => 
  array (
    0 => 'socket',
    1 => NULL,
    2 => NULL,
  ),
)
[ 2017-06-28T08:11:06+08:00 ][ info ] [ HEADER ] array (
)
[ 2017-06-28T08:11:06+08:00 ][ info ] [ PARAM ] array (
)
[ 2017-06-28T08:11:06+08:00 ][ info ] [ RUN ] app\socket\controller\Index->index[ D:\wamp64\www\sdb\application\socket\controller\Index.php ]
[ 2017-06-28T08:11:11+08:00 ][ info ] [ DB ] INIT mysql
[ 2017-06-28T08:15:07+08:00 ][ info ] [ LANG ] D:\wamp64\www\sdb\thinkphp\lang\zh-cn.php
[ info ] [ LOG ] INIT File
[ 2017-06-28T08:15:07+08:00 ][ info ] [ LANG ] D:\wamp64\www\sdb/application/lang\zh-cn.php
[ 2017-06-28T08:15:07+08:00 ][ info ] [ BIND ] 'socket'
[ 2017-06-28T08:15:07+08:00 ][ info ] [ ROUTE ] array (
  'type' => 'module',
  'module' => 
  array (
    0 => 'socket',
    1 => NULL,
    2 => NULL,
  ),
)
[ 2017-06-28T08:15:07+08:00 ][ info ] [ HEADER ] array (
)
[ 2017-06-28T08:15:07+08:00 ][ info ] [ PARAM ] array (
)
[ 2017-06-28T08:15:07+08:00 ][ info ] [ RUN ] app\socket\controller\Index->index[ D:\wamp64\www\sdb\application\socket\controller\Index.php ]
[ 2017-06-28T08:15:14+08:00 ][ info ] [ DB ] INIT mysql
[ 2017-06-28T08:15:43+08:00 ][ info ] [ LANG ] D:\wamp64\www\sdb\thinkphp\lang\zh-cn.php
[ info ] [ LOG ] INIT File
[ 2017-06-28T08:15:43+08:00 ][ info ] [ LANG ] D:\wamp64\www\sdb/application/lang\zh-cn.php
[ 2017-06-28T08:15:43+08:00 ][ info ] [ BIND ] 'socket'
[ 2017-06-28T08:15:43+08:00 ][ info ] [ ROUTE ] array (
  'type' => 'module',
  'module' => 
  array (
    0 => 'socket',
    1 => NULL,
    2 => NULL,
  ),
)
[ 2017-06-28T08:15:43+08:00 ][ info ] [ HEADER ] array (
)
[ 2017-06-28T08:15:43+08:00 ][ info ] [ PARAM ] array (
)
[ 2017-06-28T08:15:43+08:00 ][ info ] [ RUN ] app\socket\controller\Index->index[ D:\wamp64\www\sdb\application\socket\controller\Index.php ]
[ 2017-06-28T08:15:54+08:00 ][ info ] [ DB ] INIT mysql
[ 2017-06-28T08:17:12+08:00 ][ info ] [ LANG ] D:\wamp64\www\sdb\thinkphp\lang\zh-cn.php
[ info ] [ LOG ] INIT File
[ 2017-06-28T08:17:12+08:00 ][ info ] [ LANG ] D:\wamp64\www\sdb/application/lang\zh-cn.php
[ 2017-06-28T08:17:12+08:00 ][ info ] [ BIND ] 'socket'
[ 2017-06-28T08:17:12+08:00 ][ info ] [ ROUTE ] array (
  'type' => 'module',
  'module' => 
  array (
    0 => 'socket',
    1 => NULL,
    2 => NULL,
  ),
)
[ 2017-06-28T08:17:12+08:00 ][ info ] [ HEADER ] array (
)
[ 2017-06-28T08:17:12+08:00 ][ info ] [ PARAM ] array (
)
[ 2017-06-28T08:17:12+08:00 ][ info ] [ RUN ] app\socket\controller\Index->index[ D:\wamp64\www\sdb\application\socket\controller\Index.php ]
[ 2017-06-28T08:17:27+08:00 ][ info ] [ DB ] INIT mysql
[ 2017-06-28T08:18:10+08:00 ][ info ] [ LANG ] D:\wamp64\www\sdb\thinkphp\lang\zh-cn.php
[ info ] [ LOG ] INIT File
[ 2017-06-28T08:18:10+08:00 ][ info ] [ LANG ] D:\wamp64\www\sdb/application/lang\zh-cn.php
[ 2017-06-28T08:18:10+08:00 ][ info ] [ BIND ] 'socket'
[ 2017-06-28T08:18:10+08:00 ][ info ] [ ROUTE ] array (
  'type' => 'module',
  'module' => 
  array (
    0 => 'socket',
    1 => NULL,
    2 => NULL,
  ),
)
[ 2017-06-28T08:18:10+08:00 ][ info ] [ HEADER ] array (
)
[ 2017-06-28T08:18:10+08:00 ][ info ] [ PARAM ] array (
)
[ 2017-06-28T08:18:10+08:00 ][ info ] [ RUN ] app\socket\controller\Index->index[ D:\wamp64\www\sdb\application\socket\controller\Index.php ]
[ 2017-06-28T08:18:15+08:00 ][ info ] [ DB ] INIT mysql
[ 2017-06-28T08:18:48+08:00 ][ info ] [ LANG ] D:\wamp64\www\sdb\thinkphp\lang\zh-cn.php
[ info ] [ LOG ] INIT File
[ 2017-06-28T08:18:48+08:00 ][ info ] [ LANG ] D:\wamp64\www\sdb/application/lang\zh-cn.php
[ 2017-06-28T08:18:48+08:00 ][ info ] [ BIND ] 'socket'
[ 2017-06-28T08:18:48+08:00 ][ info ] [ ROUTE ] array (
  'type' => 'module',
  'module' => 
  array (
    0 => 'socket',
    1 => NULL,
    2 => NULL,
  ),
)
[ 2017-06-28T08:18:48+08:00 ][ info ] [ HEADER ] array (
)
[ 2017-06-28T08:18:48+08:00 ][ info ] [ PARAM ] array (
)
[ 2017-06-28T08:18:48+08:00 ][ info ] [ RUN ] app\socket\controller\Index->index[ D:\wamp64\www\sdb\application\socket\controller\Index.php ]
[ 2017-06-28T08:18:53+08:00 ][ info ] [ DB ] INIT mysql
[ 2017-06-28T08:19:28+08:00 ][ info ] [ LANG ] D:\wamp64\www\sdb\thinkphp\lang\zh-cn.php
[ info ] [ LOG ] INIT File
[ 2017-06-28T08:19:28+08:00 ][ info ] [ LANG ] D:\wamp64\www\sdb/application/lang\zh-cn.php
[ 2017-06-28T08:19:28+08:00 ][ info ] [ BIND ] 'socket'
[ 2017-06-28T08:19:28+08:00 ][ info ] [ ROUTE ] array (
  'type' => 'module',
  'module' => 
  array (
    0 => 'socket',
    1 => NULL,
    2 => NULL,
  ),
)
[ 2017-06-28T08:19:28+08:00 ][ info ] [ HEADER ] array (
)
[ 2017-06-28T08:19:28+08:00 ][ info ] [ PARAM ] array (
)
[ 2017-06-28T08:19:28+08:00 ][ info ] [ RUN ] app\socket\controller\Index->index[ D:\wamp64\www\sdb\application\socket\controller\Index.php ]
[ 2017-06-28T08:19:43+08:00 ][ info ] [ DB ] INIT mysql
[ 2017-06-28T08:21:17+08:00 ][ info ] [ LANG ] D:\wamp64\www\sdb\thinkphp\lang\zh-cn.php
[ info ] [ LOG ] INIT File
[ 2017-06-28T08:21:17+08:00 ][ info ] [ LANG ] D:\wamp64\www\sdb/application/lang\zh-cn.php
[ 2017-06-28T08:21:17+08:00 ][ info ] [ BIND ] 'socket'
[ 2017-06-28T08:21:17+08:00 ][ info ] [ ROUTE ] array (
  'type' => 'module',
  'module' => 
  array (
    0 => 'socket',
    1 => NULL,
    2 => NULL,
  ),
)
[ 2017-06-28T08:21:17+08:00 ][ info ] [ HEADER ] array (
)
[ 2017-06-28T08:21:17+08:00 ][ info ] [ PARAM ] array (
)
[ 2017-06-28T08:21:17+08:00 ][ info ] [ RUN ] app\socket\controller\Index->index[ D:\wamp64\www\sdb\application\socket\controller\Index.php ]
[ 2017-06-28T08:21:32+08:00 ][ info ] [ DB ] INIT mysql
[ 2017-06-28T08:22:03+08:00 ][ info ] [ LANG ] D:\wamp64\www\sdb\thinkphp\lang\zh-cn.php
[ info ] [ LOG ] INIT File
[ 2017-06-28T08:22:03+08:00 ][ info ] [ LANG ] D:\wamp64\www\sdb/application/lang\zh-cn.php
[ 2017-06-28T08:22:03+08:00 ][ info ] [ BIND ] 'socket'
[ 2017-06-28T08:22:03+08:00 ][ info ] [ ROUTE ] array (
  'type' => 'module',
  'module' => 
  array (
    0 => 'socket',
    1 => NULL,
    2 => NULL,
  ),
)
[ 2017-06-28T08:22:03+08:00 ][ info ] [ HEADER ] array (
)
[ 2017-06-28T08:22:03+08:00 ][ info ] [ PARAM ] array (
)
[ 2017-06-28T08:22:03+08:00 ][ info ] [ RUN ] app\socket\controller\Index->index[ D:\wamp64\www\sdb\application\socket\controller\Index.php ]
[ 2017-06-28T08:23:25+08:00 ][ info ] [ LANG ] D:\wamp64\www\sdb\thinkphp\lang\zh-cn.php
[ info ] [ LOG ] INIT File
[ 2017-06-28T08:23:25+08:00 ][ info ] [ LANG ] D:\wamp64\www\sdb/application/lang\zh-cn.php
[ 2017-06-28T08:23:25+08:00 ][ info ] [ BIND ] 'socket'
[ 2017-06-28T08:23:25+08:00 ][ info ] [ ROUTE ] array (
  'type' => 'module',
  'module' => 
  array (
    0 => 'socket',
    1 => NULL,
    2 => NULL,
  ),
)
[ 2017-06-28T08:23:25+08:00 ][ info ] [ HEADER ] array (
)
[ 2017-06-28T08:23:25+08:00 ][ info ] [ PARAM ] array (
)
[ 2017-06-28T08:23:25+08:00 ][ info ] [ RUN ] app\socket\controller\Index->index[ D:\wamp64\www\sdb\application\socket\controller\Index.php ]
[ 2017-06-28T08:23:30+08:00 ][ info ] [ DB ] INIT mysql
[ 2017-06-28T08:26:18+08:00 ][ info ] [ LANG ] D:\wamp64\www\sdb\thinkphp\lang\zh-cn.php
[ info ] [ LOG ] INIT File
[ 2017-06-28T08:26:18+08:00 ][ info ] [ LANG ] D:\wamp64\www\sdb/application/lang\zh-cn.php
[ 2017-06-28T08:26:18+08:00 ][ info ] [ BIND ] 'socket'
[ 2017-06-28T08:26:18+08:00 ][ info ] [ ROUTE ] array (
  'type' => 'module',
  'module' => 
  array (
    0 => 'socket',
    1 => NULL,
    2 => NULL,
  ),
)
[ 2017-06-28T08:26:18+08:00 ][ info ] [ HEADER ] array (
)
[ 2017-06-28T08:26:18+08:00 ][ info ] [ PARAM ] array (
)
[ 2017-06-28T08:26:18+08:00 ][ info ] [ RUN ] app\socket\controller\Index->index[ D:\wamp64\www\sdb\application\socket\controller\Index.php ]
[ 2017-06-28T08:26:25+08:00 ][ info ] [ DB ] INIT mysql
[ 2017-06-28T08:29:48+08:00 ][ info ] [ LANG ] D:\wamp64\www\sdb\thinkphp\lang\zh-cn.php
[ info ] [ LOG ] INIT File
[ 2017-06-28T08:29:48+08:00 ][ info ] [ LANG ] D:\wamp64\www\sdb/application/lang\zh-cn.php
[ 2017-06-28T08:29:48+08:00 ][ info ] [ BIND ] 'socket'
[ 2017-06-28T08:29:48+08:00 ][ info ] [ ROUTE ] array (
  'type' => 'module',
  'module' => 
  array (
    0 => 'socket',
    1 => NULL,
    2 => NULL,
  ),
)
[ 2017-06-28T08:29:48+08:00 ][ info ] [ HEADER ] array (
)
[ 2017-06-28T08:29:48+08:00 ][ info ] [ PARAM ] array (
)
[ 2017-06-28T08:29:48+08:00 ][ info ] [ RUN ] app\socket\controller\Index->index[ D:\wamp64\www\sdb\application\socket\controller\Index.php ]
[ 2017-06-28T08:29:58+08:00 ][ info ] [ DB ] INIT mysql
[ 2017-06-28T08:30:48+08:00 ][ info ] [ LANG ] D:\wamp64\www\sdb\thinkphp\lang\zh-cn.php
[ info ] [ LOG ] INIT File
[ 2017-06-28T08:30:48+08:00 ][ info ] [ LANG ] D:\wamp64\www\sdb/application/lang\zh-cn.php
[ 2017-06-28T08:30:48+08:00 ][ info ] [ BIND ] 'socket'
[ 2017-06-28T08:30:48+08:00 ][ info ] [ ROUTE ] array (
  'type' => 'module',
  'module' => 
  array (
    0 => 'socket',
    1 => NULL,
    2 => NULL,
  ),
)
[ 2017-06-28T08:30:48+08:00 ][ info ] [ HEADER ] array (
)
[ 2017-06-28T08:30:48+08:00 ][ info ] [ PARAM ] array (
)
[ 2017-06-28T08:30:48+08:00 ][ info ] [ RUN ] app\socket\controller\Index->index[ D:\wamp64\www\sdb\application\socket\controller\Index.php ]
[ 2017-06-28T08:30:55+08:00 ][ info ] [ DB ] INIT mysql
[ 2017-06-28T09:51:52+08:00 ][ info ] [ LANG ] D:\wamp64\www\sdb\thinkphp\lang\zh-cn.php
[ info ] [ LOG ] INIT File
[ 2017-06-28T09:51:52+08:00 ][ info ] [ LANG ] D:\wamp64\www\sdb/application/lang\zh-cn.php
[ 2017-06-28T09:51:52+08:00 ][ info ] [ BIND ] 'socket'
[ 2017-06-28T09:51:52+08:00 ][ info ] [ ROUTE ] array (
  'type' => 'module',
  'module' => 
  array (
    0 => 'socket',
    1 => NULL,
    2 => NULL,
  ),
)
[ 2017-06-28T09:51:52+08:00 ][ info ] [ HEADER ] array (
)
[ 2017-06-28T09:51:52+08:00 ][ info ] [ PARAM ] array (
)
[ 2017-06-28T09:51:52+08:00 ][ info ] [ RUN ] app\socket\controller\Index->index[ D:\wamp64\www\sdb\application\socket\controller\Index.php ]
[ 2017-06-28T10:56:39+08:00 ][ info ] [ LANG ] D:\wamp64\www\sdb\thinkphp\lang\zh-cn.php
[ info ] [ LOG ] INIT File
[ 2017-06-28T10:56:39+08:00 ][ info ] [ LANG ] D:\wamp64\www\sdb/application/lang\zh-cn.php
[ 2017-06-28T10:56:39+08:00 ][ info ] [ BIND ] 'socket'
[ 2017-06-28T10:56:39+08:00 ][ info ] [ ROUTE ] array (
  'type' => 'module',
  'module' => 
  array (
    0 => 'socket',
    1 => NULL,
    2 => NULL,
  ),
)
[ 2017-06-28T10:56:39+08:00 ][ info ] [ HEADER ] array (
)
[ 2017-06-28T10:56:39+08:00 ][ info ] [ PARAM ] array (
)
[ 2017-06-28T10:56:39+08:00 ][ info ] [ RUN ] app\socket\controller\Index->index[ D:\wamp64\www\sdb\application\socket\controller\Index.php ]
[ 2017-06-28T10:56:45+08:00 ][ info ] [ DB ] INIT mysql
[ 2017-06-28T13:12:01+08:00 ][ info ] [ LANG ] D:\wamp64\www\sdb\thinkphp\lang\zh-cn.php
[ info ] [ LOG ] INIT File
[ 2017-06-28T13:12:01+08:00 ][ info ] [ LANG ] D:\wamp64\www\sdb/application/lang\zh-cn.php
[ 2017-06-28T13:12:01+08:00 ][ info ] [ BIND ] 'socket'
[ 2017-06-28T13:12:01+08:00 ][ info ] [ ROUTE ] array (
  'type' => 'module',
  'module' => 
  array (
    0 => 'socket',
    1 => NULL,
    2 => NULL,
  ),
)
[ 2017-06-28T13:12:01+08:00 ][ info ] [ HEADER ] array (
)
[ 2017-06-28T13:12:01+08:00 ][ info ] [ PARAM ] array (
)
[ 2017-06-28T13:12:01+08:00 ][ info ] [ RUN ] app\socket\controller\Index->index[ D:\wamp64\www\sdb\application\socket\controller\Index.php ]
[ 2017-06-28T13:25:12+08:00 ][ info ] [ LANG ] D:\wamp64\www\sdb\thinkphp\lang\zh-cn.php
[ info ] [ LOG ] INIT File
[ 2017-06-28T13:25:12+08:00 ][ info ] [ LANG ] D:\wamp64\www\sdb/application/lang\zh-cn.php
[ 2017-06-28T13:25:12+08:00 ][ info ] [ BIND ] 'socket'
[ 2017-06-28T13:25:12+08:00 ][ info ] [ ROUTE ] array (
  'type' => 'module',
  'module' => 
  array (
    0 => 'socket',
    1 => NULL,
    2 => NULL,
  ),
)
[ 2017-06-28T13:25:12+08:00 ][ info ] [ HEADER ] array (
)
[ 2017-06-28T13:25:12+08:00 ][ info ] [ PARAM ] array (
)
[ 2017-06-28T13:25:12+08:00 ][ info ] [ RUN ] app\socket\controller\Index->index[ D:\wamp64\www\sdb\application\socket\controller\Index.php ]
[ 2017-06-28T13:45:59+08:00 ][ info ] [ LANG ] D:\wamp64\www\sdb\thinkphp\lang\zh-cn.php
[ info ] [ LOG ] INIT File
[ 2017-06-28T13:45:59+08:00 ][ info ] [ LANG ] D:\wamp64\www\sdb/application/lang\zh-cn.php
[ 2017-06-28T13:45:59+08:00 ][ info ] [ BIND ] 'socket'
[ 2017-06-28T13:45:59+08:00 ][ info ] [ ROUTE ] array (
  'type' => 'module',
  'module' => 
  array (
    0 => 'socket',
    1 => NULL,
    2 => NULL,
  ),
)
[ 2017-06-28T13:45:59+08:00 ][ info ] [ HEADER ] array (
)
[ 2017-06-28T13:45:59+08:00 ][ info ] [ PARAM ] array (
)
[ 2017-06-28T13:45:59+08:00 ][ info ] [ RUN ] app\socket\controller\Index->index[ D:\wamp64\www\sdb\application\socket\controller\Index.php ]
[ 2017-06-28T15:53:42+08:00 ][ info ] [ LANG ] D:\wamp64\www\sdb\thinkphp\lang\zh-cn.php
[ info ] [ LOG ] INIT File
[ 2017-06-28T15:53:42+08:00 ][ info ] [ LANG ] D:\wamp64\www\sdb/application/lang\zh-cn.php
[ 2017-06-28T15:53:42+08:00 ][ info ] [ BIND ] 'socket'
[ 2017-06-28T15:53:42+08:00 ][ info ] [ ROUTE ] array (
  'type' => 'module',
  'module' => 
  array (
    0 => 'socket',
    1 => NULL,
    2 => NULL,
  ),
)
[ 2017-06-28T15:53:42+08:00 ][ info ] [ HEADER ] array (
)
[ 2017-06-28T15:53:42+08:00 ][ info ] [ PARAM ] array (
)
[ 2017-06-28T15:53:42+08:00 ][ info ] [ RUN ] app\socket\controller\Index->index[ D:\wamp64\www\sdb\application\socket\controller\Index.php ]
[ 2017-06-28T16:43:14+08:00 ][ info ] [ LANG ] D:\wamp64\www\sdb\thinkphp\lang\zh-cn.php
[ info ] [ LOG ] INIT File
[ 2017-06-28T16:43:14+08:00 ][ info ] [ LANG ] D:\wamp64\www\sdb/application/lang\zh-cn.php
[ 2017-06-28T16:43:14+08:00 ][ info ] [ BIND ] 'socket'
[ 2017-06-28T16:43:14+08:00 ][ info ] [ ROUTE ] array (
  'type' => 'module',
  'module' => 
  array (
    0 => 'socket',
    1 => NULL,
    2 => NULL,
  ),
)
[ 2017-06-28T16:43:14+08:00 ][ info ] [ HEADER ] array (
)
[ 2017-06-28T16:43:14+08:00 ][ info ] [ PARAM ] array (
)
[ 2017-06-28T16:43:14+08:00 ][ info ] [ RUN ] app\socket\controller\Index->index[ D:\wamp64\www\sdb\application\socket\controller\Index.php ]
[ 2017-06-28T16:44:20+08:00 ][ info ] [ LANG ] D:\wamp64\www\sdb\thinkphp\lang\zh-cn.php
[ info ] [ LOG ] INIT File
[ 2017-06-28T16:44:20+08:00 ][ info ] [ LANG ] D:\wamp64\www\sdb/application/lang\zh-cn.php
[ 2017-06-28T16:44:20+08:00 ][ info ] [ BIND ] 'socket'
[ 2017-06-28T16:44:20+08:00 ][ info ] [ ROUTE ] array (
  'type' => 'module',
  'module' => 
  array (
    0 => 'socket',
    1 => NULL,
    2 => NULL,
  ),
)
[ 2017-06-28T16:44:20+08:00 ][ info ] [ HEADER ] array (
)
[ 2017-06-28T16:44:20+08:00 ][ info ] [ PARAM ] array (
)
[ 2017-06-28T16:44:20+08:00 ][ info ] [ RUN ] app\socket\controller\Index->index[ D:\wamp64\www\sdb\application\socket\controller\Index.php ]
[ 2017-06-28T16:45:11+08:00 ][ info ] [ LANG ] D:\wamp64\www\sdb\thinkphp\lang\zh-cn.php
[ info ] [ LOG ] INIT File
[ 2017-06-28T16:45:11+08:00 ][ info ] [ LANG ] D:\wamp64\www\sdb/application/lang\zh-cn.php
[ 2017-06-28T16:45:11+08:00 ][ info ] [ BIND ] 'socket'
[ 2017-06-28T16:45:11+08:00 ][ info ] [ ROUTE ] array (
  'type' => 'module',
  'module' => 
  array (
    0 => 'socket',
    1 => NULL,
    2 => NULL,
  ),
)
[ 2017-06-28T16:45:11+08:00 ][ info ] [ HEADER ] array (
)
[ 2017-06-28T16:45:11+08:00 ][ info ] [ PARAM ] array (
)
[ 2017-06-28T16:45:11+08:00 ][ info ] [ RUN ] app\socket\controller\Index->index[ D:\wamp64\www\sdb\application\socket\controller\Index.php ]
[ 2017-06-28T16:45:14+08:00 ][ info ] [ DB ] INIT mysql
[ 2017-06-28T16:45:34+08:00 ][ info ] [ LANG ] D:\wamp64\www\sdb\thinkphp\lang\zh-cn.php
[ info ] [ LOG ] INIT File
[ 2017-06-28T16:45:34+08:00 ][ info ] [ LANG ] D:\wamp64\www\sdb/application/lang\zh-cn.php
[ 2017-06-28T16:45:34+08:00 ][ info ] [ BIND ] 'socket'
[ 2017-06-28T16:45:34+08:00 ][ info ] [ ROUTE ] array (
  'type' => 'module',
  'module' => 
  array (
    0 => 'socket',
    1 => NULL,
    2 => NULL,
  ),
)
[ 2017-06-28T16:45:34+08:00 ][ info ] [ HEADER ] array (
)
[ 2017-06-28T16:45:34+08:00 ][ info ] [ PARAM ] array (
)
[ 2017-06-28T16:45:34+08:00 ][ info ] [ RUN ] app\socket\controller\Index->index[ D:\wamp64\www\sdb\application\socket\controller\Index.php ]
[ 2017-06-28T16:45:39+08:00 ][ info ] [ DB ] INIT mysql
[ 2017-06-28T16:46:21+08:00 ][ info ] [ LANG ] D:\wamp64\www\sdb\thinkphp\lang\zh-cn.php
[ info ] [ LOG ] INIT File
[ 2017-06-28T16:46:21+08:00 ][ info ] [ LANG ] D:\wamp64\www\sdb/application/lang\zh-cn.php
[ 2017-06-28T16:46:21+08:00 ][ info ] [ BIND ] 'socket'
[ 2017-06-28T16:46:21+08:00 ][ info ] [ ROUTE ] array (
  'type' => 'module',
  'module' => 
  array (
    0 => 'socket',
    1 => NULL,
    2 => NULL,
  ),
)
[ 2017-06-28T16:46:21+08:00 ][ info ] [ HEADER ] array (
)
[ 2017-06-28T16:46:21+08:00 ][ info ] [ PARAM ] array (
)
[ 2017-06-28T16:46:21+08:00 ][ info ] [ RUN ] app\socket\controller\Index->index[ D:\wamp64\www\sdb\application\socket\controller\Index.php ]
[ 2017-06-28T16:46:25+08:00 ][ info ] [ DB ] INIT mysql
