[ 2017-06-29T08:22:13+08:00 ][ info ] [ LANG ] D:\wamp64\www\sdb\thinkphp\lang\zh-cn.php
[ info ] [ LOG ] INIT File
[ 2017-06-29T08:22:13+08:00 ][ info ] [ LANG ] D:\wamp64\www\sdb/application/lang\zh-cn.php
[ 2017-06-29T08:22:13+08:00 ][ info ] [ BIND ] 'socket'
[ 2017-06-29T08:22:13+08:00 ][ info ] [ ROUTE ] array (
  'type' => 'module',
  'module' => 
  array (
    0 => 'socket',
    1 => NULL,
    2 => NULL,
  ),
)
[ 2017-06-29T08:22:13+08:00 ][ info ] [ HEADER ] array (
)
[ 2017-06-29T08:22:13+08:00 ][ info ] [ PARAM ] array (
)
[ 2017-06-29T08:22:13+08:00 ][ info ] [ RUN ] app\socket\controller\Index->index[ D:\wamp64\www\sdb\application\socket\controller\Index.php ]
[ 2017-06-29T08:22:25+08:00 ][ info ] [ DB ] INIT mysql
[ 2017-06-29T09:14:09+08:00 ][ info ] [ LANG ] D:\wamp64\www\sdb\thinkphp\lang\zh-cn.php
[ info ] [ LOG ] INIT File
[ 2017-06-29T09:14:09+08:00 ][ info ] [ LANG ] D:\wamp64\www\sdb/application/lang\zh-cn.php
[ 2017-06-29T09:14:09+08:00 ][ info ] [ BIND ] 'socket'
[ 2017-06-29T09:14:09+08:00 ][ info ] [ ROUTE ] array (
  'type' => 'module',
  'module' => 
  array (
    0 => 'socket',
    1 => NULL,
    2 => NULL,
  ),
)
[ 2017-06-29T09:14:09+08:00 ][ info ] [ HEADER ] array (
)
[ 2017-06-29T09:14:09+08:00 ][ info ] [ PARAM ] array (
)
[ 2017-06-29T09:14:09+08:00 ][ info ] [ RUN ] app\socket\controller\Index->index[ D:\wamp64\www\sdb\application\socket\controller\Index.php ]
[ 2017-06-29T09:14:13+08:00 ][ info ] [ DB ] INIT mysql
[ 2017-06-29T09:15:23+08:00 ][ info ] [ LANG ] D:\wamp64\www\sdb\thinkphp\lang\zh-cn.php
[ info ] [ LOG ] INIT File
[ 2017-06-29T09:15:23+08:00 ][ info ] [ LANG ] D:\wamp64\www\sdb/application/lang\zh-cn.php
[ 2017-06-29T09:15:23+08:00 ][ info ] [ BIND ] 'socket'
[ 2017-06-29T09:15:23+08:00 ][ info ] [ ROUTE ] array (
  'type' => 'module',
  'module' => 
  array (
    0 => 'socket',
    1 => NULL,
    2 => NULL,
  ),
)
[ 2017-06-29T09:15:23+08:00 ][ info ] [ HEADER ] array (
)
[ 2017-06-29T09:15:23+08:00 ][ info ] [ PARAM ] array (
)
[ 2017-06-29T09:15:23+08:00 ][ info ] [ RUN ] app\socket\controller\Index->index[ D:\wamp64\www\sdb\application\socket\controller\Index.php ]
[ 2017-06-29T09:15:28+08:00 ][ info ] [ DB ] INIT mysql
[ 2017-06-29T09:27:38+08:00 ][ info ] [ LANG ] D:\wamp64\www\sdb\thinkphp\lang\zh-cn.php
[ info ] [ LOG ] INIT File
[ 2017-06-29T09:27:38+08:00 ][ info ] [ LANG ] D:\wamp64\www\sdb/application/lang\zh-cn.php
[ 2017-06-29T09:27:38+08:00 ][ info ] [ BIND ] 'socket'
[ 2017-06-29T09:27:38+08:00 ][ info ] [ ROUTE ] array (
  'type' => 'module',
  'module' => 
  array (
    0 => 'socket',
    1 => NULL,
    2 => NULL,
  ),
)
[ 2017-06-29T09:27:38+08:00 ][ info ] [ HEADER ] array (
)
[ 2017-06-29T09:27:38+08:00 ][ info ] [ PARAM ] array (
)
[ 2017-06-29T09:27:38+08:00 ][ info ] [ RUN ] app\socket\controller\Index->index[ D:\wamp64\www\sdb\application\socket\controller\Index.php ]
[ 2017-06-29T09:27:43+08:00 ][ info ] [ DB ] INIT mysql
[ 2017-06-29T09:28:48+08:00 ][ info ] [ LANG ] D:\wamp64\www\sdb\thinkphp\lang\zh-cn.php
[ info ] [ LOG ] INIT File
[ 2017-06-29T09:28:48+08:00 ][ info ] [ LANG ] D:\wamp64\www\sdb/application/lang\zh-cn.php
[ 2017-06-29T09:28:48+08:00 ][ info ] [ BIND ] 'socket'
[ 2017-06-29T09:28:48+08:00 ][ info ] [ ROUTE ] array (
  'type' => 'module',
  'module' => 
  array (
    0 => 'socket',
    1 => NULL,
    2 => NULL,
  ),
)
[ 2017-06-29T09:28:48+08:00 ][ info ] [ HEADER ] array (
)
[ 2017-06-29T09:28:48+08:00 ][ info ] [ PARAM ] array (
)
[ 2017-06-29T09:28:48+08:00 ][ info ] [ RUN ] app\socket\controller\Index->index[ D:\wamp64\www\sdb\application\socket\controller\Index.php ]
[ 2017-06-29T09:28:54+08:00 ][ info ] [ DB ] INIT mysql
[ 2017-06-29T09:30:49+08:00 ][ info ] [ LANG ] D:\wamp64\www\sdb\thinkphp\lang\zh-cn.php
[ info ] [ LOG ] INIT File
[ 2017-06-29T09:30:49+08:00 ][ info ] [ LANG ] D:\wamp64\www\sdb/application/lang\zh-cn.php
[ 2017-06-29T09:30:49+08:00 ][ info ] [ BIND ] 'socket'
[ 2017-06-29T09:30:49+08:00 ][ info ] [ ROUTE ] array (
  'type' => 'module',
  'module' => 
  array (
    0 => 'socket',
    1 => NULL,
    2 => NULL,
  ),
)
[ 2017-06-29T09:30:49+08:00 ][ info ] [ HEADER ] array (
)
[ 2017-06-29T09:30:49+08:00 ][ info ] [ PARAM ] array (
)
[ 2017-06-29T09:30:49+08:00 ][ info ] [ RUN ] app\socket\controller\Index->index[ D:\wamp64\www\sdb\application\socket\controller\Index.php ]
[ 2017-06-29T09:30:53+08:00 ][ info ] [ DB ] INIT mysql
[ 2017-06-29T09:32:09+08:00 ][ info ] [ LANG ] D:\wamp64\www\sdb\thinkphp\lang\zh-cn.php
[ info ] [ LOG ] INIT File
[ 2017-06-29T09:32:09+08:00 ][ info ] [ LANG ] D:\wamp64\www\sdb/application/lang\zh-cn.php
[ 2017-06-29T09:32:09+08:00 ][ info ] [ BIND ] 'socket'
[ 2017-06-29T09:32:09+08:00 ][ info ] [ ROUTE ] array (
  'type' => 'module',
  'module' => 
  array (
    0 => 'socket',
    1 => NULL,
    2 => NULL,
  ),
)
[ 2017-06-29T09:32:09+08:00 ][ info ] [ HEADER ] array (
)
[ 2017-06-29T09:32:09+08:00 ][ info ] [ PARAM ] array (
)
[ 2017-06-29T09:32:09+08:00 ][ info ] [ RUN ] app\socket\controller\Index->index[ D:\wamp64\www\sdb\application\socket\controller\Index.php ]
[ 2017-06-29T09:32:17+08:00 ][ info ] [ DB ] INIT mysql
[ 2017-06-29T09:32:42+08:00 ][ info ] [ LANG ] D:\wamp64\www\sdb\thinkphp\lang\zh-cn.php
[ info ] [ LOG ] INIT File
[ 2017-06-29T09:32:42+08:00 ][ info ] [ LANG ] D:\wamp64\www\sdb/application/lang\zh-cn.php
[ 2017-06-29T09:32:42+08:00 ][ info ] [ BIND ] 'socket'
[ 2017-06-29T09:32:42+08:00 ][ info ] [ ROUTE ] array (
  'type' => 'module',
  'module' => 
  array (
    0 => 'socket',
    1 => NULL,
    2 => NULL,
  ),
)
[ 2017-06-29T09:32:42+08:00 ][ info ] [ HEADER ] array (
)
[ 2017-06-29T09:32:42+08:00 ][ info ] [ PARAM ] array (
)
[ 2017-06-29T09:32:42+08:00 ][ info ] [ RUN ] app\socket\controller\Index->index[ D:\wamp64\www\sdb\application\socket\controller\Index.php ]
[ 2017-06-29T09:33:37+08:00 ][ info ] [ LANG ] D:\wamp64\www\sdb\thinkphp\lang\zh-cn.php
[ info ] [ LOG ] INIT File
[ 2017-06-29T09:33:37+08:00 ][ info ] [ LANG ] D:\wamp64\www\sdb/application/lang\zh-cn.php
[ 2017-06-29T09:33:37+08:00 ][ info ] [ BIND ] 'socket'
[ 2017-06-29T09:33:37+08:00 ][ info ] [ ROUTE ] array (
  'type' => 'module',
  'module' => 
  array (
    0 => 'socket',
    1 => NULL,
    2 => NULL,
  ),
)
[ 2017-06-29T09:33:37+08:00 ][ info ] [ HEADER ] array (
)
[ 2017-06-29T09:33:37+08:00 ][ info ] [ PARAM ] array (
)
[ 2017-06-29T09:33:37+08:00 ][ info ] [ RUN ] app\socket\controller\Index->index[ D:\wamp64\www\sdb\application\socket\controller\Index.php ]
[ 2017-06-29T09:33:44+08:00 ][ info ] [ DB ] INIT mysql
[ 2017-06-29T09:34:49+08:00 ][ info ] [ LANG ] D:\wamp64\www\sdb\thinkphp\lang\zh-cn.php
[ info ] [ LOG ] INIT File
[ 2017-06-29T09:34:49+08:00 ][ info ] [ LANG ] D:\wamp64\www\sdb/application/lang\zh-cn.php
[ 2017-06-29T09:34:49+08:00 ][ info ] [ BIND ] 'socket'
[ 2017-06-29T09:34:49+08:00 ][ info ] [ ROUTE ] array (
  'type' => 'module',
  'module' => 
  array (
    0 => 'socket',
    1 => NULL,
    2 => NULL,
  ),
)
[ 2017-06-29T09:34:49+08:00 ][ info ] [ HEADER ] array (
)
[ 2017-06-29T09:34:49+08:00 ][ info ] [ PARAM ] array (
)
[ 2017-06-29T09:34:49+08:00 ][ info ] [ RUN ] app\socket\controller\Index->index[ D:\wamp64\www\sdb\application\socket\controller\Index.php ]
[ 2017-06-29T09:34:58+08:00 ][ info ] [ DB ] INIT mysql
[ 2017-06-29T09:34:58+08:00 ][ info ] [ CACHE ] INIT File
[ 2017-06-29T09:58:42+08:00 ][ info ] [ LANG ] D:\wamp64\www\sdb\thinkphp\lang\zh-cn.php
[ info ] [ LOG ] INIT File
[ 2017-06-29T09:58:42+08:00 ][ info ] [ LANG ] D:\wamp64\www\sdb/application/lang\zh-cn.php
[ 2017-06-29T09:58:42+08:00 ][ info ] [ BIND ] 'socket'
[ 2017-06-29T09:58:42+08:00 ][ info ] [ ROUTE ] array (
  'type' => 'module',
  'module' => 
  array (
    0 => 'socket',
    1 => NULL,
    2 => NULL,
  ),
)
[ 2017-06-29T09:58:42+08:00 ][ info ] [ HEADER ] array (
)
[ 2017-06-29T09:58:42+08:00 ][ info ] [ PARAM ] array (
)
[ 2017-06-29T09:58:42+08:00 ][ info ] [ RUN ] app\socket\controller\Index->index[ D:\wamp64\www\sdb\application\socket\controller\Index.php ]
[ 2017-06-29T09:58:50+08:00 ][ info ] [ DB ] INIT mysql
[ 2017-06-29T10:05:56+08:00 ][ info ] [ LANG ] D:\wamp64\www\sdb\thinkphp\lang\zh-cn.php
[ info ] [ LOG ] INIT File
[ 2017-06-29T10:05:56+08:00 ][ info ] [ LANG ] D:\wamp64\www\sdb/application/lang\zh-cn.php
[ 2017-06-29T10:05:56+08:00 ][ info ] [ BIND ] 'socket'
[ 2017-06-29T10:05:56+08:00 ][ info ] [ ROUTE ] array (
  'type' => 'module',
  'module' => 
  array (
    0 => 'socket',
    1 => NULL,
    2 => NULL,
  ),
)
[ 2017-06-29T10:05:56+08:00 ][ info ] [ HEADER ] array (
)
[ 2017-06-29T10:05:56+08:00 ][ info ] [ PARAM ] array (
)
[ 2017-06-29T10:05:56+08:00 ][ info ] [ RUN ] app\socket\controller\Index->index[ D:\wamp64\www\sdb\application\socket\controller\Index.php ]
[ 2017-06-29T10:06:06+08:00 ][ info ] [ DB ] INIT mysql
[ 2017-06-29T10:06:23+08:00 ][ info ] [ LANG ] D:\wamp64\www\sdb\thinkphp\lang\zh-cn.php
[ info ] [ LOG ] INIT File
[ 2017-06-29T10:06:23+08:00 ][ info ] [ LANG ] D:\wamp64\www\sdb/application/lang\zh-cn.php
[ 2017-06-29T10:06:23+08:00 ][ info ] [ BIND ] 'socket'
[ 2017-06-29T10:06:23+08:00 ][ info ] [ ROUTE ] array (
  'type' => 'module',
  'module' => 
  array (
    0 => 'socket',
    1 => NULL,
    2 => NULL,
  ),
)
[ 2017-06-29T10:06:23+08:00 ][ info ] [ HEADER ] array (
)
[ 2017-06-29T10:06:23+08:00 ][ info ] [ PARAM ] array (
)
[ 2017-06-29T10:06:23+08:00 ][ info ] [ RUN ] app\socket\controller\Index->index[ D:\wamp64\www\sdb\application\socket\controller\Index.php ]
[ 2017-06-29T10:06:28+08:00 ][ info ] [ DB ] INIT mysql
[ 2017-06-29T10:06:29+08:00 ][ info ] [ CACHE ] INIT File
[ 2017-06-29T10:19:39+08:00 ][ info ] [ LANG ] D:\wamp64\www\sdb\thinkphp\lang\zh-cn.php
[ info ] [ LOG ] INIT File
[ 2017-06-29T10:19:39+08:00 ][ info ] [ LANG ] D:\wamp64\www\sdb/application/lang\zh-cn.php
[ 2017-06-29T10:19:39+08:00 ][ info ] [ BIND ] 'socket'
[ 2017-06-29T10:19:39+08:00 ][ info ] [ ROUTE ] array (
  'type' => 'module',
  'module' => 
  array (
    0 => 'socket',
    1 => NULL,
    2 => NULL,
  ),
)
[ 2017-06-29T10:19:39+08:00 ][ info ] [ HEADER ] array (
)
[ 2017-06-29T10:19:39+08:00 ][ info ] [ PARAM ] array (
)
[ 2017-06-29T10:19:39+08:00 ][ info ] [ RUN ] app\socket\controller\Index->index[ D:\wamp64\www\sdb\application\socket\controller\Index.php ]
[ 2017-06-29T10:19:59+08:00 ][ info ] [ DB ] INIT mysql
[ 2017-06-29T10:20:00+08:00 ][ info ] [ CACHE ] INIT File
[ 2017-06-29T10:27:38+08:00 ][ info ] [ LANG ] D:\wamp64\www\sdb\thinkphp\lang\zh-cn.php
[ info ] [ LOG ] INIT File
[ 2017-06-29T10:27:38+08:00 ][ info ] [ LANG ] D:\wamp64\www\sdb/application/lang\zh-cn.php
[ 2017-06-29T10:27:38+08:00 ][ info ] [ BIND ] 'socket'
[ 2017-06-29T10:27:38+08:00 ][ info ] [ ROUTE ] array (
  'type' => 'module',
  'module' => 
  array (
    0 => 'socket',
    1 => NULL,
    2 => NULL,
  ),
)
[ 2017-06-29T10:27:38+08:00 ][ info ] [ HEADER ] array (
)
[ 2017-06-29T10:27:38+08:00 ][ info ] [ PARAM ] array (
)
[ 2017-06-29T10:27:38+08:00 ][ info ] [ RUN ] app\socket\controller\Index->index[ D:\wamp64\www\sdb\application\socket\controller\Index.php ]
[ 2017-06-29T10:27:46+08:00 ][ info ] [ DB ] INIT mysql
[ 2017-06-29T10:27:46+08:00 ][ info ] [ CACHE ] INIT File
[ 2017-06-29T10:34:01+08:00 ][ info ] [ LANG ] D:\wamp64\www\sdb\thinkphp\lang\zh-cn.php
[ info ] [ LOG ] INIT File
[ 2017-06-29T10:34:01+08:00 ][ info ] [ LANG ] D:\wamp64\www\sdb/application/lang\zh-cn.php
[ 2017-06-29T10:34:01+08:00 ][ info ] [ BIND ] 'socket'
[ 2017-06-29T10:34:01+08:00 ][ info ] [ ROUTE ] array (
  'type' => 'module',
  'module' => 
  array (
    0 => 'socket',
    1 => NULL,
    2 => NULL,
  ),
)
[ 2017-06-29T10:34:01+08:00 ][ info ] [ HEADER ] array (
)
[ 2017-06-29T10:34:01+08:00 ][ info ] [ PARAM ] array (
)
[ 2017-06-29T10:34:01+08:00 ][ info ] [ RUN ] app\socket\controller\Index->index[ D:\wamp64\www\sdb\application\socket\controller\Index.php ]
[ 2017-06-29T10:34:05+08:00 ][ info ] [ DB ] INIT mysql
[ 2017-06-29T10:34:05+08:00 ][ info ] [ CACHE ] INIT File
[ 2017-06-29T10:40:54+08:00 ][ info ] [ LANG ] D:\wamp64\www\sdb\thinkphp\lang\zh-cn.php
[ info ] [ LOG ] INIT File
[ 2017-06-29T10:40:54+08:00 ][ info ] [ LANG ] D:\wamp64\www\sdb/application/lang\zh-cn.php
[ 2017-06-29T10:40:54+08:00 ][ info ] [ BIND ] 'socket'
[ 2017-06-29T10:40:54+08:00 ][ info ] [ ROUTE ] array (
  'type' => 'module',
  'module' => 
  array (
    0 => 'socket',
    1 => NULL,
    2 => NULL,
  ),
)
[ 2017-06-29T10:40:54+08:00 ][ info ] [ HEADER ] array (
)
[ 2017-06-29T10:40:54+08:00 ][ info ] [ PARAM ] array (
)
[ 2017-06-29T10:40:54+08:00 ][ info ] [ RUN ] app\socket\controller\Index->index[ D:\wamp64\www\sdb\application\socket\controller\Index.php ]
[ 2017-06-29T10:41:00+08:00 ][ info ] [ DB ] INIT mysql
[ 2017-06-29T10:42:08+08:00 ][ info ] [ LANG ] D:\wamp64\www\sdb\thinkphp\lang\zh-cn.php
[ info ] [ LOG ] INIT File
[ 2017-06-29T10:42:08+08:00 ][ info ] [ LANG ] D:\wamp64\www\sdb/application/lang\zh-cn.php
[ 2017-06-29T10:42:08+08:00 ][ info ] [ BIND ] 'socket'
[ 2017-06-29T10:42:08+08:00 ][ info ] [ ROUTE ] array (
  'type' => 'module',
  'module' => 
  array (
    0 => 'socket',
    1 => NULL,
    2 => NULL,
  ),
)
[ 2017-06-29T10:42:08+08:00 ][ info ] [ HEADER ] array (
)
[ 2017-06-29T10:42:08+08:00 ][ info ] [ PARAM ] array (
)
[ 2017-06-29T10:42:08+08:00 ][ info ] [ RUN ] app\socket\controller\Index->index[ D:\wamp64\www\sdb\application\socket\controller\Index.php ]
[ 2017-06-29T10:42:14+08:00 ][ info ] [ DB ] INIT mysql
[ 2017-06-29T10:42:33+08:00 ][ info ] [ CACHE ] INIT File
[ 2017-06-29T10:43:37+08:00 ][ info ] [ LANG ] D:\wamp64\www\sdb\thinkphp\lang\zh-cn.php
[ info ] [ LOG ] INIT File
[ 2017-06-29T10:43:37+08:00 ][ info ] [ LANG ] D:\wamp64\www\sdb/application/lang\zh-cn.php
[ 2017-06-29T10:43:37+08:00 ][ info ] [ BIND ] 'socket'
[ 2017-06-29T10:43:37+08:00 ][ info ] [ ROUTE ] array (
  'type' => 'module',
  'module' => 
  array (
    0 => 'socket',
    1 => NULL,
    2 => NULL,
  ),
)
[ 2017-06-29T10:43:37+08:00 ][ info ] [ HEADER ] array (
)
[ 2017-06-29T10:43:37+08:00 ][ info ] [ PARAM ] array (
)
[ 2017-06-29T10:43:37+08:00 ][ info ] [ RUN ] app\socket\controller\Index->index[ D:\wamp64\www\sdb\application\socket\controller\Index.php ]
[ 2017-06-29T10:43:56+08:00 ][ info ] [ DB ] INIT mysql
[ 2017-06-29T10:43:56+08:00 ][ info ] [ CACHE ] INIT File
[ 2017-06-29T10:47:54+08:00 ][ info ] [ LANG ] D:\wamp64\www\sdb\thinkphp\lang\zh-cn.php
[ info ] [ LOG ] INIT File
[ 2017-06-29T10:47:54+08:00 ][ info ] [ LANG ] D:\wamp64\www\sdb/application/lang\zh-cn.php
[ 2017-06-29T10:47:54+08:00 ][ info ] [ BIND ] 'socket'
[ 2017-06-29T10:47:54+08:00 ][ info ] [ ROUTE ] array (
  'type' => 'module',
  'module' => 
  array (
    0 => 'socket',
    1 => NULL,
    2 => NULL,
  ),
)
[ 2017-06-29T10:47:54+08:00 ][ info ] [ HEADER ] array (
)
[ 2017-06-29T10:47:54+08:00 ][ info ] [ PARAM ] array (
)
[ 2017-06-29T10:47:54+08:00 ][ info ] [ RUN ] app\socket\controller\Index->index[ D:\wamp64\www\sdb\application\socket\controller\Index.php ]
[ 2017-06-29T10:47:59+08:00 ][ info ] [ DB ] INIT mysql
[ 2017-06-29T10:47:59+08:00 ][ info ] [ CACHE ] INIT File
[ 2017-06-29T10:49:19+08:00 ][ info ] [ LANG ] D:\wamp64\www\sdb\thinkphp\lang\zh-cn.php
[ info ] [ LOG ] INIT File
[ 2017-06-29T10:49:19+08:00 ][ info ] [ LANG ] D:\wamp64\www\sdb/application/lang\zh-cn.php
[ 2017-06-29T10:49:19+08:00 ][ info ] [ BIND ] 'socket'
[ 2017-06-29T10:49:19+08:00 ][ info ] [ ROUTE ] array (
  'type' => 'module',
  'module' => 
  array (
    0 => 'socket',
    1 => NULL,
    2 => NULL,
  ),
)
[ 2017-06-29T10:49:19+08:00 ][ info ] [ HEADER ] array (
)
[ 2017-06-29T10:49:19+08:00 ][ info ] [ PARAM ] array (
)
[ 2017-06-29T10:49:19+08:00 ][ info ] [ RUN ] app\socket\controller\Index->index[ D:\wamp64\www\sdb\application\socket\controller\Index.php ]
[ 2017-06-29T10:49:31+08:00 ][ info ] [ DB ] INIT mysql
[ 2017-06-29T10:49:31+08:00 ][ info ] [ CACHE ] INIT File
[ 2017-06-29T10:52:44+08:00 ][ info ] [ LANG ] D:\wamp64\www\sdb\thinkphp\lang\zh-cn.php
[ info ] [ LOG ] INIT File
[ 2017-06-29T10:52:44+08:00 ][ info ] [ LANG ] D:\wamp64\www\sdb/application/lang\zh-cn.php
[ 2017-06-29T10:52:44+08:00 ][ info ] [ BIND ] 'socket'
[ 2017-06-29T10:52:44+08:00 ][ info ] [ ROUTE ] array (
  'type' => 'module',
  'module' => 
  array (
    0 => 'socket',
    1 => NULL,
    2 => NULL,
  ),
)
[ 2017-06-29T10:52:44+08:00 ][ info ] [ HEADER ] array (
)
[ 2017-06-29T10:52:44+08:00 ][ info ] [ PARAM ] array (
)
[ 2017-06-29T10:52:44+08:00 ][ info ] [ RUN ] app\socket\controller\Index->index[ D:\wamp64\www\sdb\application\socket\controller\Index.php ]
[ 2017-06-29T10:52:54+08:00 ][ info ] [ DB ] INIT mysql
[ 2017-06-29T10:52:54+08:00 ][ info ] [ CACHE ] INIT File
[ 2017-06-29T11:01:47+08:00 ][ info ] [ LANG ] D:\wamp64\www\sdb\thinkphp\lang\zh-cn.php
[ info ] [ LOG ] INIT File
[ 2017-06-29T11:01:47+08:00 ][ info ] [ LANG ] D:\wamp64\www\sdb/application/lang\zh-cn.php
[ 2017-06-29T11:01:47+08:00 ][ info ] [ BIND ] 'socket'
[ 2017-06-29T11:01:47+08:00 ][ info ] [ ROUTE ] array (
  'type' => 'module',
  'module' => 
  array (
    0 => 'socket',
    1 => NULL,
    2 => NULL,
  ),
)
[ 2017-06-29T11:01:47+08:00 ][ info ] [ HEADER ] array (
)
[ 2017-06-29T11:01:47+08:00 ][ info ] [ PARAM ] array (
)
[ 2017-06-29T11:01:47+08:00 ][ info ] [ RUN ] app\socket\controller\Index->index[ D:\wamp64\www\sdb\application\socket\controller\Index.php ]
[ 2017-06-29T11:02:00+08:00 ][ info ] [ LANG ] D:\wamp64\www\sdb\thinkphp\lang\zh-cn.php
[ info ] [ LOG ] INIT File
[ 2017-06-29T11:02:00+08:00 ][ info ] [ LANG ] D:\wamp64\www\sdb/application/lang\zh-cn.php
[ 2017-06-29T11:02:00+08:00 ][ info ] [ BIND ] 'socket'
[ 2017-06-29T11:02:00+08:00 ][ info ] [ ROUTE ] array (
  'type' => 'module',
  'module' => 
  array (
    0 => 'socket',
    1 => NULL,
    2 => NULL,
  ),
)
[ 2017-06-29T11:02:00+08:00 ][ info ] [ HEADER ] array (
)
[ 2017-06-29T11:02:00+08:00 ][ info ] [ PARAM ] array (
)
[ 2017-06-29T11:02:00+08:00 ][ info ] [ RUN ] app\socket\controller\Index->index[ D:\wamp64\www\sdb\application\socket\controller\Index.php ]
[ 2017-06-29T11:03:21+08:00 ][ info ] [ LANG ] D:\wamp64\www\sdb\thinkphp\lang\zh-cn.php
[ info ] [ LOG ] INIT File
[ 2017-06-29T11:03:21+08:00 ][ info ] [ LANG ] D:\wamp64\www\sdb/application/lang\zh-cn.php
[ 2017-06-29T11:03:21+08:00 ][ info ] [ BIND ] 'socket'
[ 2017-06-29T11:03:21+08:00 ][ info ] [ ROUTE ] array (
  'type' => 'module',
  'module' => 
  array (
    0 => 'socket',
    1 => NULL,
    2 => NULL,
  ),
)
[ 2017-06-29T11:03:21+08:00 ][ info ] [ HEADER ] array (
)
[ 2017-06-29T11:03:21+08:00 ][ info ] [ PARAM ] array (
)
[ 2017-06-29T11:03:21+08:00 ][ info ] [ RUN ] app\socket\controller\Index->index[ D:\wamp64\www\sdb\application\socket\controller\Index.php ]
[ 2017-06-29T11:13:54+08:00 ][ info ] [ DB ] INIT mysql
[ 2017-06-29T11:16:18+08:00 ][ info ] [ LANG ] D:\wamp64\www\sdb\thinkphp\lang\zh-cn.php
[ info ] [ LOG ] INIT File
[ 2017-06-29T11:16:18+08:00 ][ info ] [ LANG ] D:\wamp64\www\sdb/application/lang\zh-cn.php
[ 2017-06-29T11:16:18+08:00 ][ info ] [ BIND ] 'socket'
[ 2017-06-29T11:16:18+08:00 ][ info ] [ ROUTE ] array (
  'type' => 'module',
  'module' => 
  array (
    0 => 'socket',
    1 => NULL,
    2 => NULL,
  ),
)
[ 2017-06-29T11:16:18+08:00 ][ info ] [ HEADER ] array (
)
[ 2017-06-29T11:16:18+08:00 ][ info ] [ PARAM ] array (
)
[ 2017-06-29T11:16:18+08:00 ][ error ] [0]Parse error: syntax error, unexpected ';', expecting ',' or ')'[D:\wamp64\www\sdb\application\socket\controller\Index.php:24]
[ 2017-06-29T11:16:25+08:00 ][ info ] [ LANG ] D:\wamp64\www\sdb\thinkphp\lang\zh-cn.php
[ info ] [ LOG ] INIT File
[ 2017-06-29T11:16:25+08:00 ][ info ] [ LANG ] D:\wamp64\www\sdb/application/lang\zh-cn.php
[ 2017-06-29T11:16:25+08:00 ][ info ] [ BIND ] 'socket'
[ 2017-06-29T11:16:25+08:00 ][ info ] [ ROUTE ] array (
  'type' => 'module',
  'module' => 
  array (
    0 => 'socket',
    1 => NULL,
    2 => NULL,
  ),
)
[ 2017-06-29T11:16:25+08:00 ][ info ] [ HEADER ] array (
)
[ 2017-06-29T11:16:25+08:00 ][ info ] [ PARAM ] array (
)
[ 2017-06-29T11:16:25+08:00 ][ info ] [ RUN ] app\socket\controller\Index->index[ D:\wamp64\www\sdb\application\socket\controller\Index.php ]
[ 2017-06-29T11:16:32+08:00 ][ info ] [ DB ] INIT mysql
[ 2017-06-29T11:16:32+08:00 ][ info ] [ SESSION ] INIT array (
  'id' => '',
  'var_session_id' => '',
  'prefix' => 'think',
  'type' => '',
  'auto_start' => true,
)
[ 2017-06-29T11:17:32+08:00 ][ info ] [ LANG ] D:\wamp64\www\sdb\thinkphp\lang\zh-cn.php
[ info ] [ LOG ] INIT File
[ 2017-06-29T11:17:32+08:00 ][ info ] [ LANG ] D:\wamp64\www\sdb/application/lang\zh-cn.php
[ 2017-06-29T11:17:32+08:00 ][ info ] [ BIND ] 'socket'
[ 2017-06-29T11:17:32+08:00 ][ info ] [ ROUTE ] array (
  'type' => 'module',
  'module' => 
  array (
    0 => 'socket',
    1 => NULL,
    2 => NULL,
  ),
)
[ 2017-06-29T11:17:32+08:00 ][ info ] [ HEADER ] array (
)
[ 2017-06-29T11:17:32+08:00 ][ info ] [ PARAM ] array (
)
[ 2017-06-29T11:17:32+08:00 ][ info ] [ RUN ] app\socket\controller\Index->index[ D:\wamp64\www\sdb\application\socket\controller\Index.php ]
[ 2017-06-29T11:17:39+08:00 ][ info ] [ DB ] INIT mysql
[ 2017-06-29T11:17:39+08:00 ][ info ] [ SESSION ] INIT array (
  'id' => '',
  'var_session_id' => '',
  'prefix' => 'think',
  'type' => '',
  'auto_start' => true,
)
[ 2017-06-29T11:17:54+08:00 ][ info ] [ LANG ] D:\wamp64\www\sdb\thinkphp\lang\zh-cn.php
[ info ] [ LOG ] INIT File
[ 2017-06-29T11:17:54+08:00 ][ info ] [ LANG ] D:\wamp64\www\sdb/application/lang\zh-cn.php
[ 2017-06-29T11:17:54+08:00 ][ info ] [ BIND ] 'socket'
[ 2017-06-29T11:17:54+08:00 ][ info ] [ ROUTE ] array (
  'type' => 'module',
  'module' => 
  array (
    0 => 'socket',
    1 => NULL,
    2 => NULL,
  ),
)
[ 2017-06-29T11:17:54+08:00 ][ info ] [ HEADER ] array (
)
[ 2017-06-29T11:17:54+08:00 ][ info ] [ PARAM ] array (
)
[ 2017-06-29T11:17:54+08:00 ][ info ] [ RUN ] app\socket\controller\Index->index[ D:\wamp64\www\sdb\application\socket\controller\Index.php ]
[ 2017-06-29T11:17:57+08:00 ][ info ] [ DB ] INIT mysql
[ 2017-06-29T11:17:57+08:00 ][ info ] [ SESSION ] INIT array (
  'id' => '',
  'var_session_id' => '',
  'prefix' => 'think',
  'type' => '',
  'auto_start' => true,
)
[ 2017-06-29T11:19:14+08:00 ][ info ] [ LANG ] D:\wamp64\www\sdb\thinkphp\lang\zh-cn.php
[ info ] [ LOG ] INIT File
[ 2017-06-29T11:19:14+08:00 ][ info ] [ LANG ] D:\wamp64\www\sdb/application/lang\zh-cn.php
[ 2017-06-29T11:19:14+08:00 ][ info ] [ BIND ] 'socket'
[ 2017-06-29T11:19:14+08:00 ][ info ] [ ROUTE ] array (
  'type' => 'module',
  'module' => 
  array (
    0 => 'socket',
    1 => NULL,
    2 => NULL,
  ),
)
[ 2017-06-29T11:19:14+08:00 ][ info ] [ HEADER ] array (
)
[ 2017-06-29T11:19:14+08:00 ][ info ] [ PARAM ] array (
)
[ 2017-06-29T11:19:14+08:00 ][ info ] [ RUN ] app\socket\controller\Index->index[ D:\wamp64\www\sdb\application\socket\controller\Index.php ]
[ 2017-06-29T11:19:17+08:00 ][ info ] [ SESSION ] INIT array (
  'id' => '',
  'var_session_id' => '',
  'prefix' => 'think',
  'type' => '',
  'auto_start' => true,
)
[ 2017-06-29T11:19:54+08:00 ][ info ] [ LANG ] D:\wamp64\www\sdb\thinkphp\lang\zh-cn.php
[ info ] [ LOG ] INIT File
[ 2017-06-29T11:19:54+08:00 ][ info ] [ LANG ] D:\wamp64\www\sdb/application/lang\zh-cn.php
[ 2017-06-29T11:19:54+08:00 ][ info ] [ BIND ] 'socket'
[ 2017-06-29T11:19:54+08:00 ][ info ] [ ROUTE ] array (
  'type' => 'module',
  'module' => 
  array (
    0 => 'socket',
    1 => NULL,
    2 => NULL,
  ),
)
[ 2017-06-29T11:19:54+08:00 ][ info ] [ HEADER ] array (
)
[ 2017-06-29T11:19:54+08:00 ][ info ] [ PARAM ] array (
)
[ 2017-06-29T11:19:54+08:00 ][ info ] [ RUN ] app\socket\controller\Index->index[ D:\wamp64\www\sdb\application\socket\controller\Index.php ]
[ 2017-06-29T11:19:57+08:00 ][ info ] [ SESSION ] INIT array (
  'id' => '',
  'var_session_id' => '',
  'prefix' => 'think',
  'type' => '',
  'auto_start' => true,
)
[ 2017-06-29T11:21:39+08:00 ][ info ] [ LANG ] D:\wamp64\www\sdb\thinkphp\lang\zh-cn.php
[ info ] [ LOG ] INIT File
[ 2017-06-29T11:21:39+08:00 ][ info ] [ LANG ] D:\wamp64\www\sdb/application/lang\zh-cn.php
[ 2017-06-29T11:21:39+08:00 ][ info ] [ BIND ] 'socket'
[ 2017-06-29T11:21:39+08:00 ][ info ] [ ROUTE ] array (
  'type' => 'module',
  'module' => 
  array (
    0 => 'socket',
    1 => NULL,
    2 => NULL,
  ),
)
[ 2017-06-29T11:21:39+08:00 ][ info ] [ HEADER ] array (
)
[ 2017-06-29T11:21:39+08:00 ][ info ] [ PARAM ] array (
)
[ 2017-06-29T11:21:39+08:00 ][ error ] [1]Class 'app\socket\controller\Common' not found[D:\wamp64\www\sdb\application\socket\controller\Index.php:8]
[ 2017-06-29T11:23:19+08:00 ][ info ] [ LANG ] D:\wamp64\www\sdb\thinkphp\lang\zh-cn.php
[ info ] [ LOG ] INIT File
[ 2017-06-29T11:23:19+08:00 ][ info ] [ LANG ] D:\wamp64\www\sdb/application/lang\zh-cn.php
[ 2017-06-29T11:23:19+08:00 ][ info ] [ BIND ] 'socket'
[ 2017-06-29T11:23:19+08:00 ][ info ] [ ROUTE ] array (
  'type' => 'module',
  'module' => 
  array (
    0 => 'socket',
    1 => NULL,
    2 => NULL,
  ),
)
[ 2017-06-29T11:23:19+08:00 ][ info ] [ HEADER ] array (
)
[ 2017-06-29T11:23:19+08:00 ][ info ] [ PARAM ] array (
)
[ 2017-06-29T11:23:19+08:00 ][ info ] [ DB ] INIT mysql
[ 2017-06-29T11:23:19+08:00 ][ info ] [ SESSION ] INIT array (
  'id' => '',
  'var_session_id' => '',
  'prefix' => 'think',
  'type' => '',
  'auto_start' => true,
)
[ 2017-06-29T11:23:19+08:00 ][ info ] [ RUN ] app\socket\controller\Index->index[ D:\wamp64\www\sdb\application\socket\controller\Index.php ]
[ 2017-06-29T11:24:11+08:00 ][ info ] [ LANG ] D:\wamp64\www\sdb\thinkphp\lang\zh-cn.php
[ info ] [ LOG ] INIT File
[ 2017-06-29T11:24:11+08:00 ][ info ] [ LANG ] D:\wamp64\www\sdb/application/lang\zh-cn.php
[ 2017-06-29T11:24:11+08:00 ][ info ] [ BIND ] 'socket'
[ 2017-06-29T11:24:11+08:00 ][ info ] [ ROUTE ] array (
  'type' => 'module',
  'module' => 
  array (
    0 => 'socket',
    1 => NULL,
    2 => NULL,
  ),
)
[ 2017-06-29T11:24:11+08:00 ][ info ] [ HEADER ] array (
)
[ 2017-06-29T11:24:11+08:00 ][ info ] [ PARAM ] array (
)
[ 2017-06-29T11:24:11+08:00 ][ info ] [ DB ] INIT mysql
[ 2017-06-29T11:24:11+08:00 ][ info ] [ SESSION ] INIT array (
  'id' => '',
  'var_session_id' => '',
  'prefix' => 'think',
  'type' => '',
  'auto_start' => true,
)
[ 2017-06-29T11:24:11+08:00 ][ info ] [ RUN ] app\socket\controller\Index->index[ D:\wamp64\www\sdb\application\socket\controller\Index.php ]
[ 2017-06-29T11:24:48+08:00 ][ info ] [ LANG ] D:\wamp64\www\sdb\thinkphp\lang\zh-cn.php
[ info ] [ LOG ] INIT File
[ 2017-06-29T11:24:48+08:00 ][ info ] [ LANG ] D:\wamp64\www\sdb/application/lang\zh-cn.php
[ 2017-06-29T11:24:48+08:00 ][ info ] [ BIND ] 'socket'
[ 2017-06-29T11:24:48+08:00 ][ info ] [ ROUTE ] array (
  'type' => 'module',
  'module' => 
  array (
    0 => 'socket',
    1 => NULL,
    2 => NULL,
  ),
)
[ 2017-06-29T11:24:48+08:00 ][ info ] [ HEADER ] array (
)
[ 2017-06-29T11:24:48+08:00 ][ info ] [ PARAM ] array (
)
[ 2017-06-29T11:24:48+08:00 ][ info ] [ DB ] INIT mysql
[ 2017-06-29T11:24:48+08:00 ][ info ] [ SESSION ] INIT array (
  'id' => '',
  'var_session_id' => '',
  'prefix' => 'think',
  'type' => '',
  'auto_start' => true,
)
[ 2017-06-29T11:24:48+08:00 ][ info ] [ RUN ] app\socket\controller\Index->index[ D:\wamp64\www\sdb\application\socket\controller\Index.php ]
[ 2017-06-29T11:25:51+08:00 ][ info ] [ LANG ] D:\wamp64\www\sdb\thinkphp\lang\zh-cn.php
[ info ] [ LOG ] INIT File
[ 2017-06-29T11:25:51+08:00 ][ info ] [ LANG ] D:\wamp64\www\sdb/application/lang\zh-cn.php
[ 2017-06-29T11:25:51+08:00 ][ info ] [ BIND ] 'socket'
[ 2017-06-29T11:25:51+08:00 ][ info ] [ ROUTE ] array (
  'type' => 'module',
  'module' => 
  array (
    0 => 'socket',
    1 => NULL,
    2 => NULL,
  ),
)
[ 2017-06-29T11:25:51+08:00 ][ info ] [ HEADER ] array (
)
[ 2017-06-29T11:25:51+08:00 ][ info ] [ PARAM ] array (
)
[ 2017-06-29T11:25:51+08:00 ][ info ] [ DB ] INIT mysql
[ 2017-06-29T11:25:51+08:00 ][ info ] [ SESSION ] INIT array (
  'id' => '',
  'var_session_id' => '',
  'prefix' => 'think',
  'type' => '',
  'auto_start' => true,
)
[ 2017-06-29T11:25:51+08:00 ][ info ] [ RUN ] app\socket\controller\Index->index[ D:\wamp64\www\sdb\application\socket\controller\Index.php ]
[ 2017-06-29T11:26:13+08:00 ][ info ] [ LANG ] D:\wamp64\www\sdb\thinkphp\lang\zh-cn.php
[ info ] [ LOG ] INIT File
[ 2017-06-29T11:26:13+08:00 ][ info ] [ LANG ] D:\wamp64\www\sdb/application/lang\zh-cn.php
[ 2017-06-29T11:26:13+08:00 ][ info ] [ BIND ] 'socket'
[ 2017-06-29T11:26:13+08:00 ][ info ] [ ROUTE ] array (
  'type' => 'module',
  'module' => 
  array (
    0 => 'socket',
    1 => NULL,
    2 => NULL,
  ),
)
[ 2017-06-29T11:26:13+08:00 ][ info ] [ HEADER ] array (
)
[ 2017-06-29T11:26:13+08:00 ][ info ] [ PARAM ] array (
)
[ 2017-06-29T11:26:13+08:00 ][ info ] [ DB ] INIT mysql
[ 2017-06-29T11:26:13+08:00 ][ info ] [ SESSION ] INIT array (
  'id' => '',
  'var_session_id' => '',
  'prefix' => 'think',
  'type' => '',
  'auto_start' => true,
)
[ 2017-06-29T11:26:13+08:00 ][ info ] [ RUN ] app\socket\controller\Index->index[ D:\wamp64\www\sdb\application\socket\controller\Index.php ]
[ 2017-06-29T11:27:21+08:00 ][ info ] [ LANG ] D:\wamp64\www\sdb\thinkphp\lang\zh-cn.php
[ info ] [ LOG ] INIT File
[ 2017-06-29T11:27:21+08:00 ][ info ] [ LANG ] D:\wamp64\www\sdb/application/lang\zh-cn.php
[ 2017-06-29T11:27:21+08:00 ][ info ] [ BIND ] 'socket'
[ 2017-06-29T11:27:21+08:00 ][ info ] [ ROUTE ] array (
  'type' => 'module',
  'module' => 
  array (
    0 => 'socket',
    1 => NULL,
    2 => NULL,
  ),
)
[ 2017-06-29T11:27:21+08:00 ][ info ] [ HEADER ] array (
)
[ 2017-06-29T11:27:21+08:00 ][ info ] [ PARAM ] array (
)
[ 2017-06-29T11:27:22+08:00 ][ info ] [ DB ] INIT mysql
[ 2017-06-29T11:27:22+08:00 ][ info ] [ SESSION ] INIT array (
  'id' => '',
  'var_session_id' => '',
  'prefix' => 'think',
  'type' => '',
  'auto_start' => true,
)
[ 2017-06-29T11:27:22+08:00 ][ info ] [ RUN ] app\socket\controller\Index->index[ D:\wamp64\www\sdb\application\socket\controller\Index.php ]
[ 2017-06-29T12:01:14+08:00 ][ info ] [ LANG ] D:\wamp64\www\sdb\thinkphp\lang\zh-cn.php
[ info ] [ LOG ] INIT File
[ 2017-06-29T12:01:14+08:00 ][ info ] [ LANG ] D:\wamp64\www\sdb/application/lang\zh-cn.php
[ 2017-06-29T12:01:14+08:00 ][ info ] [ BIND ] 'socket'
[ 2017-06-29T12:01:14+08:00 ][ info ] [ ROUTE ] array (
  'type' => 'module',
  'module' => 
  array (
    0 => 'socket',
    1 => NULL,
    2 => NULL,
  ),
)
[ 2017-06-29T12:01:14+08:00 ][ info ] [ HEADER ] array (
)
[ 2017-06-29T12:01:14+08:00 ][ info ] [ PARAM ] array (
)
[ 2017-06-29T12:01:14+08:00 ][ info ] [ DB ] INIT mysql
[ 2017-06-29T12:01:14+08:00 ][ info ] [ SESSION ] INIT array (
  'id' => '',
  'var_session_id' => '',
  'prefix' => 'think',
  'type' => '',
  'auto_start' => true,
)
[ 2017-06-29T12:01:14+08:00 ][ info ] [ RUN ] app\socket\controller\Index->index[ D:\wamp64\www\sdb\application\socket\controller\Index.php ]
[ 2017-06-29T12:02:40+08:00 ][ info ] [ LANG ] D:\wamp64\www\sdb\thinkphp\lang\zh-cn.php
[ info ] [ LOG ] INIT File
[ 2017-06-29T12:02:40+08:00 ][ info ] [ LANG ] D:\wamp64\www\sdb/application/lang\zh-cn.php
[ 2017-06-29T12:02:40+08:00 ][ info ] [ BIND ] 'socket'
[ 2017-06-29T12:02:40+08:00 ][ info ] [ ROUTE ] array (
  'type' => 'module',
  'module' => 
  array (
    0 => 'socket',
    1 => NULL,
    2 => NULL,
  ),
)
[ 2017-06-29T12:02:40+08:00 ][ info ] [ HEADER ] array (
)
[ 2017-06-29T12:02:40+08:00 ][ info ] [ PARAM ] array (
)
[ 2017-06-29T12:02:40+08:00 ][ info ] [ DB ] INIT mysql
[ 2017-06-29T12:02:40+08:00 ][ info ] [ SESSION ] INIT array (
  'id' => '',
  'var_session_id' => '',
  'prefix' => 'think',
  'type' => '',
  'auto_start' => true,
)
[ 2017-06-29T12:02:40+08:00 ][ info ] [ RUN ] app\socket\controller\Index->index[ D:\wamp64\www\sdb\application\socket\controller\Index.php ]
[ 2017-06-29T12:04:16+08:00 ][ info ] [ LANG ] D:\wamp64\www\sdb\thinkphp\lang\zh-cn.php
[ info ] [ LOG ] INIT File
[ 2017-06-29T12:04:16+08:00 ][ info ] [ LANG ] D:\wamp64\www\sdb/application/lang\zh-cn.php
[ 2017-06-29T12:04:16+08:00 ][ info ] [ BIND ] 'socket'
[ 2017-06-29T12:04:16+08:00 ][ info ] [ ROUTE ] array (
  'type' => 'module',
  'module' => 
  array (
    0 => 'socket',
    1 => NULL,
    2 => NULL,
  ),
)
[ 2017-06-29T12:04:16+08:00 ][ info ] [ HEADER ] array (
)
[ 2017-06-29T12:04:16+08:00 ][ info ] [ PARAM ] array (
)
[ 2017-06-29T12:04:16+08:00 ][ error ] [0]Parse error: syntax error, unexpected ';', expecting ']'[D:\wamp64\www\sdb\application\socket\controller\Index.php:95]
[ 2017-06-29T12:05:07+08:00 ][ info ] [ LANG ] D:\wamp64\www\sdb\thinkphp\lang\zh-cn.php
[ info ] [ LOG ] INIT File
[ 2017-06-29T12:05:07+08:00 ][ info ] [ LANG ] D:\wamp64\www\sdb/application/lang\zh-cn.php
[ 2017-06-29T12:05:07+08:00 ][ info ] [ BIND ] 'socket'
[ 2017-06-29T12:05:07+08:00 ][ info ] [ ROUTE ] array (
  'type' => 'module',
  'module' => 
  array (
    0 => 'socket',
    1 => NULL,
    2 => NULL,
  ),
)
[ 2017-06-29T12:05:07+08:00 ][ info ] [ HEADER ] array (
)
[ 2017-06-29T12:05:07+08:00 ][ info ] [ PARAM ] array (
)
[ 2017-06-29T12:05:07+08:00 ][ info ] [ DB ] INIT mysql
[ 2017-06-29T12:05:07+08:00 ][ info ] [ SESSION ] INIT array (
  'id' => '',
  'var_session_id' => '',
  'prefix' => 'think',
  'type' => '',
  'auto_start' => true,
)
[ 2017-06-29T12:05:07+08:00 ][ info ] [ RUN ] app\socket\controller\Index->index[ D:\wamp64\www\sdb\application\socket\controller\Index.php ]
[ 2017-06-29T12:49:14+08:00 ][ info ] [ LANG ] D:\wamp64\www\sdb\thinkphp\lang\zh-cn.php
[ info ] [ LOG ] INIT File
[ 2017-06-29T12:49:14+08:00 ][ info ] [ LANG ] D:\wamp64\www\sdb/application/lang\zh-cn.php
[ 2017-06-29T12:49:14+08:00 ][ info ] [ BIND ] 'socket'
[ 2017-06-29T12:49:14+08:00 ][ info ] [ ROUTE ] array (
  'type' => 'module',
  'module' => 
  array (
    0 => 'socket',
    1 => NULL,
    2 => NULL,
  ),
)
[ 2017-06-29T12:49:14+08:00 ][ info ] [ HEADER ] array (
)
[ 2017-06-29T12:49:14+08:00 ][ info ] [ PARAM ] array (
)
[ 2017-06-29T12:49:14+08:00 ][ info ] [ DB ] INIT mysql
[ 2017-06-29T12:49:14+08:00 ][ info ] [ SESSION ] INIT array (
  'id' => '',
  'var_session_id' => '',
  'prefix' => 'think',
  'type' => '',
  'auto_start' => true,
)
[ 2017-06-29T12:49:14+08:00 ][ info ] [ RUN ] app\socket\controller\Index->index[ D:\wamp64\www\sdb\application\socket\controller\Index.php ]
[ 2017-06-29T13:40:47+08:00 ][ info ] [ LANG ] D:\wamp64\www\sdb\thinkphp\lang\zh-cn.php
[ info ] [ LOG ] INIT File
[ 2017-06-29T13:40:47+08:00 ][ info ] [ LANG ] D:\wamp64\www\sdb/application/lang\zh-cn.php
[ 2017-06-29T13:40:47+08:00 ][ info ] [ BIND ] 'socket'
[ 2017-06-29T13:40:47+08:00 ][ info ] [ ROUTE ] array (
  'type' => 'module',
  'module' => 
  array (
    0 => 'socket',
    1 => NULL,
    2 => NULL,
  ),
)
[ 2017-06-29T13:40:47+08:00 ][ info ] [ HEADER ] array (
)
[ 2017-06-29T13:40:47+08:00 ][ info ] [ PARAM ] array (
)
[ 2017-06-29T13:40:47+08:00 ][ error ] [0]Parse error: syntax error, unexpected ';', expecting ']'[D:\wamp64\www\sdb\application\socket\controller\Index.php:169]
[ 2017-06-29T13:41:07+08:00 ][ info ] [ LANG ] D:\wamp64\www\sdb\thinkphp\lang\zh-cn.php
[ info ] [ LOG ] INIT File
[ 2017-06-29T13:41:07+08:00 ][ info ] [ LANG ] D:\wamp64\www\sdb/application/lang\zh-cn.php
[ 2017-06-29T13:41:07+08:00 ][ info ] [ BIND ] 'socket'
[ 2017-06-29T13:41:07+08:00 ][ info ] [ ROUTE ] array (
  'type' => 'module',
  'module' => 
  array (
    0 => 'socket',
    1 => NULL,
    2 => NULL,
  ),
)
[ 2017-06-29T13:41:07+08:00 ][ info ] [ HEADER ] array (
)
[ 2017-06-29T13:41:07+08:00 ][ info ] [ PARAM ] array (
)
[ 2017-06-29T13:41:07+08:00 ][ info ] [ DB ] INIT mysql
[ 2017-06-29T13:41:07+08:00 ][ info ] [ SESSION ] INIT array (
  'id' => '',
  'var_session_id' => '',
  'prefix' => 'think',
  'type' => '',
  'auto_start' => true,
)
[ 2017-06-29T13:41:07+08:00 ][ info ] [ RUN ] app\socket\controller\Index->index[ D:\wamp64\www\sdb\application\socket\controller\Index.php ]
[ 2017-06-29T13:42:19+08:00 ][ info ] [ LANG ] D:\wamp64\www\sdb\thinkphp\lang\zh-cn.php
[ info ] [ LOG ] INIT File
[ 2017-06-29T13:42:19+08:00 ][ info ] [ LANG ] D:\wamp64\www\sdb/application/lang\zh-cn.php
[ 2017-06-29T13:42:19+08:00 ][ info ] [ BIND ] 'socket'
[ 2017-06-29T13:42:19+08:00 ][ info ] [ ROUTE ] array (
  'type' => 'module',
  'module' => 
  array (
    0 => 'socket',
    1 => NULL,
    2 => NULL,
  ),
)
[ 2017-06-29T13:42:19+08:00 ][ info ] [ HEADER ] array (
)
[ 2017-06-29T13:42:19+08:00 ][ info ] [ PARAM ] array (
)
[ 2017-06-29T13:42:19+08:00 ][ error ] [0]Parse error: syntax error, unexpected 'default' (T_DEFAULT)[D:\wamp64\www\sdb\application\socket\controller\Index.php:204]
[ 2017-06-29T13:43:33+08:00 ][ info ] [ LANG ] D:\wamp64\www\sdb\thinkphp\lang\zh-cn.php
[ info ] [ LOG ] INIT File
[ 2017-06-29T13:43:33+08:00 ][ info ] [ LANG ] D:\wamp64\www\sdb/application/lang\zh-cn.php
[ 2017-06-29T13:43:33+08:00 ][ info ] [ BIND ] 'socket'
[ 2017-06-29T13:43:33+08:00 ][ info ] [ ROUTE ] array (
  'type' => 'module',
  'module' => 
  array (
    0 => 'socket',
    1 => NULL,
    2 => NULL,
  ),
)
[ 2017-06-29T13:43:33+08:00 ][ info ] [ HEADER ] array (
)
[ 2017-06-29T13:43:33+08:00 ][ info ] [ PARAM ] array (
)
[ 2017-06-29T13:43:33+08:00 ][ error ] [0]Parse error: syntax error, unexpected ';', expecting ']'[D:\wamp64\www\sdb\application\socket\controller\Index.php:192]
[ 2017-06-29T13:43:43+08:00 ][ info ] [ LANG ] D:\wamp64\www\sdb\thinkphp\lang\zh-cn.php
[ info ] [ LOG ] INIT File
[ 2017-06-29T13:43:43+08:00 ][ info ] [ LANG ] D:\wamp64\www\sdb/application/lang\zh-cn.php
[ 2017-06-29T13:43:43+08:00 ][ info ] [ BIND ] 'socket'
[ 2017-06-29T13:43:43+08:00 ][ info ] [ ROUTE ] array (
  'type' => 'module',
  'module' => 
  array (
    0 => 'socket',
    1 => NULL,
    2 => NULL,
  ),
)
[ 2017-06-29T13:43:43+08:00 ][ info ] [ HEADER ] array (
)
[ 2017-06-29T13:43:43+08:00 ][ info ] [ PARAM ] array (
)
[ 2017-06-29T13:43:43+08:00 ][ info ] [ DB ] INIT mysql
[ 2017-06-29T13:43:44+08:00 ][ info ] [ SESSION ] INIT array (
  'id' => '',
  'var_session_id' => '',
  'prefix' => 'think',
  'type' => '',
  'auto_start' => true,
)
[ 2017-06-29T13:43:44+08:00 ][ info ] [ RUN ] app\socket\controller\Index->index[ D:\wamp64\www\sdb\application\socket\controller\Index.php ]
[ 2017-06-29T13:44:10+08:00 ][ info ] [ LANG ] D:\wamp64\www\sdb\thinkphp\lang\zh-cn.php
[ info ] [ LOG ] INIT File
[ 2017-06-29T13:44:10+08:00 ][ info ] [ LANG ] D:\wamp64\www\sdb/application/lang\zh-cn.php
[ 2017-06-29T13:44:11+08:00 ][ info ] [ BIND ] 'socket'
[ 2017-06-29T13:44:11+08:00 ][ info ] [ ROUTE ] array (
  'type' => 'module',
  'module' => 
  array (
    0 => 'socket',
    1 => NULL,
    2 => NULL,
  ),
)
[ 2017-06-29T13:44:11+08:00 ][ info ] [ HEADER ] array (
)
[ 2017-06-29T13:44:11+08:00 ][ info ] [ PARAM ] array (
)
[ 2017-06-29T13:44:11+08:00 ][ info ] [ DB ] INIT mysql
[ 2017-06-29T13:44:11+08:00 ][ info ] [ SESSION ] INIT array (
  'id' => '',
  'var_session_id' => '',
  'prefix' => 'think',
  'type' => '',
  'auto_start' => true,
)
[ 2017-06-29T13:44:11+08:00 ][ info ] [ RUN ] app\socket\controller\Index->index[ D:\wamp64\www\sdb\application\socket\controller\Index.php ]
[ 2017-06-29T14:11:50+08:00 ][ info ] [ LANG ] D:\wamp64\www\sdb\thinkphp\lang\zh-cn.php
[ info ] [ LOG ] INIT File
[ 2017-06-29T14:11:50+08:00 ][ info ] [ LANG ] D:\wamp64\www\sdb/application/lang\zh-cn.php
[ 2017-06-29T14:11:50+08:00 ][ info ] [ BIND ] 'socket'
[ 2017-06-29T14:11:50+08:00 ][ info ] [ ROUTE ] array (
  'type' => 'module',
  'module' => 
  array (
    0 => 'socket',
    1 => NULL,
    2 => NULL,
  ),
)
[ 2017-06-29T14:11:50+08:00 ][ info ] [ HEADER ] array (
)
[ 2017-06-29T14:11:50+08:00 ][ info ] [ PARAM ] array (
)
[ 2017-06-29T14:11:50+08:00 ][ info ] [ DB ] INIT mysql
[ 2017-06-29T14:11:50+08:00 ][ info ] [ SESSION ] INIT array (
  'id' => '',
  'var_session_id' => '',
  'prefix' => 'think',
  'type' => '',
  'auto_start' => true,
)
[ 2017-06-29T14:11:50+08:00 ][ info ] [ RUN ] app\socket\controller\Index->index[ D:\wamp64\www\sdb\application\socket\controller\Index.php ]
[ 2017-06-29T14:12:03+08:00 ][ info ] [ LANG ] D:\wamp64\www\sdb\thinkphp\lang\zh-cn.php
[ info ] [ LOG ] INIT File
[ 2017-06-29T14:12:03+08:00 ][ info ] [ LANG ] D:\wamp64\www\sdb/application/lang\zh-cn.php
[ 2017-06-29T14:12:03+08:00 ][ info ] [ BIND ] 'socket'
[ 2017-06-29T14:12:03+08:00 ][ info ] [ ROUTE ] array (
  'type' => 'module',
  'module' => 
  array (
    0 => 'socket',
    1 => NULL,
    2 => NULL,
  ),
)
[ 2017-06-29T14:12:03+08:00 ][ info ] [ HEADER ] array (
)
[ 2017-06-29T14:12:03+08:00 ][ info ] [ PARAM ] array (
)
[ 2017-06-29T14:12:03+08:00 ][ info ] [ DB ] INIT mysql
[ 2017-06-29T14:12:03+08:00 ][ info ] [ SESSION ] INIT array (
  'id' => '',
  'var_session_id' => '',
  'prefix' => 'think',
  'type' => '',
  'auto_start' => true,
)
[ 2017-06-29T14:12:03+08:00 ][ info ] [ RUN ] app\socket\controller\Index->index[ D:\wamp64\www\sdb\application\socket\controller\Index.php ]
[ 2017-06-29T14:12:07+08:00 ][ info ] [ CACHE ] INIT File
[ 2017-06-29T14:15:42+08:00 ][ info ] [ LANG ] D:\wamp64\www\sdb\thinkphp\lang\zh-cn.php
[ info ] [ LOG ] INIT File
[ 2017-06-29T14:15:42+08:00 ][ info ] [ LANG ] D:\wamp64\www\sdb/application/lang\zh-cn.php
[ 2017-06-29T14:15:42+08:00 ][ info ] [ BIND ] 'socket'
[ 2017-06-29T14:15:42+08:00 ][ info ] [ ROUTE ] array (
  'type' => 'module',
  'module' => 
  array (
    0 => 'socket',
    1 => NULL,
    2 => NULL,
  ),
)
[ 2017-06-29T14:15:42+08:00 ][ info ] [ HEADER ] array (
)
[ 2017-06-29T14:15:42+08:00 ][ info ] [ PARAM ] array (
)
[ 2017-06-29T14:15:42+08:00 ][ info ] [ DB ] INIT mysql
[ 2017-06-29T14:15:42+08:00 ][ info ] [ SESSION ] INIT array (
  'id' => '',
  'var_session_id' => '',
  'prefix' => 'think',
  'type' => '',
  'auto_start' => true,
)
[ 2017-06-29T14:15:42+08:00 ][ info ] [ RUN ] app\socket\controller\Index->index[ D:\wamp64\www\sdb\application\socket\controller\Index.php ]
[ 2017-06-29T14:15:50+08:00 ][ info ] [ CACHE ] INIT File
[ 2017-06-29T14:25:39+08:00 ][ info ] [ LANG ] D:\wamp64\www\sdb\thinkphp\lang\zh-cn.php
[ info ] [ LOG ] INIT File
[ 2017-06-29T14:25:39+08:00 ][ info ] [ LANG ] D:\wamp64\www\sdb/application/lang\zh-cn.php
[ 2017-06-29T14:25:39+08:00 ][ info ] [ BIND ] 'socket'
[ 2017-06-29T14:25:39+08:00 ][ info ] [ ROUTE ] array (
  'type' => 'module',
  'module' => 
  array (
    0 => 'socket',
    1 => NULL,
    2 => NULL,
  ),
)
[ 2017-06-29T14:25:39+08:00 ][ info ] [ HEADER ] array (
)
[ 2017-06-29T14:25:39+08:00 ][ info ] [ PARAM ] array (
)
[ 2017-06-29T14:25:39+08:00 ][ error ] [64]'break' not in the 'loop' or 'switch' context[D:\wamp64\www\sdb\application\socket\controller\Index.php:137]
[ 2017-06-29T14:26:43+08:00 ][ info ] [ LANG ] D:\wamp64\www\sdb\thinkphp\lang\zh-cn.php
[ info ] [ LOG ] INIT File
[ 2017-06-29T14:26:43+08:00 ][ info ] [ LANG ] D:\wamp64\www\sdb/application/lang\zh-cn.php
[ 2017-06-29T14:26:43+08:00 ][ info ] [ BIND ] 'socket'
[ 2017-06-29T14:26:43+08:00 ][ info ] [ ROUTE ] array (
  'type' => 'module',
  'module' => 
  array (
    0 => 'socket',
    1 => NULL,
    2 => NULL,
  ),
)
[ 2017-06-29T14:26:43+08:00 ][ info ] [ HEADER ] array (
)
[ 2017-06-29T14:26:43+08:00 ][ info ] [ PARAM ] array (
)
[ 2017-06-29T14:26:43+08:00 ][ info ] [ DB ] INIT mysql
[ 2017-06-29T14:26:44+08:00 ][ info ] [ SESSION ] INIT array (
  'id' => '',
  'var_session_id' => '',
  'prefix' => 'think',
  'type' => '',
  'auto_start' => true,
)
[ 2017-06-29T14:26:44+08:00 ][ info ] [ RUN ] app\socket\controller\Index->index[ D:\wamp64\www\sdb\application\socket\controller\Index.php ]
[ 2017-06-29T14:26:59+08:00 ][ info ] [ LANG ] D:\wamp64\www\sdb\thinkphp\lang\zh-cn.php
[ info ] [ LOG ] INIT File
[ 2017-06-29T14:26:59+08:00 ][ info ] [ LANG ] D:\wamp64\www\sdb/application/lang\zh-cn.php
[ 2017-06-29T14:26:59+08:00 ][ info ] [ BIND ] 'socket'
[ 2017-06-29T14:26:59+08:00 ][ info ] [ ROUTE ] array (
  'type' => 'module',
  'module' => 
  array (
    0 => 'socket',
    1 => NULL,
    2 => NULL,
  ),
)
[ 2017-06-29T14:26:59+08:00 ][ info ] [ HEADER ] array (
)
[ 2017-06-29T14:26:59+08:00 ][ info ] [ PARAM ] array (
)
[ 2017-06-29T14:26:59+08:00 ][ info ] [ DB ] INIT mysql
[ 2017-06-29T14:26:59+08:00 ][ info ] [ SESSION ] INIT array (
  'id' => '',
  'var_session_id' => '',
  'prefix' => 'think',
  'type' => '',
  'auto_start' => true,
)
[ 2017-06-29T14:26:59+08:00 ][ info ] [ RUN ] app\socket\controller\Index->index[ D:\wamp64\www\sdb\application\socket\controller\Index.php ]
[ 2017-06-29T14:27:08+08:00 ][ info ] [ CACHE ] INIT File
[ 2017-06-29T14:37:38+08:00 ][ info ] [ LANG ] D:\wamp64\www\sdb\thinkphp\lang\zh-cn.php
[ info ] [ LOG ] INIT File
[ 2017-06-29T14:37:38+08:00 ][ info ] [ LANG ] D:\wamp64\www\sdb/application/lang\zh-cn.php
[ 2017-06-29T14:37:38+08:00 ][ info ] [ BIND ] 'socket'
[ 2017-06-29T14:37:38+08:00 ][ info ] [ ROUTE ] array (
  'type' => 'module',
  'module' => 
  array (
    0 => 'socket',
    1 => NULL,
    2 => NULL,
  ),
)
[ 2017-06-29T14:37:38+08:00 ][ info ] [ HEADER ] array (
)
[ 2017-06-29T14:37:38+08:00 ][ info ] [ PARAM ] array (
)
[ 2017-06-29T14:37:38+08:00 ][ info ] [ DB ] INIT mysql
[ 2017-06-29T14:37:38+08:00 ][ info ] [ SESSION ] INIT array (
  'id' => '',
  'var_session_id' => '',
  'prefix' => 'think',
  'type' => '',
  'auto_start' => true,
)
[ 2017-06-29T14:37:38+08:00 ][ info ] [ RUN ] app\socket\controller\Index->index[ D:\wamp64\www\sdb\application\socket\controller\Index.php ]
[ 2017-06-29T14:38:06+08:00 ][ info ] [ CACHE ] INIT File
[ 2017-06-29T14:39:34+08:00 ][ info ] [ LANG ] D:\wamp64\www\sdb\thinkphp\lang\zh-cn.php
[ info ] [ LOG ] INIT File
[ 2017-06-29T14:39:34+08:00 ][ info ] [ LANG ] D:\wamp64\www\sdb/application/lang\zh-cn.php
[ 2017-06-29T14:39:34+08:00 ][ info ] [ BIND ] 'socket'
[ 2017-06-29T14:39:34+08:00 ][ info ] [ ROUTE ] array (
  'type' => 'module',
  'module' => 
  array (
    0 => 'socket',
    1 => NULL,
    2 => NULL,
  ),
)
[ 2017-06-29T14:39:34+08:00 ][ info ] [ HEADER ] array (
)
[ 2017-06-29T14:39:34+08:00 ][ info ] [ PARAM ] array (
)
[ 2017-06-29T14:39:34+08:00 ][ info ] [ DB ] INIT mysql
[ 2017-06-29T14:39:34+08:00 ][ info ] [ SESSION ] INIT array (
  'id' => '',
  'var_session_id' => '',
  'prefix' => 'think',
  'type' => '',
  'auto_start' => true,
)
[ 2017-06-29T14:39:34+08:00 ][ info ] [ RUN ] app\socket\controller\Index->index[ D:\wamp64\www\sdb\application\socket\controller\Index.php ]
[ 2017-06-29T14:40:12+08:00 ][ info ] [ LANG ] D:\wamp64\www\sdb\thinkphp\lang\zh-cn.php
[ info ] [ LOG ] INIT File
[ 2017-06-29T14:40:12+08:00 ][ info ] [ LANG ] D:\wamp64\www\sdb/application/lang\zh-cn.php
[ 2017-06-29T14:40:12+08:00 ][ info ] [ BIND ] 'socket'
[ 2017-06-29T14:40:12+08:00 ][ info ] [ ROUTE ] array (
  'type' => 'module',
  'module' => 
  array (
    0 => 'socket',
    1 => NULL,
    2 => NULL,
  ),
)
[ 2017-06-29T14:40:12+08:00 ][ info ] [ HEADER ] array (
)
[ 2017-06-29T14:40:12+08:00 ][ info ] [ PARAM ] array (
)
[ 2017-06-29T14:40:12+08:00 ][ info ] [ DB ] INIT mysql
[ 2017-06-29T14:40:12+08:00 ][ info ] [ SESSION ] INIT array (
  'id' => '',
  'var_session_id' => '',
  'prefix' => 'think',
  'type' => '',
  'auto_start' => true,
)
[ 2017-06-29T14:40:12+08:00 ][ info ] [ RUN ] app\socket\controller\Index->index[ D:\wamp64\www\sdb\application\socket\controller\Index.php ]
[ 2017-06-29T14:40:19+08:00 ][ info ] [ CACHE ] INIT File
[ 2017-06-29T14:41:04+08:00 ][ info ] [ LANG ] D:\wamp64\www\sdb\thinkphp\lang\zh-cn.php
[ info ] [ LOG ] INIT File
[ 2017-06-29T14:41:04+08:00 ][ info ] [ LANG ] D:\wamp64\www\sdb/application/lang\zh-cn.php
[ 2017-06-29T14:41:04+08:00 ][ info ] [ BIND ] 'socket'
[ 2017-06-29T14:41:04+08:00 ][ info ] [ ROUTE ] array (
  'type' => 'module',
  'module' => 
  array (
    0 => 'socket',
    1 => NULL,
    2 => NULL,
  ),
)
[ 2017-06-29T14:41:04+08:00 ][ info ] [ HEADER ] array (
)
[ 2017-06-29T14:41:04+08:00 ][ info ] [ PARAM ] array (
)
[ 2017-06-29T14:41:04+08:00 ][ info ] [ DB ] INIT mysql
[ 2017-06-29T14:41:04+08:00 ][ info ] [ SESSION ] INIT array (
  'id' => '',
  'var_session_id' => '',
  'prefix' => 'think',
  'type' => '',
  'auto_start' => true,
)
[ 2017-06-29T14:41:04+08:00 ][ info ] [ RUN ] app\socket\controller\Index->index[ D:\wamp64\www\sdb\application\socket\controller\Index.php ]
[ 2017-06-29T14:41:08+08:00 ][ info ] [ CACHE ] INIT File
[ 2017-06-29T14:42:44+08:00 ][ info ] [ LANG ] D:\wamp64\www\sdb\thinkphp\lang\zh-cn.php
[ info ] [ LOG ] INIT File
[ 2017-06-29T14:42:44+08:00 ][ info ] [ LANG ] D:\wamp64\www\sdb/application/lang\zh-cn.php
[ 2017-06-29T14:42:44+08:00 ][ info ] [ BIND ] 'socket'
[ 2017-06-29T14:42:44+08:00 ][ info ] [ ROUTE ] array (
  'type' => 'module',
  'module' => 
  array (
    0 => 'socket',
    1 => NULL,
    2 => NULL,
  ),
)
[ 2017-06-29T14:42:44+08:00 ][ info ] [ HEADER ] array (
)
[ 2017-06-29T14:42:44+08:00 ][ info ] [ PARAM ] array (
)
[ 2017-06-29T14:42:44+08:00 ][ info ] [ DB ] INIT mysql
[ 2017-06-29T14:42:44+08:00 ][ info ] [ SESSION ] INIT array (
  'id' => '',
  'var_session_id' => '',
  'prefix' => 'think',
  'type' => '',
  'auto_start' => true,
)
[ 2017-06-29T14:42:44+08:00 ][ info ] [ RUN ] app\socket\controller\Index->index[ D:\wamp64\www\sdb\application\socket\controller\Index.php ]
[ 2017-06-29T14:42:53+08:00 ][ info ] [ LANG ] D:\wamp64\www\sdb\thinkphp\lang\zh-cn.php
[ info ] [ LOG ] INIT File
[ 2017-06-29T14:42:53+08:00 ][ info ] [ LANG ] D:\wamp64\www\sdb/application/lang\zh-cn.php
[ 2017-06-29T14:42:53+08:00 ][ info ] [ BIND ] 'socket'
[ 2017-06-29T14:42:53+08:00 ][ info ] [ ROUTE ] array (
  'type' => 'module',
  'module' => 
  array (
    0 => 'socket',
    1 => NULL,
    2 => NULL,
  ),
)
[ 2017-06-29T14:42:53+08:00 ][ info ] [ HEADER ] array (
)
[ 2017-06-29T14:42:53+08:00 ][ info ] [ PARAM ] array (
)
[ 2017-06-29T14:42:53+08:00 ][ info ] [ DB ] INIT mysql
[ 2017-06-29T14:42:53+08:00 ][ info ] [ SESSION ] INIT array (
  'id' => '',
  'var_session_id' => '',
  'prefix' => 'think',
  'type' => '',
  'auto_start' => true,
)
[ 2017-06-29T14:42:53+08:00 ][ info ] [ RUN ] app\socket\controller\Index->index[ D:\wamp64\www\sdb\application\socket\controller\Index.php ]
[ 2017-06-29T14:42:57+08:00 ][ info ] [ CACHE ] INIT File
[ 2017-06-29T14:44:26+08:00 ][ info ] [ LANG ] D:\wamp64\www\sdb\thinkphp\lang\zh-cn.php
[ info ] [ LOG ] INIT File
[ 2017-06-29T14:44:26+08:00 ][ info ] [ LANG ] D:\wamp64\www\sdb/application/lang\zh-cn.php
[ 2017-06-29T14:44:26+08:00 ][ info ] [ BIND ] 'socket'
[ 2017-06-29T14:44:26+08:00 ][ info ] [ ROUTE ] array (
  'type' => 'module',
  'module' => 
  array (
    0 => 'socket',
    1 => NULL,
    2 => NULL,
  ),
)
[ 2017-06-29T14:44:26+08:00 ][ info ] [ HEADER ] array (
)
[ 2017-06-29T14:44:26+08:00 ][ info ] [ PARAM ] array (
)
[ 2017-06-29T14:44:26+08:00 ][ info ] [ DB ] INIT mysql
[ 2017-06-29T14:44:26+08:00 ][ info ] [ SESSION ] INIT array (
  'id' => '',
  'var_session_id' => '',
  'prefix' => 'think',
  'type' => '',
  'auto_start' => true,
)
[ 2017-06-29T14:44:26+08:00 ][ info ] [ RUN ] app\socket\controller\Index->index[ D:\wamp64\www\sdb\application\socket\controller\Index.php ]
[ 2017-06-29T14:45:55+08:00 ][ info ] [ CACHE ] INIT File
[ 2017-06-29T14:53:59+08:00 ][ info ] [ LANG ] D:\wamp64\www\sdb\thinkphp\lang\zh-cn.php
[ info ] [ LOG ] INIT File
[ 2017-06-29T14:53:59+08:00 ][ info ] [ LANG ] D:\wamp64\www\sdb/application/lang\zh-cn.php
[ 2017-06-29T14:53:59+08:00 ][ info ] [ BIND ] 'socket'
[ 2017-06-29T14:53:59+08:00 ][ info ] [ ROUTE ] array (
  'type' => 'module',
  'module' => 
  array (
    0 => 'socket',
    1 => NULL,
    2 => NULL,
  ),
)
[ 2017-06-29T14:53:59+08:00 ][ info ] [ HEADER ] array (
)
[ 2017-06-29T14:53:59+08:00 ][ info ] [ PARAM ] array (
)
[ 2017-06-29T14:53:59+08:00 ][ info ] [ DB ] INIT mysql
[ 2017-06-29T14:53:59+08:00 ][ info ] [ SESSION ] INIT array (
  'id' => '',
  'var_session_id' => '',
  'prefix' => 'think',
  'type' => '',
  'auto_start' => true,
)
[ 2017-06-29T14:53:59+08:00 ][ info ] [ RUN ] app\socket\controller\Index->index[ D:\wamp64\www\sdb\application\socket\controller\Index.php ]
[ 2017-06-29T14:54:09+08:00 ][ info ] [ CACHE ] INIT File
[ 2017-06-29T15:10:07+08:00 ][ info ] [ LANG ] D:\wamp64\www\sdb\thinkphp\lang\zh-cn.php
[ info ] [ LOG ] INIT File
[ 2017-06-29T15:10:07+08:00 ][ info ] [ LANG ] D:\wamp64\www\sdb/application/lang\zh-cn.php
[ 2017-06-29T15:10:07+08:00 ][ info ] [ BIND ] 'socket'
[ 2017-06-29T15:10:07+08:00 ][ info ] [ ROUTE ] array (
  'type' => 'module',
  'module' => 
  array (
    0 => 'socket',
    1 => NULL,
    2 => NULL,
  ),
)
[ 2017-06-29T15:10:07+08:00 ][ info ] [ HEADER ] array (
)
[ 2017-06-29T15:10:07+08:00 ][ info ] [ PARAM ] array (
)
[ 2017-06-29T15:10:07+08:00 ][ info ] [ DB ] INIT mysql
[ 2017-06-29T15:10:07+08:00 ][ info ] [ SESSION ] INIT array (
  'id' => '',
  'var_session_id' => '',
  'prefix' => 'think',
  'type' => '',
  'auto_start' => true,
)
[ 2017-06-29T15:10:07+08:00 ][ info ] [ RUN ] app\socket\controller\Index->index[ D:\wamp64\www\sdb\application\socket\controller\Index.php ]
[ 2017-06-29T15:10:16+08:00 ][ info ] [ LANG ] D:\wamp64\www\sdb\thinkphp\lang\zh-cn.php
[ info ] [ LOG ] INIT File
[ 2017-06-29T15:10:16+08:00 ][ info ] [ LANG ] D:\wamp64\www\sdb/application/lang\zh-cn.php
[ 2017-06-29T15:10:16+08:00 ][ info ] [ BIND ] 'socket'
[ 2017-06-29T15:10:16+08:00 ][ info ] [ ROUTE ] array (
  'type' => 'module',
  'module' => 
  array (
    0 => 'socket',
    1 => NULL,
    2 => NULL,
  ),
)
[ 2017-06-29T15:10:16+08:00 ][ info ] [ HEADER ] array (
)
[ 2017-06-29T15:10:16+08:00 ][ info ] [ PARAM ] array (
)
[ 2017-06-29T15:10:16+08:00 ][ info ] [ DB ] INIT mysql
[ 2017-06-29T15:10:16+08:00 ][ info ] [ SESSION ] INIT array (
  'id' => '',
  'var_session_id' => '',
  'prefix' => 'think',
  'type' => '',
  'auto_start' => true,
)
[ 2017-06-29T15:10:16+08:00 ][ info ] [ RUN ] app\socket\controller\Index->index[ D:\wamp64\www\sdb\application\socket\controller\Index.php ]
[ 2017-06-29T15:26:29+08:00 ][ info ] [ CACHE ] INIT File
[ 2017-06-29T15:28:05+08:00 ][ info ] [ LANG ] D:\wamp64\www\sdb\thinkphp\lang\zh-cn.php
[ info ] [ LOG ] INIT File
[ 2017-06-29T15:28:05+08:00 ][ info ] [ LANG ] D:\wamp64\www\sdb/application/lang\zh-cn.php
[ 2017-06-29T15:28:05+08:00 ][ info ] [ BIND ] 'socket'
[ 2017-06-29T15:28:05+08:00 ][ info ] [ ROUTE ] array (
  'type' => 'module',
  'module' => 
  array (
    0 => 'socket',
    1 => NULL,
    2 => NULL,
  ),
)
[ 2017-06-29T15:28:05+08:00 ][ info ] [ HEADER ] array (
)
[ 2017-06-29T15:28:05+08:00 ][ info ] [ PARAM ] array (
)
[ 2017-06-29T15:28:05+08:00 ][ info ] [ DB ] INIT mysql
[ 2017-06-29T15:28:05+08:00 ][ info ] [ SESSION ] INIT array (
  'id' => '',
  'var_session_id' => '',
  'prefix' => 'think',
  'type' => '',
  'auto_start' => true,
)
[ 2017-06-29T15:28:05+08:00 ][ info ] [ RUN ] app\socket\controller\Index->index[ D:\wamp64\www\sdb\application\socket\controller\Index.php ]
[ 2017-06-29T15:28:13+08:00 ][ info ] [ CACHE ] INIT File
[ 2017-06-29T15:42:08+08:00 ][ info ] [ LANG ] D:\wamp64\www\sdb\thinkphp\lang\zh-cn.php
[ info ] [ LOG ] INIT File
[ 2017-06-29T15:42:08+08:00 ][ info ] [ LANG ] D:\wamp64\www\sdb/application/lang\zh-cn.php
[ 2017-06-29T15:42:08+08:00 ][ info ] [ BIND ] 'socket'
[ 2017-06-29T15:42:08+08:00 ][ info ] [ ROUTE ] array (
  'type' => 'module',
  'module' => 
  array (
    0 => 'socket',
    1 => NULL,
    2 => NULL,
  ),
)
[ 2017-06-29T15:42:08+08:00 ][ info ] [ HEADER ] array (
)
[ 2017-06-29T15:42:08+08:00 ][ info ] [ PARAM ] array (
)
[ 2017-06-29T15:42:08+08:00 ][ info ] [ DB ] INIT mysql
[ 2017-06-29T15:42:08+08:00 ][ info ] [ SESSION ] INIT array (
  'id' => '',
  'var_session_id' => '',
  'prefix' => 'think',
  'type' => '',
  'auto_start' => true,
)
[ 2017-06-29T15:42:08+08:00 ][ info ] [ RUN ] app\socket\controller\Index->index[ D:\wamp64\www\sdb\application\socket\controller\Index.php ]
[ 2017-06-29T15:42:16+08:00 ][ info ] [ CACHE ] INIT File
[ 2017-06-29T15:42:57+08:00 ][ info ] [ LANG ] D:\wamp64\www\sdb\thinkphp\lang\zh-cn.php
[ info ] [ LOG ] INIT File
[ 2017-06-29T15:42:57+08:00 ][ info ] [ LANG ] D:\wamp64\www\sdb/application/lang\zh-cn.php
[ 2017-06-29T15:42:57+08:00 ][ info ] [ BIND ] 'socket'
[ 2017-06-29T15:42:57+08:00 ][ info ] [ ROUTE ] array (
  'type' => 'module',
  'module' => 
  array (
    0 => 'socket',
    1 => NULL,
    2 => NULL,
  ),
)
[ 2017-06-29T15:42:57+08:00 ][ info ] [ HEADER ] array (
)
[ 2017-06-29T15:42:57+08:00 ][ info ] [ PARAM ] array (
)
[ 2017-06-29T15:42:57+08:00 ][ info ] [ DB ] INIT mysql
[ 2017-06-29T15:42:57+08:00 ][ info ] [ SESSION ] INIT array (
  'id' => '',
  'var_session_id' => '',
  'prefix' => 'think',
  'type' => '',
  'auto_start' => true,
)
[ 2017-06-29T15:42:57+08:00 ][ info ] [ RUN ] app\socket\controller\Index->index[ D:\wamp64\www\sdb\application\socket\controller\Index.php ]
[ 2017-06-29T15:43:03+08:00 ][ info ] [ CACHE ] INIT File
[ 2017-06-29T15:44:41+08:00 ][ info ] [ LANG ] D:\wamp64\www\sdb\thinkphp\lang\zh-cn.php
[ info ] [ LOG ] INIT File
[ 2017-06-29T15:44:41+08:00 ][ info ] [ LANG ] D:\wamp64\www\sdb/application/lang\zh-cn.php
[ 2017-06-29T15:44:41+08:00 ][ info ] [ BIND ] 'socket'
[ 2017-06-29T15:44:41+08:00 ][ info ] [ ROUTE ] array (
  'type' => 'module',
  'module' => 
  array (
    0 => 'socket',
    1 => NULL,
    2 => NULL,
  ),
)
[ 2017-06-29T15:44:41+08:00 ][ info ] [ HEADER ] array (
)
[ 2017-06-29T15:44:41+08:00 ][ info ] [ PARAM ] array (
)
[ 2017-06-29T15:44:41+08:00 ][ info ] [ DB ] INIT mysql
[ 2017-06-29T15:44:41+08:00 ][ info ] [ SESSION ] INIT array (
  'id' => '',
  'var_session_id' => '',
  'prefix' => 'think',
  'type' => '',
  'auto_start' => true,
)
[ 2017-06-29T15:44:41+08:00 ][ info ] [ RUN ] app\socket\controller\Index->index[ D:\wamp64\www\sdb\application\socket\controller\Index.php ]
[ 2017-06-29T15:44:48+08:00 ][ info ] [ CACHE ] INIT File
