[ 2017-07-04T15:08:54+08:00 ][ info ] [ LANG ] D:\wamp64\www\sdb\thinkphp\lang\zh-cn.php
[ info ] [ LOG ] INIT File
[ 2017-07-04T15:08:54+08:00 ][ info ] [ LANG ] D:\wamp64\www\sdb/application/lang\zh-cn.php
[ 2017-07-04T15:08:54+08:00 ][ info ] [ BIND ] 'socket'
[ 2017-07-04T15:08:54+08:00 ][ info ] [ ROUTE ] array (
  'type' => 'module',
  'module' => 
  array (
    0 => 'socket',
    1 => NULL,
    2 => NULL,
  ),
)
[ 2017-07-04T15:08:54+08:00 ][ info ] [ HEADER ] array (
)
[ 2017-07-04T15:08:54+08:00 ][ info ] [ PARAM ] array (
)
[ 2017-07-04T15:08:54+08:00 ][ error ] [0]Parse error: syntax error, unexpected '}'[D:\wamp64\www\sdb\application\socket\controller\Index.php:541]
[ 2017-07-04T15:09:06+08:00 ][ info ] [ LANG ] D:\wamp64\www\sdb\thinkphp\lang\zh-cn.php
[ info ] [ LOG ] INIT File
[ 2017-07-04T15:09:06+08:00 ][ info ] [ LANG ] D:\wamp64\www\sdb/application/lang\zh-cn.php
[ 2017-07-04T15:09:06+08:00 ][ info ] [ BIND ] 'socket'
[ 2017-07-04T15:09:06+08:00 ][ info ] [ ROUTE ] array (
  'type' => 'module',
  'module' => 
  array (
    0 => 'socket',
    1 => NULL,
    2 => NULL,
  ),
)
[ 2017-07-04T15:09:06+08:00 ][ info ] [ HEADER ] array (
)
[ 2017-07-04T15:09:06+08:00 ][ info ] [ PARAM ] array (
)
[ 2017-07-04T15:09:06+08:00 ][ error ] [64]Constant expression contains invalid operations[D:\wamp64\www\sdb\application\socket\controller\Index.php:11]
[ 2017-07-04T15:09:26+08:00 ][ info ] [ LANG ] D:\wamp64\www\sdb\thinkphp\lang\zh-cn.php
[ info ] [ LOG ] INIT File
[ 2017-07-04T15:09:26+08:00 ][ info ] [ LANG ] D:\wamp64\www\sdb/application/lang\zh-cn.php
[ 2017-07-04T15:09:26+08:00 ][ info ] [ BIND ] 'socket'
[ 2017-07-04T15:09:26+08:00 ][ info ] [ ROUTE ] array (
  'type' => 'module',
  'module' => 
  array (
    0 => 'socket',
    1 => NULL,
    2 => NULL,
  ),
)
[ 2017-07-04T15:09:26+08:00 ][ info ] [ HEADER ] array (
)
[ 2017-07-04T15:09:26+08:00 ][ info ] [ PARAM ] array (
)
[ 2017-07-04T15:09:26+08:00 ][ info ] [ DB ] INIT mysql
[ 2017-07-04T15:09:26+08:00 ][ sql ] [ DB ] CONNECT:[ UseTime:0.016600s ] mysql:dbname=sdb;host=localhost;port=3306;charset=utf8
[ 2017-07-04T15:09:26+08:00 ][ sql ] [ SQL ] SHOW COLUMNS FROM `s_system` [ RunTime:0.000000s ]
[ 2017-07-04T15:09:26+08:00 ][ sql ] [ SQL ] SELECT * FROM `s_system` WHERE  `id` = 1 LIMIT 1 [ RunTime:0.000000s ]
[ 2017-07-04T15:09:26+08:00 ][ info ] [ SESSION ] INIT array (
  'id' => '',
  'var_session_id' => '',
  'prefix' => 'think',
  'type' => '',
  'auto_start' => true,
)
[ 2017-07-04T15:09:26+08:00 ][ info ] [ RUN ] app\socket\controller\Index->index[ D:\wamp64\www\sdb\application\socket\controller\Index.php ]
[ 2017-07-04T15:09:39+08:00 ][ sql ] [ SQL ] SHOW COLUMNS FROM `s_user` [ RunTime:0.000000s ]
[ 2017-07-04T15:09:39+08:00 ][ sql ] [ SQL ] SELECT `money` FROM `s_user` WHERE  `uid` = 1 LIMIT 1 [ RunTime:0.000000s ]
[ 2017-07-04T15:09:39+08:00 ][ sql ] [ SQL ] SHOW COLUMNS FROM `s_deal_b` [ RunTime:0.000000s ]
[ 2017-07-04T15:09:39+08:00 ][ sql ] [ SQL ] INSERT INTO `s_deal_b` (`bid` , `number` , `number_no` , `addtime` , `uid` , `price`) VALUES (1 , 1 , 1 , 1499152179 , 1 , 20) [ RunTime:0.000000s ]
[ 2017-07-04T15:09:39+08:00 ][ info ] [ CACHE ] INIT File
[ 2017-07-04T15:09:39+08:00 ][ sql ] [ SQL ] UPDATE `s_user`  SET `money`=money-20  WHERE  `uid` = 1 [ RunTime:0.015600s ]
[ 2017-07-04T15:09:39+08:00 ][ sql ] [ SQL ] SELECT `id`,`bid`,`price`,`number_no`,`number`,`uid` FROM `s_deal_s` WHERE  `bid` = 1  AND `status` = 0  AND `price` = 20 ORDER BY addtime asc [ RunTime:0.001000s ]
[ 2017-07-04T15:15:49+08:00 ][ info ] [ LANG ] D:\wamp64\www\sdb\thinkphp\lang\zh-cn.php
[ info ] [ LOG ] INIT File
[ 2017-07-04T15:15:49+08:00 ][ info ] [ LANG ] D:\wamp64\www\sdb/application/lang\zh-cn.php
[ 2017-07-04T15:15:49+08:00 ][ info ] [ BIND ] 'socket'
[ 2017-07-04T15:15:49+08:00 ][ info ] [ ROUTE ] array (
  'type' => 'module',
  'module' => 
  array (
    0 => 'socket',
    1 => NULL,
    2 => NULL,
  ),
)
[ 2017-07-04T15:15:49+08:00 ][ info ] [ HEADER ] array (
)
[ 2017-07-04T15:15:49+08:00 ][ info ] [ PARAM ] array (
)
[ 2017-07-04T15:15:49+08:00 ][ info ] [ DB ] INIT mysql
[ 2017-07-04T15:15:49+08:00 ][ sql ] [ DB ] CONNECT:[ UseTime:0.015600s ] mysql:dbname=sdb;host=localhost;port=3306;charset=utf8
[ 2017-07-04T15:15:49+08:00 ][ sql ] [ SQL ] SHOW COLUMNS FROM `s_system` [ RunTime:0.000000s ]
[ 2017-07-04T15:15:49+08:00 ][ sql ] [ SQL ] SELECT * FROM `s_system` WHERE  `id` = 1 LIMIT 1 [ RunTime:0.000000s ]
[ 2017-07-04T15:15:49+08:00 ][ info ] [ SESSION ] INIT array (
  'id' => '',
  'var_session_id' => '',
  'prefix' => 'think',
  'type' => '',
  'auto_start' => true,
)
[ 2017-07-04T15:15:49+08:00 ][ info ] [ RUN ] app\socket\controller\Index->index[ D:\wamp64\www\sdb\application\socket\controller\Index.php ]
[ 2017-07-04T15:17:21+08:00 ][ info ] [ LANG ] D:\wamp64\www\sdb\thinkphp\lang\zh-cn.php
[ info ] [ LOG ] INIT File
[ 2017-07-04T15:17:21+08:00 ][ info ] [ LANG ] D:\wamp64\www\sdb/application/lang\zh-cn.php
[ 2017-07-04T15:17:21+08:00 ][ info ] [ BIND ] 'socket'
[ 2017-07-04T15:17:21+08:00 ][ info ] [ ROUTE ] array (
  'type' => 'module',
  'module' => 
  array (
    0 => 'socket',
    1 => NULL,
    2 => NULL,
  ),
)
[ 2017-07-04T15:17:21+08:00 ][ info ] [ HEADER ] array (
)
[ 2017-07-04T15:17:21+08:00 ][ info ] [ PARAM ] array (
)
[ 2017-07-04T15:17:21+08:00 ][ info ] [ DB ] INIT mysql
[ 2017-07-04T15:17:21+08:00 ][ sql ] [ DB ] CONNECT:[ UseTime:0.000000s ] mysql:dbname=sdb;host=localhost;port=3306;charset=utf8
[ 2017-07-04T15:17:21+08:00 ][ sql ] [ SQL ] SHOW COLUMNS FROM `s_system` [ RunTime:0.000000s ]
[ 2017-07-04T15:17:21+08:00 ][ sql ] [ SQL ] SELECT * FROM `s_system` WHERE  `id` = 1 LIMIT 1 [ RunTime:0.000000s ]
[ 2017-07-04T15:17:21+08:00 ][ info ] [ SESSION ] INIT array (
  'id' => '',
  'var_session_id' => '',
  'prefix' => 'think',
  'type' => '',
  'auto_start' => true,
)
[ 2017-07-04T15:17:21+08:00 ][ info ] [ RUN ] app\socket\controller\Index->index[ D:\wamp64\www\sdb\application\socket\controller\Index.php ]
[ 2017-07-04T15:18:19+08:00 ][ info ] [ LANG ] D:\wamp64\www\sdb\thinkphp\lang\zh-cn.php
[ info ] [ LOG ] INIT File
[ 2017-07-04T15:18:19+08:00 ][ info ] [ LANG ] D:\wamp64\www\sdb/application/lang\zh-cn.php
[ 2017-07-04T15:18:19+08:00 ][ info ] [ BIND ] 'socket'
[ 2017-07-04T15:18:19+08:00 ][ info ] [ ROUTE ] array (
  'type' => 'module',
  'module' => 
  array (
    0 => 'socket',
    1 => NULL,
    2 => NULL,
  ),
)
[ 2017-07-04T15:18:19+08:00 ][ info ] [ HEADER ] array (
)
[ 2017-07-04T15:18:19+08:00 ][ info ] [ PARAM ] array (
)
[ 2017-07-04T15:18:19+08:00 ][ info ] [ DB ] INIT mysql
[ 2017-07-04T15:18:19+08:00 ][ sql ] [ DB ] CONNECT:[ UseTime:0.031200s ] mysql:dbname=sdb;host=localhost;port=3306;charset=utf8
[ 2017-07-04T15:18:19+08:00 ][ sql ] [ SQL ] SHOW COLUMNS FROM `s_system` [ RunTime:0.000000s ]
[ 2017-07-04T15:18:19+08:00 ][ sql ] [ SQL ] SELECT * FROM `s_system` WHERE  `id` = 1 LIMIT 1 [ RunTime:0.000000s ]
[ 2017-07-04T15:18:19+08:00 ][ info ] [ SESSION ] INIT array (
  'id' => '',
  'var_session_id' => '',
  'prefix' => 'think',
  'type' => '',
  'auto_start' => true,
)
[ 2017-07-04T15:18:19+08:00 ][ info ] [ RUN ] app\socket\controller\Index->index[ D:\wamp64\www\sdb\application\socket\controller\Index.php ]
[ 2017-07-04T15:18:25+08:00 ][ sql ] [ SQL ] SHOW COLUMNS FROM `s_u-b` [ RunTime:0.000000s ]
[ 2017-07-04T15:18:25+08:00 ][ sql ] [ SQL ] SELECT * FROM `s_u-b` [ RunTime:0.000000s ]
[ 2017-07-04T15:18:25+08:00 ][ sql ] [ SQL ] SHOW COLUMNS FROM `s_user` [ RunTime:0.000000s ]
[ 2017-07-04T15:18:25+08:00 ][ sql ] [ SQL ] SELECT `money` FROM `s_user` WHERE  `uid` = 1 LIMIT 1 [ RunTime:0.000000s ]
[ 2017-07-04T15:18:25+08:00 ][ sql ] [ SQL ] SHOW COLUMNS FROM `s_deal_b` [ RunTime:0.000000s ]
[ 2017-07-04T15:18:25+08:00 ][ sql ] [ SQL ] INSERT INTO `s_deal_b` (`bid` , `number` , `number_no` , `addtime` , `uid` , `price`) VALUES (1 , 1 , 1 , 1499152705 , 1 , 210) [ RunTime:0.000000s ]
[ 2017-07-04T15:18:25+08:00 ][ info ] [ CACHE ] INIT File
[ 2017-07-04T15:18:25+08:00 ][ sql ] [ SQL ] UPDATE `s_user`  SET `money`=money-210  WHERE  `uid` = 1 [ RunTime:0.000000s ]
[ 2017-07-04T15:18:25+08:00 ][ sql ] [ SQL ] SELECT `id`,`bid`,`price`,`number_no`,`number`,`uid` FROM `s_deal_s` WHERE  `bid` = 1  AND `status` = 0  AND `price` = 210 ORDER BY addtime asc [ RunTime:0.000000s ]
[ 2017-07-04T15:19:27+08:00 ][ info ] [ LANG ] D:\wamp64\www\sdb\thinkphp\lang\zh-cn.php
[ info ] [ LOG ] INIT File
[ 2017-07-04T15:19:27+08:00 ][ info ] [ LANG ] D:\wamp64\www\sdb/application/lang\zh-cn.php
[ 2017-07-04T15:19:27+08:00 ][ info ] [ BIND ] 'socket'
[ 2017-07-04T15:19:27+08:00 ][ info ] [ ROUTE ] array (
  'type' => 'module',
  'module' => 
  array (
    0 => 'socket',
    1 => NULL,
    2 => NULL,
  ),
)
[ 2017-07-04T15:19:27+08:00 ][ info ] [ HEADER ] array (
)
[ 2017-07-04T15:19:27+08:00 ][ info ] [ PARAM ] array (
)
[ 2017-07-04T15:19:27+08:00 ][ info ] [ DB ] INIT mysql
[ 2017-07-04T15:19:27+08:00 ][ sql ] [ DB ] CONNECT:[ UseTime:0.000000s ] mysql:dbname=sdb;host=localhost;port=3306;charset=utf8
[ 2017-07-04T15:19:27+08:00 ][ sql ] [ SQL ] SHOW COLUMNS FROM `s_system` [ RunTime:0.015600s ]
[ 2017-07-04T15:19:27+08:00 ][ sql ] [ SQL ] SELECT * FROM `s_system` WHERE  `id` = 1 LIMIT 1 [ RunTime:0.000000s ]
[ 2017-07-04T15:19:27+08:00 ][ info ] [ SESSION ] INIT array (
  'id' => '',
  'var_session_id' => '',
  'prefix' => 'think',
  'type' => '',
  'auto_start' => true,
)
[ 2017-07-04T15:19:27+08:00 ][ info ] [ RUN ] app\socket\controller\Index->index[ D:\wamp64\www\sdb\application\socket\controller\Index.php ]
[ 2017-07-04T15:29:03+08:00 ][ sql ] [ SQL ] SHOW COLUMNS FROM `s_u-b` [ RunTime:0.000000s ]
[ 2017-07-04T15:29:03+08:00 ][ sql ] [ SQL ] SELECT * FROM `s_u-b` [ RunTime:0.000000s ]
[ 2017-07-04T15:29:03+08:00 ][ sql ] [ SQL ] SHOW COLUMNS FROM `s_user` [ RunTime:0.000000s ]
[ 2017-07-04T15:29:03+08:00 ][ sql ] [ SQL ] SELECT `money` FROM `s_user` WHERE  `uid` = 1 LIMIT 1 [ RunTime:0.000000s ]
[ 2017-07-04T15:29:03+08:00 ][ sql ] [ SQL ] SHOW COLUMNS FROM `s_deal_b` [ RunTime:0.015600s ]
[ 2017-07-04T15:29:03+08:00 ][ sql ] [ SQL ] INSERT INTO `s_deal_b` (`bid` , `number` , `number_no` , `addtime` , `uid` , `price`) VALUES (1 , 1 , 1 , 1499153343 , 1 , 0.08) [ RunTime:0.000000s ]
[ 2017-07-04T15:29:03+08:00 ][ info ] [ CACHE ] INIT File
[ 2017-07-04T15:29:03+08:00 ][ sql ] [ SQL ] UPDATE `s_user`  SET `money`=money-0.08  WHERE  `uid` = 1 [ RunTime:0.000000s ]
[ 2017-07-04T15:29:03+08:00 ][ sql ] [ SQL ] SELECT `id`,`bid`,`price`,`number_no`,`number`,`uid` FROM `s_deal_s` WHERE  `bid` = 1  AND `status` = 0  AND `price` = 0.08 ORDER BY addtime asc [ RunTime:0.015600s ]
[ 2017-07-04T15:29:03+08:00 ][ sql ] [ SQL ] SHOW COLUMNS FROM `s_deal_s` [ RunTime:0.000000s ]
[ 2017-07-04T15:29:03+08:00 ][ sql ] [ SQL ] UPDATE `s_deal_s`  SET `status`=1,`number_no`=0  WHERE  `id` = 226 [ RunTime:0.000000s ]
[ 2017-07-04T15:29:03+08:00 ][ sql ] [ SQL ] UPDATE `s_user`  SET `money`=money+0.000  WHERE  `uid` = 1 [ RunTime:0.000000s ]
[ 2017-07-04T15:29:03+08:00 ][ sql ] [ SQL ] SELECT COUNT(*) AS tp_count FROM `s_u-b` WHERE  `uid` = 1  AND `bid` = 1 LIMIT 1 [ RunTime:0.000000s ]
[ 2017-07-04T15:29:03+08:00 ][ sql ] [ SQL ] UPDATE `s_u-b`  SET `number`=number+0.010000  WHERE  `uid` = 1  AND `bid` = 1 [ RunTime:0.000000s ]
[ 2017-07-04T15:29:03+08:00 ][ sql ] [ SQL ] SHOW COLUMNS FROM `s_mrecord` [ RunTime:0.015600s ]
[ 2017-07-04T15:29:03+08:00 ][ sql ] [ SQL ] INSERT INTO `s_mrecord` (`uid` , `fuid` , `number` , `bid` , `addtime` , `money` , `status` , `type` , `oid`) VALUES (1 , 1 , 0.01 , 1 , 1499153343 , 0.08 , 1 , 3 , '20170704123276') [ RunTime:0.000000s ]
[ 2017-07-04T15:29:03+08:00 ][ sql ] [ SQL ] UPDATE `s_deal_s`  SET `status`=1,`number_no`=0  WHERE  `id` = 227 [ RunTime:0.000000s ]
[ 2017-07-04T15:29:03+08:00 ][ sql ] [ SQL ] UPDATE `s_user`  SET `money`=money+0.000  WHERE  `uid` = 1 [ RunTime:0.000000s ]
[ 2017-07-04T15:29:03+08:00 ][ sql ] [ SQL ] SELECT COUNT(*) AS tp_count FROM `s_u-b` WHERE  `uid` = 1  AND `bid` = 1 LIMIT 1 [ RunTime:0.000000s ]
[ 2017-07-04T15:29:03+08:00 ][ sql ] [ SQL ] UPDATE `s_u-b`  SET `number`=number+0.010000  WHERE  `uid` = 1  AND `bid` = 1 [ RunTime:0.000000s ]
[ 2017-07-04T15:29:03+08:00 ][ sql ] [ SQL ] INSERT INTO `s_mrecord` (`uid` , `fuid` , `number` , `bid` , `addtime` , `money` , `status` , `type` , `oid`) VALUES (1 , 1 , 0.01 , 1 , 1499153343 , 0.08 , 1 , 3 , '20170704123276') [ RunTime:0.000000s ]
[ 2017-07-04T15:29:03+08:00 ][ sql ] [ SQL ] UPDATE `s_deal_b`  SET `status`=0,`number_no`=0.98  WHERE  `id` = 349 [ RunTime:0.000000s ]
[ 2017-07-04T15:31:45+08:00 ][ info ] [ LANG ] D:\wamp64\www\sdb\thinkphp\lang\zh-cn.php
[ info ] [ LOG ] INIT File
[ 2017-07-04T15:31:45+08:00 ][ info ] [ LANG ] D:\wamp64\www\sdb/application/lang\zh-cn.php
[ 2017-07-04T15:31:45+08:00 ][ info ] [ BIND ] 'socket'
[ 2017-07-04T15:31:45+08:00 ][ info ] [ ROUTE ] array (
  'type' => 'module',
  'module' => 
  array (
    0 => 'socket',
    1 => NULL,
    2 => NULL,
  ),
)
[ 2017-07-04T15:31:45+08:00 ][ info ] [ HEADER ] array (
)
[ 2017-07-04T15:31:45+08:00 ][ info ] [ PARAM ] array (
)
[ 2017-07-04T15:31:45+08:00 ][ info ] [ DB ] INIT mysql
[ 2017-07-04T15:31:45+08:00 ][ sql ] [ DB ] CONNECT:[ UseTime:0.015600s ] mysql:dbname=sdb;host=localhost;port=3306;charset=utf8
[ 2017-07-04T15:31:45+08:00 ][ sql ] [ SQL ] SHOW COLUMNS FROM `s_system` [ RunTime:0.000000s ]
[ 2017-07-04T15:31:45+08:00 ][ sql ] [ SQL ] SELECT * FROM `s_system` WHERE  `id` = 1 LIMIT 1 [ RunTime:0.000000s ]
[ 2017-07-04T15:31:45+08:00 ][ info ] [ SESSION ] INIT array (
  'id' => '',
  'var_session_id' => '',
  'prefix' => 'think',
  'type' => '',
  'auto_start' => true,
)
[ 2017-07-04T15:31:45+08:00 ][ info ] [ RUN ] app\socket\controller\Index->index[ D:\wamp64\www\sdb\application\socket\controller\Index.php ]
[ 2017-07-04T16:29:52+08:00 ][ info ] [ LANG ] D:\wamp64\www\sdb\thinkphp\lang\zh-cn.php
[ info ] [ LOG ] INIT File
[ 2017-07-04T16:29:52+08:00 ][ info ] [ LANG ] D:\wamp64\www\sdb/application/lang\zh-cn.php
[ 2017-07-04T16:29:52+08:00 ][ info ] [ BIND ] 'socket'
[ 2017-07-04T16:29:52+08:00 ][ info ] [ ROUTE ] array (
  'type' => 'module',
  'module' => 
  array (
    0 => 'socket',
    1 => NULL,
    2 => NULL,
  ),
)
[ 2017-07-04T16:29:52+08:00 ][ info ] [ HEADER ] array (
)
[ 2017-07-04T16:29:52+08:00 ][ info ] [ PARAM ] array (
)
[ 2017-07-04T16:29:52+08:00 ][ info ] [ DB ] INIT mysql
[ 2017-07-04T16:29:52+08:00 ][ sql ] [ DB ] CONNECT:[ UseTime:0.015001s ] mysql:dbname=sdb;host=localhost;port=3306;charset=utf8
[ 2017-07-04T16:29:52+08:00 ][ sql ] [ SQL ] SHOW COLUMNS FROM `s_system` [ RunTime:0.001000s ]
[ 2017-07-04T16:29:52+08:00 ][ sql ] [ SQL ] SELECT * FROM `s_system` WHERE  `id` = 1 LIMIT 1 [ RunTime:0.001000s ]
[ 2017-07-04T16:29:52+08:00 ][ info ] [ SESSION ] INIT array (
  'id' => '',
  'var_session_id' => '',
  'prefix' => 'think',
  'type' => '',
  'auto_start' => true,
)
[ 2017-07-04T16:29:52+08:00 ][ info ] [ RUN ] app\socket\controller\Index->index[ D:\wamp64\www\sdb\application\socket\controller\Index.php ]
[ 2017-07-04T16:29:59+08:00 ][ sql ] [ SQL ] SHOW COLUMNS FROM `s_user` [ RunTime:0.005000s ]
[ 2017-07-04T16:29:59+08:00 ][ sql ] [ SQL ] SELECT `money` FROM `s_user` WHERE  `uid` = 1 LIMIT 1 [ RunTime:0.000000s ]
[ 2017-07-04T16:29:59+08:00 ][ sql ] [ SQL ] SHOW COLUMNS FROM `s_deal_b` [ RunTime:0.004000s ]
[ 2017-07-04T16:29:59+08:00 ][ sql ] [ SQL ] INSERT INTO `s_deal_b` (`bid` , `number` , `number_no` , `addtime` , `uid` , `price`) VALUES (1 , 1 , 1 , 1499156999 , 1 , 0.08) [ RunTime:0.001000s ]
[ 2017-07-04T16:29:59+08:00 ][ info ] [ CACHE ] INIT File
[ 2017-07-04T16:29:59+08:00 ][ sql ] [ SQL ] UPDATE `s_user`  SET `money`=money-0.08  WHERE  `uid` = 1 [ RunTime:0.000000s ]
[ 2017-07-04T16:29:59+08:00 ][ sql ] [ SQL ] SELECT `id`,`bid`,`price`,`number_no`,`number`,`uid` FROM `s_deal_s` WHERE  `bid` = 1  AND `status` = 0  AND `price` = 0.08 ORDER BY addtime asc [ RunTime:0.004000s ]
[ 2017-07-04T16:30:12+08:00 ][ sql ] [ SQL ] SELECT `money` FROM `s_user` WHERE  `uid` = 1 LIMIT 1 [ RunTime:0.000000s ]
[ 2017-07-04T16:30:12+08:00 ][ sql ] [ SQL ] INSERT INTO `s_deal_b` (`bid` , `number` , `number_no` , `addtime` , `uid` , `price`) VALUES (1 , 1 , 1 , 1499157012 , 1 , 0.05) [ RunTime:0.000000s ]
[ 2017-07-04T16:30:12+08:00 ][ sql ] [ SQL ] UPDATE `s_user`  SET `money`=money-0.05  WHERE  `uid` = 1 [ RunTime:0.001000s ]
[ 2017-07-04T16:30:12+08:00 ][ sql ] [ SQL ] SELECT `id`,`bid`,`price`,`number_no`,`number`,`uid` FROM `s_deal_s` WHERE  `bid` = 1  AND `status` = 0  AND `price` = 0.05 ORDER BY addtime asc [ RunTime:0.000000s ]
[ 2017-07-04T16:30:58+08:00 ][ info ] [ LANG ] D:\wamp64\www\sdb\thinkphp\lang\zh-cn.php
[ info ] [ LOG ] INIT File
[ 2017-07-04T16:30:58+08:00 ][ info ] [ LANG ] D:\wamp64\www\sdb/application/lang\zh-cn.php
[ 2017-07-04T16:30:58+08:00 ][ info ] [ BIND ] 'socket'
[ 2017-07-04T16:30:58+08:00 ][ info ] [ ROUTE ] array (
  'type' => 'module',
  'module' => 
  array (
    0 => 'socket',
    1 => NULL,
    2 => NULL,
  ),
)
[ 2017-07-04T16:30:58+08:00 ][ info ] [ HEADER ] array (
)
[ 2017-07-04T16:30:58+08:00 ][ info ] [ PARAM ] array (
)
[ 2017-07-04T16:30:58+08:00 ][ info ] [ DB ] INIT mysql
[ 2017-07-04T16:30:58+08:00 ][ sql ] [ DB ] CONNECT:[ UseTime:0.006000s ] mysql:dbname=sdb;host=localhost;port=3306;charset=utf8
[ 2017-07-04T16:30:58+08:00 ][ sql ] [ SQL ] SHOW COLUMNS FROM `s_system` [ RunTime:0.000000s ]
[ 2017-07-04T16:30:58+08:00 ][ sql ] [ SQL ] SELECT * FROM `s_system` WHERE  `id` = 1 LIMIT 1 [ RunTime:0.000000s ]
[ 2017-07-04T16:30:58+08:00 ][ info ] [ SESSION ] INIT array (
  'id' => '',
  'var_session_id' => '',
  'prefix' => 'think',
  'type' => '',
  'auto_start' => true,
)
[ 2017-07-04T16:30:58+08:00 ][ info ] [ RUN ] app\socket\controller\Index->index[ D:\wamp64\www\sdb\application\socket\controller\Index.php ]
[ 2017-07-04T16:31:05+08:00 ][ sql ] [ SQL ] SHOW COLUMNS FROM `s_user` [ RunTime:0.001000s ]
[ 2017-07-04T16:31:05+08:00 ][ sql ] [ SQL ] SELECT `money` FROM `s_user` WHERE  `uid` = 1 LIMIT 1 [ RunTime:0.000000s ]
[ 2017-07-04T16:31:05+08:00 ][ sql ] [ SQL ] SHOW COLUMNS FROM `s_deal_b` [ RunTime:0.001000s ]
[ 2017-07-04T16:31:05+08:00 ][ sql ] [ SQL ] INSERT INTO `s_deal_b` (`bid` , `number` , `number_no` , `addtime` , `uid` , `price`) VALUES (1 , 1 , 1 , 1499157065 , 1 , 0.05) [ RunTime:0.001000s ]
[ 2017-07-04T16:31:05+08:00 ][ info ] [ CACHE ] INIT File
[ 2017-07-04T16:31:05+08:00 ][ sql ] [ SQL ] UPDATE `s_user`  SET `money`=money-0.05  WHERE  `uid` = 1 [ RunTime:0.000000s ]
[ 2017-07-04T16:31:05+08:00 ][ sql ] [ SQL ] SELECT `id`,`bid`,`price`,`number_no`,`number`,`uid` FROM `s_deal_s` WHERE  `bid` = 1  AND `status` = 0  AND `price` = 0.05 ORDER BY addtime asc [ RunTime:0.000000s ]
[ 2017-07-04T16:31:05+08:00 ][ sql ] [ SQL ] SHOW COLUMNS FROM `s_deal_s` [ RunTime:0.002000s ]
[ 2017-07-04T16:31:05+08:00 ][ sql ] [ SQL ] UPDATE `s_deal_s`  SET `status`=1,`number_no`=0  WHERE  `id` = 215 [ RunTime:0.000000s ]
[ 2017-07-04T16:31:05+08:00 ][ sql ] [ SQL ] UPDATE `s_user`  SET `money`=money+0.005  WHERE  `uid` = 1 [ RunTime:0.000000s ]
[ 2017-07-04T16:31:05+08:00 ][ sql ] [ SQL ] SHOW COLUMNS FROM `s_u-b` [ RunTime:0.001000s ]
[ 2017-07-04T16:31:05+08:00 ][ sql ] [ SQL ] SELECT COUNT(*) AS tp_count FROM `s_u-b` WHERE  `uid` = 1  AND `bid` = 1 LIMIT 1 [ RunTime:0.001000s ]
[ 2017-07-04T16:31:05+08:00 ][ sql ] [ SQL ] UPDATE `s_u-b`  SET `number`=number+0.100000  WHERE  `uid` = 1  AND `bid` = 1 [ RunTime:0.000000s ]
[ 2017-07-04T16:31:05+08:00 ][ sql ] [ SQL ] UPDATE `s_deal_s`  SET `status`=1,`number_no`=0  WHERE  `id` = 216 [ RunTime:0.000000s ]
[ 2017-07-04T16:31:05+08:00 ][ sql ] [ SQL ] UPDATE `s_user`  SET `money`=money+0.005  WHERE  `uid` = 1 [ RunTime:0.001000s ]
[ 2017-07-04T16:31:05+08:00 ][ sql ] [ SQL ] SELECT COUNT(*) AS tp_count FROM `s_u-b` WHERE  `uid` = 1  AND `bid` = 1 LIMIT 1 [ RunTime:0.000000s ]
[ 2017-07-04T16:31:05+08:00 ][ sql ] [ SQL ] UPDATE `s_u-b`  SET `number`=number+0.100000  WHERE  `uid` = 1  AND `bid` = 1 [ RunTime:0.001000s ]
[ 2017-07-04T16:31:05+08:00 ][ sql ] [ SQL ] UPDATE `s_deal_s`  SET `status`=1,`number_no`=0  WHERE  `id` = 217 [ RunTime:0.000000s ]
[ 2017-07-04T16:31:05+08:00 ][ sql ] [ SQL ] UPDATE `s_user`  SET `money`=money+0.005  WHERE  `uid` = 1 [ RunTime:0.000000s ]
[ 2017-07-04T16:31:05+08:00 ][ sql ] [ SQL ] SELECT COUNT(*) AS tp_count FROM `s_u-b` WHERE  `uid` = 1  AND `bid` = 1 LIMIT 1 [ RunTime:0.001000s ]
[ 2017-07-04T16:31:05+08:00 ][ sql ] [ SQL ] UPDATE `s_u-b`  SET `number`=number+0.100000  WHERE  `uid` = 1  AND `bid` = 1 [ RunTime:0.000000s ]
[ 2017-07-04T16:31:05+08:00 ][ sql ] [ SQL ] UPDATE `s_deal_s`  SET `status`=1,`number_no`=0  WHERE  `id` = 218 [ RunTime:0.001001s ]
[ 2017-07-04T16:31:05+08:00 ][ sql ] [ SQL ] UPDATE `s_user`  SET `money`=money+0.005  WHERE  `uid` = 1 [ RunTime:0.001000s ]
[ 2017-07-04T16:31:05+08:00 ][ sql ] [ SQL ] SELECT COUNT(*) AS tp_count FROM `s_u-b` WHERE  `uid` = 1  AND `bid` = 1 LIMIT 1 [ RunTime:0.001000s ]
[ 2017-07-04T16:31:05+08:00 ][ sql ] [ SQL ] UPDATE `s_u-b`  SET `number`=number+0.100000  WHERE  `uid` = 1  AND `bid` = 1 [ RunTime:0.000000s ]
[ 2017-07-04T16:31:05+08:00 ][ sql ] [ SQL ] UPDATE `s_deal_s`  SET `status`=1,`number_no`=0  WHERE  `id` = 219 [ RunTime:0.001000s ]
[ 2017-07-04T16:31:05+08:00 ][ sql ] [ SQL ] UPDATE `s_user`  SET `money`=money+0.005  WHERE  `uid` = 1 [ RunTime:0.001000s ]
[ 2017-07-04T16:31:05+08:00 ][ sql ] [ SQL ] SELECT COUNT(*) AS tp_count FROM `s_u-b` WHERE  `uid` = 1  AND `bid` = 1 LIMIT 1 [ RunTime:0.000000s ]
[ 2017-07-04T16:31:05+08:00 ][ sql ] [ SQL ] UPDATE `s_u-b`  SET `number`=number+0.100000  WHERE  `uid` = 1  AND `bid` = 1 [ RunTime:0.000000s ]
[ 2017-07-04T16:31:05+08:00 ][ sql ] [ SQL ] UPDATE `s_deal_s`  SET `status`=1,`number_no`=0  WHERE  `id` = 220 [ RunTime:0.001000s ]
[ 2017-07-04T16:31:05+08:00 ][ sql ] [ SQL ] UPDATE `s_user`  SET `money`=money+0.005  WHERE  `uid` = 1 [ RunTime:0.000000s ]
[ 2017-07-04T16:31:05+08:00 ][ sql ] [ SQL ] SELECT COUNT(*) AS tp_count FROM `s_u-b` WHERE  `uid` = 1  AND `bid` = 1 LIMIT 1 [ RunTime:0.001000s ]
[ 2017-07-04T16:31:05+08:00 ][ sql ] [ SQL ] UPDATE `s_u-b`  SET `number`=number+0.100000  WHERE  `uid` = 1  AND `bid` = 1 [ RunTime:0.000000s ]
[ 2017-07-04T16:31:05+08:00 ][ sql ] [ SQL ] UPDATE `s_deal_s`  SET `status`=1,`number_no`=0  WHERE  `id` = 221 [ RunTime:0.001000s ]
[ 2017-07-04T16:31:05+08:00 ][ sql ] [ SQL ] UPDATE `s_user`  SET `money`=money+0.005  WHERE  `uid` = 1 [ RunTime:0.000000s ]
[ 2017-07-04T16:31:05+08:00 ][ sql ] [ SQL ] SELECT COUNT(*) AS tp_count FROM `s_u-b` WHERE  `uid` = 1  AND `bid` = 1 LIMIT 1 [ RunTime:0.000000s ]
[ 2017-07-04T16:31:05+08:00 ][ sql ] [ SQL ] UPDATE `s_u-b`  SET `number`=number+0.100000  WHERE  `uid` = 1  AND `bid` = 1 [ RunTime:0.000000s ]
[ 2017-07-04T16:31:05+08:00 ][ sql ] [ SQL ] UPDATE `s_deal_s`  SET `status`=1,`number_no`=0  WHERE  `id` = 222 [ RunTime:0.001000s ]
[ 2017-07-04T16:31:05+08:00 ][ sql ] [ SQL ] UPDATE `s_user`  SET `money`=money+0.005  WHERE  `uid` = 1 [ RunTime:0.001000s ]
[ 2017-07-04T16:31:05+08:00 ][ sql ] [ SQL ] SELECT COUNT(*) AS tp_count FROM `s_u-b` WHERE  `uid` = 1  AND `bid` = 1 LIMIT 1 [ RunTime:0.001000s ]
[ 2017-07-04T16:31:05+08:00 ][ sql ] [ SQL ] UPDATE `s_u-b`  SET `number`=number+0.100000  WHERE  `uid` = 1  AND `bid` = 1 [ RunTime:0.000000s ]
[ 2017-07-04T16:31:05+08:00 ][ sql ] [ SQL ] UPDATE `s_deal_s`  SET `status`=1,`number_no`=0  WHERE  `id` = 223 [ RunTime:0.001000s ]
[ 2017-07-04T16:31:05+08:00 ][ sql ] [ SQL ] UPDATE `s_user`  SET `money`=money+0.005  WHERE  `uid` = 1 [ RunTime:0.001000s ]
[ 2017-07-04T16:31:05+08:00 ][ sql ] [ SQL ] SELECT COUNT(*) AS tp_count FROM `s_u-b` WHERE  `uid` = 1  AND `bid` = 1 LIMIT 1 [ RunTime:0.001000s ]
[ 2017-07-04T16:31:05+08:00 ][ sql ] [ SQL ] UPDATE `s_u-b`  SET `number`=number+0.100000  WHERE  `uid` = 1  AND `bid` = 1 [ RunTime:0.000000s ]
[ 2017-07-04T16:31:05+08:00 ][ sql ] [ SQL ] UPDATE `s_deal_b`  SET `status`=1,`number_no`=0  WHERE  `id` = 352 [ RunTime:0.001000s ]
[ 2017-07-04T16:31:05+08:00 ][ sql ] [ SQL ] UPDATE `s_user`  SET `money`=money+0.005  WHERE  `uid` = 1 [ RunTime:0.000000s ]
[ 2017-07-04T16:31:05+08:00 ][ sql ] [ SQL ] SELECT COUNT(*) AS tp_count FROM `s_u-b` WHERE  `uid` = 1  AND `bid` = 1 LIMIT 1 [ RunTime:0.000000s ]
[ 2017-07-04T16:31:05+08:00 ][ sql ] [ SQL ] UPDATE `s_u-b`  SET `number`=number+0.100  WHERE  `uid` = 1  AND `bid` = 1 [ RunTime:0.001000s ]
[ 2017-07-04T16:31:05+08:00 ][ sql ] [ SQL ] UPDATE `s_deal_s`  SET `status`=1,`number_no`=0  WHERE  `id` = 224 [ RunTime:0.000000s ]
[ 2017-07-04T16:31:05+08:00 ][ sql ] [ SQL ] SHOW COLUMNS FROM `s_mrecord` [ RunTime:0.000000s ]
[ 2017-07-04T16:31:05+08:00 ][ sql ] [ SQL ] INSERT INTO `s_mrecord` (`uid` , `fuid` , `number` , `bid` , `addtime` , `money` , `status` , `type` , `oid`) VALUES (1 , 1 , 0.1 , 1 , 1499157065 , 0.05 , 1 , 3 , '20170704124543') [ RunTime:0.000000s ]
[ 2017-07-04T16:45:05+08:00 ][ sql ] [ SQL ] SELECT `money` FROM `s_user` WHERE  `uid` = 1 LIMIT 1 [ RunTime:0.000000s ]
[ 2017-07-04T16:45:05+08:00 ][ sql ] [ SQL ] INSERT INTO `s_deal_b` (`bid` , `number` , `number_no` , `addtime` , `uid` , `price`) VALUES (1 , 1 , 1 , 1499157905 , 1 , 0.05) [ RunTime:0.001000s ]
[ 2017-07-04T16:45:05+08:00 ][ sql ] [ SQL ] UPDATE `s_user`  SET `money`=money-0.05  WHERE  `uid` = 1 [ RunTime:0.000000s ]
[ 2017-07-04T16:45:05+08:00 ][ sql ] [ SQL ] SELECT `id`,`bid`,`price`,`number_no`,`number`,`uid` FROM `s_deal_s` WHERE  `bid` = 1  AND `status` = 0  AND `price` = 0.05 ORDER BY addtime asc [ RunTime:0.001001s ]
[ 2017-07-04T16:45:05+08:00 ][ sql ] [ SQL ] UPDATE `s_deal_s`  SET `status`=1,`number_no`=0  WHERE  `id` = 215 [ RunTime:0.001000s ]
[ 2017-07-04T16:45:05+08:00 ][ sql ] [ SQL ] UPDATE `s_user`  SET `money`=money+0.005  WHERE  `uid` = 1 [ RunTime:0.001000s ]
[ 2017-07-04T16:45:05+08:00 ][ sql ] [ SQL ] SELECT COUNT(*) AS tp_count FROM `s_u-b` WHERE  `uid` = 1  AND `bid` = 1 LIMIT 1 [ RunTime:0.000000s ]
[ 2017-07-04T16:45:05+08:00 ][ sql ] [ SQL ] UPDATE `s_u-b`  SET `number`=number+0.100000  WHERE  `uid` = 1  AND `bid` = 1 [ RunTime:0.001000s ]
[ 2017-07-04T16:45:05+08:00 ][ sql ] [ SQL ] UPDATE `s_deal_s`  SET `status`=1,`number_no`=0  WHERE  `id` = 216 [ RunTime:0.000000s ]
[ 2017-07-04T16:45:05+08:00 ][ sql ] [ SQL ] UPDATE `s_user`  SET `money`=money+0.005  WHERE  `uid` = 1 [ RunTime:0.000000s ]
[ 2017-07-04T16:45:05+08:00 ][ sql ] [ SQL ] SELECT COUNT(*) AS tp_count FROM `s_u-b` WHERE  `uid` = 1  AND `bid` = 1 LIMIT 1 [ RunTime:0.001000s ]
[ 2017-07-04T16:45:05+08:00 ][ sql ] [ SQL ] UPDATE `s_u-b`  SET `number`=number+0.100000  WHERE  `uid` = 1  AND `bid` = 1 [ RunTime:0.000000s ]
[ 2017-07-04T16:45:05+08:00 ][ sql ] [ SQL ] UPDATE `s_deal_s`  SET `status`=1,`number_no`=0  WHERE  `id` = 217 [ RunTime:0.001000s ]
[ 2017-07-04T16:45:05+08:00 ][ sql ] [ SQL ] UPDATE `s_user`  SET `money`=money+0.005  WHERE  `uid` = 1 [ RunTime:0.000000s ]
[ 2017-07-04T16:45:05+08:00 ][ sql ] [ SQL ] SELECT COUNT(*) AS tp_count FROM `s_u-b` WHERE  `uid` = 1  AND `bid` = 1 LIMIT 1 [ RunTime:0.000000s ]
[ 2017-07-04T16:45:05+08:00 ][ sql ] [ SQL ] UPDATE `s_u-b`  SET `number`=number+0.100000  WHERE  `uid` = 1  AND `bid` = 1 [ RunTime:0.001000s ]
[ 2017-07-04T16:45:05+08:00 ][ sql ] [ SQL ] UPDATE `s_deal_s`  SET `status`=1,`number_no`=0  WHERE  `id` = 218 [ RunTime:0.000000s ]
[ 2017-07-04T16:45:05+08:00 ][ sql ] [ SQL ] UPDATE `s_user`  SET `money`=money+0.005  WHERE  `uid` = 1 [ RunTime:0.000000s ]
[ 2017-07-04T16:45:05+08:00 ][ sql ] [ SQL ] SELECT COUNT(*) AS tp_count FROM `s_u-b` WHERE  `uid` = 1  AND `bid` = 1 LIMIT 1 [ RunTime:0.001001s ]
[ 2017-07-04T16:45:05+08:00 ][ sql ] [ SQL ] UPDATE `s_u-b`  SET `number`=number+0.100000  WHERE  `uid` = 1  AND `bid` = 1 [ RunTime:0.000000s ]
[ 2017-07-04T16:45:05+08:00 ][ sql ] [ SQL ] UPDATE `s_deal_s`  SET `status`=1,`number_no`=0  WHERE  `id` = 219 [ RunTime:0.000000s ]
[ 2017-07-04T16:45:05+08:00 ][ sql ] [ SQL ] UPDATE `s_user`  SET `money`=money+0.005  WHERE  `uid` = 1 [ RunTime:0.000000s ]
[ 2017-07-04T16:45:05+08:00 ][ sql ] [ SQL ] SELECT COUNT(*) AS tp_count FROM `s_u-b` WHERE  `uid` = 1  AND `bid` = 1 LIMIT 1 [ RunTime:0.001000s ]
[ 2017-07-04T16:45:05+08:00 ][ sql ] [ SQL ] UPDATE `s_u-b`  SET `number`=number+0.100000  WHERE  `uid` = 1  AND `bid` = 1 [ RunTime:0.000000s ]
[ 2017-07-04T16:45:05+08:00 ][ sql ] [ SQL ] UPDATE `s_deal_s`  SET `status`=1,`number_no`=0  WHERE  `id` = 220 [ RunTime:0.001000s ]
[ 2017-07-04T16:45:05+08:00 ][ sql ] [ SQL ] UPDATE `s_user`  SET `money`=money+0.005  WHERE  `uid` = 1 [ RunTime:0.000000s ]
[ 2017-07-04T16:45:05+08:00 ][ sql ] [ SQL ] SELECT COUNT(*) AS tp_count FROM `s_u-b` WHERE  `uid` = 1  AND `bid` = 1 LIMIT 1 [ RunTime:0.001000s ]
[ 2017-07-04T16:45:05+08:00 ][ sql ] [ SQL ] UPDATE `s_u-b`  SET `number`=number+0.100000  WHERE  `uid` = 1  AND `bid` = 1 [ RunTime:0.000000s ]
[ 2017-07-04T16:45:05+08:00 ][ sql ] [ SQL ] UPDATE `s_deal_s`  SET `status`=1,`number_no`=0  WHERE  `id` = 221 [ RunTime:0.000000s ]
[ 2017-07-04T16:45:05+08:00 ][ sql ] [ SQL ] UPDATE `s_user`  SET `money`=money+0.005  WHERE  `uid` = 1 [ RunTime:0.001000s ]
[ 2017-07-04T16:45:05+08:00 ][ sql ] [ SQL ] SELECT COUNT(*) AS tp_count FROM `s_u-b` WHERE  `uid` = 1  AND `bid` = 1 LIMIT 1 [ RunTime:0.000000s ]
[ 2017-07-04T16:45:05+08:00 ][ sql ] [ SQL ] UPDATE `s_u-b`  SET `number`=number+0.100000  WHERE  `uid` = 1  AND `bid` = 1 [ RunTime:0.000000s ]
[ 2017-07-04T16:45:05+08:00 ][ sql ] [ SQL ] UPDATE `s_deal_s`  SET `status`=1,`number_no`=0  WHERE  `id` = 222 [ RunTime:0.000000s ]
[ 2017-07-04T16:45:05+08:00 ][ sql ] [ SQL ] UPDATE `s_user`  SET `money`=money+0.005  WHERE  `uid` = 1 [ RunTime:0.000000s ]
[ 2017-07-04T16:45:05+08:00 ][ sql ] [ SQL ] SELECT COUNT(*) AS tp_count FROM `s_u-b` WHERE  `uid` = 1  AND `bid` = 1 LIMIT 1 [ RunTime:0.000000s ]
[ 2017-07-04T16:45:05+08:00 ][ sql ] [ SQL ] UPDATE `s_u-b`  SET `number`=number+0.100000  WHERE  `uid` = 1  AND `bid` = 1 [ RunTime:0.000000s ]
[ 2017-07-04T16:45:05+08:00 ][ sql ] [ SQL ] UPDATE `s_deal_s`  SET `status`=1,`number_no`=0  WHERE  `id` = 223 [ RunTime:0.000000s ]
[ 2017-07-04T16:45:05+08:00 ][ sql ] [ SQL ] UPDATE `s_user`  SET `money`=money+0.005  WHERE  `uid` = 1 [ RunTime:0.000000s ]
[ 2017-07-04T16:45:05+08:00 ][ sql ] [ SQL ] SELECT COUNT(*) AS tp_count FROM `s_u-b` WHERE  `uid` = 1  AND `bid` = 1 LIMIT 1 [ RunTime:0.001000s ]
[ 2017-07-04T16:45:05+08:00 ][ sql ] [ SQL ] UPDATE `s_u-b`  SET `number`=number+0.100000  WHERE  `uid` = 1  AND `bid` = 1 [ RunTime:0.000000s ]
[ 2017-07-04T16:45:05+08:00 ][ sql ] [ SQL ] UPDATE `s_deal_b`  SET `status`=1,`number_no`=0  WHERE  `id` = 353 [ RunTime:0.000000s ]
[ 2017-07-04T16:45:05+08:00 ][ sql ] [ SQL ] UPDATE `s_user`  SET `money`=money+0.005  WHERE  `uid` = 1 [ RunTime:0.000000s ]
[ 2017-07-04T16:45:05+08:00 ][ sql ] [ SQL ] SELECT COUNT(*) AS tp_count FROM `s_u-b` WHERE  `uid` = 1  AND `bid` = 1 LIMIT 1 [ RunTime:0.000000s ]
[ 2017-07-04T16:45:05+08:00 ][ sql ] [ SQL ] UPDATE `s_u-b`  SET `number`=number+0.100  WHERE  `uid` = 1  AND `bid` = 1 [ RunTime:0.000000s ]
[ 2017-07-04T16:45:05+08:00 ][ sql ] [ SQL ] UPDATE `s_deal_s`  SET `status`=1,`number_no`=0  WHERE  `id` = 225 [ RunTime:0.000000s ]
[ 2017-07-04T16:45:05+08:00 ][ sql ] [ SQL ] INSERT INTO `s_mrecord` (`uid` , `fuid` , `number` , `bid` , `addtime` , `money` , `status` , `type` , `oid`) VALUES (1 , 1 , 0.1 , 1 , 1499157905 , 0.05 , 1 , 3 , '20170704166766') [ RunTime:0.000000s ]
[ 2017-07-04T16:45:22+08:00 ][ sql ] [ SQL ] SELECT `money` FROM `s_user` WHERE  `uid` = 1 LIMIT 1 [ RunTime:0.001000s ]
[ 2017-07-04T16:45:22+08:00 ][ sql ] [ SQL ] INSERT INTO `s_deal_b` (`bid` , `number` , `number_no` , `addtime` , `uid` , `price`) VALUES (1 , 0.1 , 0.1 , 1499157922 , 1 , 0.05) [ RunTime:0.001000s ]
[ 2017-07-04T16:45:22+08:00 ][ sql ] [ SQL ] UPDATE `s_user`  SET `money`=money-0.005  WHERE  `uid` = 1 [ RunTime:0.001000s ]
[ 2017-07-04T16:45:22+08:00 ][ sql ] [ SQL ] SELECT `id`,`bid`,`price`,`number_no`,`number`,`uid` FROM `s_deal_s` WHERE  `bid` = 1  AND `status` = 0  AND `price` = 0.05 ORDER BY addtime asc [ RunTime:0.001000s ]
[ 2017-07-04T16:45:22+08:00 ][ sql ] [ SQL ] UPDATE `s_deal_b`  SET `status`=1,`number_no`=0  WHERE  `id` = 354 [ RunTime:0.001000s ]
[ 2017-07-04T16:45:22+08:00 ][ sql ] [ SQL ] UPDATE `s_user`  SET `money`=money+0.005  WHERE  `uid` = 1 [ RunTime:0.001001s ]
[ 2017-07-04T16:45:22+08:00 ][ sql ] [ SQL ] SELECT COUNT(*) AS tp_count FROM `s_u-b` WHERE  `uid` = 1  AND `bid` = 1 LIMIT 1 [ RunTime:0.000000s ]
[ 2017-07-04T16:45:22+08:00 ][ sql ] [ SQL ] UPDATE `s_u-b`  SET `number`=number+0.1  WHERE  `uid` = 1  AND `bid` = 1 [ RunTime:0.001000s ]
[ 2017-07-04T16:45:22+08:00 ][ sql ] [ SQL ] UPDATE `s_deal_s`  SET `status`=1,`number_no`=0  WHERE  `id` = 215 [ RunTime:0.001000s ]
[ 2017-07-04T16:45:22+08:00 ][ sql ] [ SQL ] INSERT INTO `s_mrecord` (`uid` , `fuid` , `number` , `bid` , `addtime` , `money` , `status` , `type` , `oid`) VALUES (1 , 1 , 0.1 , 1 , 1499157922 , 0.05 , 1 , 3 , '20170704172064') [ RunTime:0.000000s ]
[ 2017-07-04T16:45:34+08:00 ][ sql ] [ SQL ] SELECT `money` FROM `s_user` WHERE  `uid` = 1 LIMIT 1 [ RunTime:0.001000s ]
[ 2017-07-04T16:45:34+08:00 ][ sql ] [ SQL ] INSERT INTO `s_deal_b` (`bid` , `number` , `number_no` , `addtime` , `uid` , `price`) VALUES (1 , 1 , 1 , 1499157934 , 1 , 0.05) [ RunTime:0.001000s ]
[ 2017-07-04T16:45:34+08:00 ][ sql ] [ SQL ] UPDATE `s_user`  SET `money`=money-0.05  WHERE  `uid` = 1 [ RunTime:0.001000s ]
[ 2017-07-04T16:45:34+08:00 ][ sql ] [ SQL ] SELECT `id`,`bid`,`price`,`number_no`,`number`,`uid` FROM `s_deal_s` WHERE  `bid` = 1  AND `status` = 0  AND `price` = 0.05 ORDER BY addtime asc [ RunTime:0.000000s ]
[ 2017-07-04T16:45:34+08:00 ][ sql ] [ SQL ] UPDATE `s_deal_s`  SET `status`=1,`number_no`=0  WHERE  `id` = 216 [ RunTime:0.000000s ]
[ 2017-07-04T16:45:34+08:00 ][ sql ] [ SQL ] UPDATE `s_user`  SET `money`=money+0.005  WHERE  `uid` = 1 [ RunTime:0.001000s ]
[ 2017-07-04T16:45:34+08:00 ][ sql ] [ SQL ] SELECT COUNT(*) AS tp_count FROM `s_u-b` WHERE  `uid` = 1  AND `bid` = 1 LIMIT 1 [ RunTime:0.000000s ]
[ 2017-07-04T16:45:34+08:00 ][ sql ] [ SQL ] UPDATE `s_u-b`  SET `number`=number+0.100000  WHERE  `uid` = 1  AND `bid` = 1 [ RunTime:0.001000s ]
[ 2017-07-04T16:45:34+08:00 ][ sql ] [ SQL ] UPDATE `s_deal_s`  SET `status`=1,`number_no`=0  WHERE  `id` = 217 [ RunTime:0.001000s ]
[ 2017-07-04T16:45:34+08:00 ][ sql ] [ SQL ] UPDATE `s_user`  SET `money`=money+0.005  WHERE  `uid` = 1 [ RunTime:0.000000s ]
[ 2017-07-04T16:45:34+08:00 ][ sql ] [ SQL ] SELECT COUNT(*) AS tp_count FROM `s_u-b` WHERE  `uid` = 1  AND `bid` = 1 LIMIT 1 [ RunTime:0.001000s ]
[ 2017-07-04T16:45:34+08:00 ][ sql ] [ SQL ] UPDATE `s_u-b`  SET `number`=number+0.100000  WHERE  `uid` = 1  AND `bid` = 1 [ RunTime:0.000000s ]
[ 2017-07-04T16:45:34+08:00 ][ sql ] [ SQL ] UPDATE `s_deal_s`  SET `status`=1,`number_no`=0  WHERE  `id` = 218 [ RunTime:0.000000s ]
[ 2017-07-04T16:45:34+08:00 ][ sql ] [ SQL ] UPDATE `s_user`  SET `money`=money+0.005  WHERE  `uid` = 1 [ RunTime:0.001000s ]
[ 2017-07-04T16:45:34+08:00 ][ sql ] [ SQL ] SELECT COUNT(*) AS tp_count FROM `s_u-b` WHERE  `uid` = 1  AND `bid` = 1 LIMIT 1 [ RunTime:0.001000s ]
[ 2017-07-04T16:45:34+08:00 ][ sql ] [ SQL ] UPDATE `s_u-b`  SET `number`=number+0.100000  WHERE  `uid` = 1  AND `bid` = 1 [ RunTime:0.000000s ]
[ 2017-07-04T16:45:34+08:00 ][ sql ] [ SQL ] UPDATE `s_deal_s`  SET `status`=1,`number_no`=0  WHERE  `id` = 219 [ RunTime:0.000000s ]
[ 2017-07-04T16:45:34+08:00 ][ sql ] [ SQL ] UPDATE `s_user`  SET `money`=money+0.005  WHERE  `uid` = 1 [ RunTime:0.000000s ]
[ 2017-07-04T16:45:34+08:00 ][ sql ] [ SQL ] SELECT COUNT(*) AS tp_count FROM `s_u-b` WHERE  `uid` = 1  AND `bid` = 1 LIMIT 1 [ RunTime:0.001000s ]
[ 2017-07-04T16:45:34+08:00 ][ sql ] [ SQL ] UPDATE `s_u-b`  SET `number`=number+0.100000  WHERE  `uid` = 1  AND `bid` = 1 [ RunTime:0.001000s ]
[ 2017-07-04T16:45:34+08:00 ][ sql ] [ SQL ] UPDATE `s_deal_s`  SET `status`=1,`number_no`=0  WHERE  `id` = 220 [ RunTime:0.001000s ]
[ 2017-07-04T16:45:34+08:00 ][ sql ] [ SQL ] UPDATE `s_user`  SET `money`=money+0.005  WHERE  `uid` = 1 [ RunTime:0.000000s ]
[ 2017-07-04T16:45:34+08:00 ][ sql ] [ SQL ] SELECT COUNT(*) AS tp_count FROM `s_u-b` WHERE  `uid` = 1  AND `bid` = 1 LIMIT 1 [ RunTime:0.000000s ]
[ 2017-07-04T16:45:34+08:00 ][ sql ] [ SQL ] UPDATE `s_u-b`  SET `number`=number+0.100000  WHERE  `uid` = 1  AND `bid` = 1 [ RunTime:0.000000s ]
[ 2017-07-04T16:45:34+08:00 ][ sql ] [ SQL ] UPDATE `s_deal_s`  SET `status`=1,`number_no`=0  WHERE  `id` = 221 [ RunTime:0.000000s ]
[ 2017-07-04T16:45:34+08:00 ][ sql ] [ SQL ] UPDATE `s_user`  SET `money`=money+0.005  WHERE  `uid` = 1 [ RunTime:0.001000s ]
[ 2017-07-04T16:45:34+08:00 ][ sql ] [ SQL ] SELECT COUNT(*) AS tp_count FROM `s_u-b` WHERE  `uid` = 1  AND `bid` = 1 LIMIT 1 [ RunTime:0.001000s ]
[ 2017-07-04T16:45:34+08:00 ][ sql ] [ SQL ] UPDATE `s_u-b`  SET `number`=number+0.100000  WHERE  `uid` = 1  AND `bid` = 1 [ RunTime:0.001000s ]
[ 2017-07-04T16:45:34+08:00 ][ sql ] [ SQL ] UPDATE `s_deal_s`  SET `status`=1,`number_no`=0  WHERE  `id` = 222 [ RunTime:0.000000s ]
[ 2017-07-04T16:45:34+08:00 ][ sql ] [ SQL ] UPDATE `s_user`  SET `money`=money+0.005  WHERE  `uid` = 1 [ RunTime:0.000000s ]
[ 2017-07-04T16:45:34+08:00 ][ sql ] [ SQL ] SELECT COUNT(*) AS tp_count FROM `s_u-b` WHERE  `uid` = 1  AND `bid` = 1 LIMIT 1 [ RunTime:0.000000s ]
[ 2017-07-04T16:45:34+08:00 ][ sql ] [ SQL ] UPDATE `s_u-b`  SET `number`=number+0.100000  WHERE  `uid` = 1  AND `bid` = 1 [ RunTime:0.000000s ]
[ 2017-07-04T16:45:34+08:00 ][ sql ] [ SQL ] UPDATE `s_deal_s`  SET `status`=1,`number_no`=0  WHERE  `id` = 223 [ RunTime:0.000000s ]
[ 2017-07-04T16:45:34+08:00 ][ sql ] [ SQL ] UPDATE `s_user`  SET `money`=money+0.005  WHERE  `uid` = 1 [ RunTime:0.001000s ]
[ 2017-07-04T16:45:34+08:00 ][ sql ] [ SQL ] SELECT COUNT(*) AS tp_count FROM `s_u-b` WHERE  `uid` = 1  AND `bid` = 1 LIMIT 1 [ RunTime:0.001000s ]
[ 2017-07-04T16:45:34+08:00 ][ sql ] [ SQL ] UPDATE `s_u-b`  SET `number`=number+0.100000  WHERE  `uid` = 1  AND `bid` = 1 [ RunTime:0.001000s ]
[ 2017-07-04T16:45:34+08:00 ][ sql ] [ SQL ] UPDATE `s_deal_b`  SET `status`=0,`number_no`=0.2  WHERE  `id` = 355 [ RunTime:0.001000s ]
[ 2017-07-04T16:46:47+08:00 ][ info ] [ LANG ] D:\wamp64\www\sdb\thinkphp\lang\zh-cn.php
[ info ] [ LOG ] INIT File
[ 2017-07-04T16:46:47+08:00 ][ info ] [ LANG ] D:\wamp64\www\sdb/application/lang\zh-cn.php
[ 2017-07-04T16:46:47+08:00 ][ info ] [ BIND ] 'socket'
[ 2017-07-04T16:46:47+08:00 ][ info ] [ ROUTE ] array (
  'type' => 'module',
  'module' => 
  array (
    0 => 'socket',
    1 => NULL,
    2 => NULL,
  ),
)
[ 2017-07-04T16:46:47+08:00 ][ info ] [ HEADER ] array (
)
[ 2017-07-04T16:46:47+08:00 ][ info ] [ PARAM ] array (
)
[ 2017-07-04T16:46:47+08:00 ][ info ] [ DB ] INIT mysql
[ 2017-07-04T16:46:47+08:00 ][ sql ] [ DB ] CONNECT:[ UseTime:0.006000s ] mysql:dbname=sdb;host=localhost;port=3306;charset=utf8
[ 2017-07-04T16:46:47+08:00 ][ sql ] [ SQL ] SHOW COLUMNS FROM `s_system` [ RunTime:0.001000s ]
[ 2017-07-04T16:46:47+08:00 ][ sql ] [ SQL ] SELECT * FROM `s_system` WHERE  `id` = 1 LIMIT 1 [ RunTime:0.001000s ]
[ 2017-07-04T16:46:47+08:00 ][ info ] [ SESSION ] INIT array (
  'id' => '',
  'var_session_id' => '',
  'prefix' => 'think',
  'type' => '',
  'auto_start' => true,
)
[ 2017-07-04T16:46:47+08:00 ][ info ] [ RUN ] app\socket\controller\Index->index[ D:\wamp64\www\sdb\application\socket\controller\Index.php ]
[ 2017-07-04T16:46:53+08:00 ][ sql ] [ SQL ] SHOW COLUMNS FROM `s_user` [ RunTime:0.001000s ]
[ 2017-07-04T16:46:53+08:00 ][ sql ] [ SQL ] SELECT `money` FROM `s_user` WHERE  `uid` = 1 LIMIT 1 [ RunTime:0.001000s ]
[ 2017-07-04T16:46:53+08:00 ][ sql ] [ SQL ] SHOW COLUMNS FROM `s_deal_b` [ RunTime:0.001000s ]
[ 2017-07-04T16:46:53+08:00 ][ sql ] [ SQL ] INSERT INTO `s_deal_b` (`bid` , `number` , `number_no` , `addtime` , `uid` , `price`) VALUES (1 , 1 , 1 , 1499158013 , 1 , 0.05) [ RunTime:0.001000s ]
[ 2017-07-04T16:46:53+08:00 ][ info ] [ CACHE ] INIT File
[ 2017-07-04T16:46:53+08:00 ][ sql ] [ SQL ] UPDATE `s_user`  SET `money`=money-0.05  WHERE  `uid` = 1 [ RunTime:0.001000s ]
[ 2017-07-04T16:46:53+08:00 ][ sql ] [ SQL ] SELECT `id`,`bid`,`price`,`number_no`,`number`,`uid` FROM `s_deal_s` WHERE  `bid` = 1  AND `status` = 0  AND `price` = 0.05 ORDER BY addtime asc [ RunTime:0.001000s ]
[ 2017-07-04T16:46:53+08:00 ][ sql ] [ SQL ] SHOW COLUMNS FROM `s_deal_s` [ RunTime:0.002000s ]
[ 2017-07-04T16:46:53+08:00 ][ sql ] [ SQL ] UPDATE `s_deal_s`  SET `status`=1,`number_no`=0  WHERE  `id` = 216 [ RunTime:0.000000s ]
[ 2017-07-04T16:46:53+08:00 ][ sql ] [ SQL ] UPDATE `s_user`  SET `money`=money+0.005  WHERE  `uid` = 1 [ RunTime:0.000000s ]
[ 2017-07-04T16:46:53+08:00 ][ sql ] [ SQL ] SHOW COLUMNS FROM `s_u-b` [ RunTime:0.001000s ]
[ 2017-07-04T16:46:53+08:00 ][ sql ] [ SQL ] SELECT COUNT(*) AS tp_count FROM `s_u-b` WHERE  `uid` = 1  AND `bid` = 1 LIMIT 1 [ RunTime:0.000000s ]
[ 2017-07-04T16:46:53+08:00 ][ sql ] [ SQL ] UPDATE `s_u-b`  SET `number`=number+0.100000  WHERE  `uid` = 1  AND `bid` = 1 [ RunTime:0.000000s ]
[ 2017-07-04T16:46:53+08:00 ][ sql ] [ SQL ] UPDATE `s_deal_s`  SET `status`=1,`number_no`=0  WHERE  `id` = 217 [ RunTime:0.000000s ]
[ 2017-07-04T16:46:53+08:00 ][ sql ] [ SQL ] UPDATE `s_user`  SET `money`=money+0.005  WHERE  `uid` = 1 [ RunTime:0.000000s ]
[ 2017-07-04T16:46:53+08:00 ][ sql ] [ SQL ] SELECT COUNT(*) AS tp_count FROM `s_u-b` WHERE  `uid` = 1  AND `bid` = 1 LIMIT 1 [ RunTime:0.000000s ]
[ 2017-07-04T16:46:53+08:00 ][ sql ] [ SQL ] UPDATE `s_u-b`  SET `number`=number+0.100000  WHERE  `uid` = 1  AND `bid` = 1 [ RunTime:0.000000s ]
[ 2017-07-04T16:46:54+08:00 ][ sql ] [ SQL ] UPDATE `s_deal_s`  SET `status`=1,`number_no`=0  WHERE  `id` = 218 [ RunTime:0.000000s ]
[ 2017-07-04T16:46:54+08:00 ][ sql ] [ SQL ] UPDATE `s_user`  SET `money`=money+0.005  WHERE  `uid` = 1 [ RunTime:0.000000s ]
[ 2017-07-04T16:46:54+08:00 ][ sql ] [ SQL ] SELECT COUNT(*) AS tp_count FROM `s_u-b` WHERE  `uid` = 1  AND `bid` = 1 LIMIT 1 [ RunTime:0.001000s ]
[ 2017-07-04T16:46:54+08:00 ][ sql ] [ SQL ] UPDATE `s_u-b`  SET `number`=number+0.100000  WHERE  `uid` = 1  AND `bid` = 1 [ RunTime:0.001000s ]
[ 2017-07-04T16:46:54+08:00 ][ sql ] [ SQL ] UPDATE `s_deal_s`  SET `status`=1,`number_no`=0  WHERE  `id` = 219 [ RunTime:0.000000s ]
[ 2017-07-04T16:46:54+08:00 ][ sql ] [ SQL ] UPDATE `s_user`  SET `money`=money+0.005  WHERE  `uid` = 1 [ RunTime:0.000000s ]
[ 2017-07-04T16:46:54+08:00 ][ sql ] [ SQL ] SELECT COUNT(*) AS tp_count FROM `s_u-b` WHERE  `uid` = 1  AND `bid` = 1 LIMIT 1 [ RunTime:0.000000s ]
[ 2017-07-04T16:46:54+08:00 ][ sql ] [ SQL ] UPDATE `s_u-b`  SET `number`=number+0.100000  WHERE  `uid` = 1  AND `bid` = 1 [ RunTime:0.000000s ]
[ 2017-07-04T16:46:54+08:00 ][ sql ] [ SQL ] UPDATE `s_deal_s`  SET `status`=1,`number_no`=0  WHERE  `id` = 220 [ RunTime:0.001000s ]
[ 2017-07-04T16:46:54+08:00 ][ sql ] [ SQL ] UPDATE `s_user`  SET `money`=money+0.005  WHERE  `uid` = 1 [ RunTime:0.001001s ]
[ 2017-07-04T16:46:54+08:00 ][ sql ] [ SQL ] SELECT COUNT(*) AS tp_count FROM `s_u-b` WHERE  `uid` = 1  AND `bid` = 1 LIMIT 1 [ RunTime:0.001000s ]
[ 2017-07-04T16:46:54+08:00 ][ sql ] [ SQL ] UPDATE `s_u-b`  SET `number`=number+0.100000  WHERE  `uid` = 1  AND `bid` = 1 [ RunTime:0.001000s ]
[ 2017-07-04T16:46:54+08:00 ][ sql ] [ SQL ] UPDATE `s_deal_s`  SET `status`=1,`number_no`=0  WHERE  `id` = 221 [ RunTime:0.000000s ]
[ 2017-07-04T16:46:54+08:00 ][ sql ] [ SQL ] UPDATE `s_user`  SET `money`=money+0.005  WHERE  `uid` = 1 [ RunTime:0.001000s ]
[ 2017-07-04T16:46:54+08:00 ][ sql ] [ SQL ] SELECT COUNT(*) AS tp_count FROM `s_u-b` WHERE  `uid` = 1  AND `bid` = 1 LIMIT 1 [ RunTime:0.001000s ]
[ 2017-07-04T16:46:54+08:00 ][ sql ] [ SQL ] UPDATE `s_u-b`  SET `number`=number+0.100000  WHERE  `uid` = 1  AND `bid` = 1 [ RunTime:0.001000s ]
[ 2017-07-04T16:46:54+08:00 ][ sql ] [ SQL ] UPDATE `s_deal_s`  SET `status`=1,`number_no`=0  WHERE  `id` = 222 [ RunTime:0.000000s ]
[ 2017-07-04T16:46:54+08:00 ][ sql ] [ SQL ] UPDATE `s_user`  SET `money`=money+0.005  WHERE  `uid` = 1 [ RunTime:0.000000s ]
[ 2017-07-04T16:46:54+08:00 ][ sql ] [ SQL ] SELECT COUNT(*) AS tp_count FROM `s_u-b` WHERE  `uid` = 1  AND `bid` = 1 LIMIT 1 [ RunTime:0.000000s ]
[ 2017-07-04T16:46:54+08:00 ][ sql ] [ SQL ] UPDATE `s_u-b`  SET `number`=number+0.100000  WHERE  `uid` = 1  AND `bid` = 1 [ RunTime:0.000000s ]
[ 2017-07-04T16:46:54+08:00 ][ sql ] [ SQL ] UPDATE `s_deal_s`  SET `status`=1,`number_no`=0  WHERE  `id` = 223 [ RunTime:0.001000s ]
[ 2017-07-04T16:46:54+08:00 ][ sql ] [ SQL ] UPDATE `s_user`  SET `money`=money+0.005  WHERE  `uid` = 1 [ RunTime:0.001001s ]
[ 2017-07-04T16:46:54+08:00 ][ sql ] [ SQL ] SELECT COUNT(*) AS tp_count FROM `s_u-b` WHERE  `uid` = 1  AND `bid` = 1 LIMIT 1 [ RunTime:0.001000s ]
[ 2017-07-04T16:46:54+08:00 ][ sql ] [ SQL ] UPDATE `s_u-b`  SET `number`=number+0.100000  WHERE  `uid` = 1  AND `bid` = 1 [ RunTime:0.001000s ]
[ 2017-07-04T16:46:54+08:00 ][ sql ] [ SQL ] UPDATE `s_deal_b`  SET `status`=0,`number_no`=0.2  WHERE  `id` = 356 [ RunTime:0.001000s ]
[ 2017-07-04T16:48:15+08:00 ][ sql ] [ SQL ] SELECT `money` FROM `s_user` WHERE  `uid` = 1 LIMIT 1 [ RunTime:0.000000s ]
[ 2017-07-04T16:48:15+08:00 ][ sql ] [ SQL ] INSERT INTO `s_deal_b` (`bid` , `number` , `number_no` , `addtime` , `uid` , `price`) VALUES (1 , 1 , 1 , 1499158095 , 1 , 0.05) [ RunTime:0.000000s ]
[ 2017-07-04T16:48:15+08:00 ][ sql ] [ SQL ] UPDATE `s_user`  SET `money`=money-0.05  WHERE  `uid` = 1 [ RunTime:0.000000s ]
[ 2017-07-04T16:48:15+08:00 ][ sql ] [ SQL ] SELECT `id`,`bid`,`price`,`number_no`,`number`,`uid` FROM `s_deal_s` WHERE  `bid` = 1  AND `status` = 0  AND `price` = 0.05 ORDER BY addtime asc [ RunTime:0.000000s ]
[ 2017-07-04T16:48:15+08:00 ][ sql ] [ SQL ] UPDATE `s_deal_s`  SET `status`=1,`number_no`=0  WHERE  `id` = 216 [ RunTime:0.000000s ]
[ 2017-07-04T16:48:15+08:00 ][ sql ] [ SQL ] UPDATE `s_user`  SET `money`=money+0.005  WHERE  `uid` = 1 [ RunTime:0.000000s ]
[ 2017-07-04T16:48:15+08:00 ][ sql ] [ SQL ] SELECT COUNT(*) AS tp_count FROM `s_u-b` WHERE  `uid` = 1  AND `bid` = 1 LIMIT 1 [ RunTime:0.001000s ]
[ 2017-07-04T16:48:15+08:00 ][ sql ] [ SQL ] UPDATE `s_u-b`  SET `number`=number+0.100000  WHERE  `uid` = 1  AND `bid` = 1 [ RunTime:0.000000s ]
[ 2017-07-04T16:48:15+08:00 ][ sql ] [ SQL ] UPDATE `s_deal_s`  SET `status`=1,`number_no`=0  WHERE  `id` = 217 [ RunTime:0.001000s ]
[ 2017-07-04T16:48:15+08:00 ][ sql ] [ SQL ] UPDATE `s_user`  SET `money`=money+0.005  WHERE  `uid` = 1 [ RunTime:0.001000s ]
[ 2017-07-04T16:48:15+08:00 ][ sql ] [ SQL ] SELECT COUNT(*) AS tp_count FROM `s_u-b` WHERE  `uid` = 1  AND `bid` = 1 LIMIT 1 [ RunTime:0.000000s ]
[ 2017-07-04T16:48:15+08:00 ][ sql ] [ SQL ] UPDATE `s_u-b`  SET `number`=number+0.100000  WHERE  `uid` = 1  AND `bid` = 1 [ RunTime:0.000000s ]
[ 2017-07-04T16:48:15+08:00 ][ sql ] [ SQL ] UPDATE `s_deal_s`  SET `status`=1,`number_no`=0  WHERE  `id` = 218 [ RunTime:0.001000s ]
[ 2017-07-04T16:48:15+08:00 ][ sql ] [ SQL ] UPDATE `s_user`  SET `money`=money+0.005  WHERE  `uid` = 1 [ RunTime:0.001000s ]
[ 2017-07-04T16:48:15+08:00 ][ sql ] [ SQL ] SELECT COUNT(*) AS tp_count FROM `s_u-b` WHERE  `uid` = 1  AND `bid` = 1 LIMIT 1 [ RunTime:0.001000s ]
[ 2017-07-04T16:48:15+08:00 ][ sql ] [ SQL ] UPDATE `s_u-b`  SET `number`=number+0.100000  WHERE  `uid` = 1  AND `bid` = 1 [ RunTime:0.001000s ]
[ 2017-07-04T16:48:15+08:00 ][ sql ] [ SQL ] UPDATE `s_deal_s`  SET `status`=1,`number_no`=0  WHERE  `id` = 219 [ RunTime:0.000000s ]
[ 2017-07-04T16:48:15+08:00 ][ sql ] [ SQL ] UPDATE `s_user`  SET `money`=money+0.005  WHERE  `uid` = 1 [ RunTime:0.001000s ]
[ 2017-07-04T16:48:15+08:00 ][ sql ] [ SQL ] SELECT COUNT(*) AS tp_count FROM `s_u-b` WHERE  `uid` = 1  AND `bid` = 1 LIMIT 1 [ RunTime:0.001000s ]
[ 2017-07-04T16:48:15+08:00 ][ sql ] [ SQL ] UPDATE `s_u-b`  SET `number`=number+0.100000  WHERE  `uid` = 1  AND `bid` = 1 [ RunTime:0.000000s ]
[ 2017-07-04T16:48:15+08:00 ][ sql ] [ SQL ] UPDATE `s_deal_s`  SET `status`=1,`number_no`=0  WHERE  `id` = 220 [ RunTime:0.001000s ]
[ 2017-07-04T16:48:15+08:00 ][ sql ] [ SQL ] UPDATE `s_user`  SET `money`=money+0.005  WHERE  `uid` = 1 [ RunTime:0.001000s ]
[ 2017-07-04T16:48:15+08:00 ][ sql ] [ SQL ] SELECT COUNT(*) AS tp_count FROM `s_u-b` WHERE  `uid` = 1  AND `bid` = 1 LIMIT 1 [ RunTime:0.001000s ]
[ 2017-07-04T16:48:15+08:00 ][ sql ] [ SQL ] UPDATE `s_u-b`  SET `number`=number+0.100000  WHERE  `uid` = 1  AND `bid` = 1 [ RunTime:0.001000s ]
[ 2017-07-04T16:48:15+08:00 ][ sql ] [ SQL ] UPDATE `s_deal_s`  SET `status`=1,`number_no`=0  WHERE  `id` = 221 [ RunTime:0.001000s ]
[ 2017-07-04T16:48:15+08:00 ][ sql ] [ SQL ] UPDATE `s_user`  SET `money`=money+0.005  WHERE  `uid` = 1 [ RunTime:0.000000s ]
[ 2017-07-04T16:48:15+08:00 ][ sql ] [ SQL ] SELECT COUNT(*) AS tp_count FROM `s_u-b` WHERE  `uid` = 1  AND `bid` = 1 LIMIT 1 [ RunTime:0.000000s ]
[ 2017-07-04T16:48:15+08:00 ][ sql ] [ SQL ] UPDATE `s_u-b`  SET `number`=number+0.100000  WHERE  `uid` = 1  AND `bid` = 1 [ RunTime:0.000000s ]
[ 2017-07-04T16:48:15+08:00 ][ sql ] [ SQL ] UPDATE `s_deal_s`  SET `status`=1,`number_no`=0  WHERE  `id` = 222 [ RunTime:0.000000s ]
[ 2017-07-04T16:48:15+08:00 ][ sql ] [ SQL ] UPDATE `s_user`  SET `money`=money+0.005  WHERE  `uid` = 1 [ RunTime:0.000000s ]
[ 2017-07-04T16:48:15+08:00 ][ sql ] [ SQL ] SELECT COUNT(*) AS tp_count FROM `s_u-b` WHERE  `uid` = 1  AND `bid` = 1 LIMIT 1 [ RunTime:0.000000s ]
[ 2017-07-04T16:48:15+08:00 ][ sql ] [ SQL ] UPDATE `s_u-b`  SET `number`=number+0.100000  WHERE  `uid` = 1  AND `bid` = 1 [ RunTime:0.000000s ]
[ 2017-07-04T16:48:15+08:00 ][ sql ] [ SQL ] UPDATE `s_deal_s`  SET `status`=1,`number_no`=0  WHERE  `id` = 223 [ RunTime:0.001000s ]
[ 2017-07-04T16:48:15+08:00 ][ sql ] [ SQL ] UPDATE `s_user`  SET `money`=money+0.005  WHERE  `uid` = 1 [ RunTime:0.000000s ]
[ 2017-07-04T16:48:15+08:00 ][ sql ] [ SQL ] SELECT COUNT(*) AS tp_count FROM `s_u-b` WHERE  `uid` = 1  AND `bid` = 1 LIMIT 1 [ RunTime:0.001000s ]
[ 2017-07-04T16:48:15+08:00 ][ sql ] [ SQL ] UPDATE `s_u-b`  SET `number`=number+0.100000  WHERE  `uid` = 1  AND `bid` = 1 [ RunTime:0.001000s ]
[ 2017-07-04T16:48:16+08:00 ][ sql ] [ SQL ] UPDATE `s_deal_b`  SET `status`=0,`number_no`=0.2  WHERE  `id` = 357 [ RunTime:0.001000s ]
[ 2017-07-04T16:50:02+08:00 ][ info ] [ LANG ] D:\wamp64\www\sdb\thinkphp\lang\zh-cn.php
[ info ] [ LOG ] INIT File
[ 2017-07-04T16:50:02+08:00 ][ info ] [ LANG ] D:\wamp64\www\sdb/application/lang\zh-cn.php
[ 2017-07-04T16:50:02+08:00 ][ info ] [ BIND ] 'socket'
[ 2017-07-04T16:50:02+08:00 ][ info ] [ ROUTE ] array (
  'type' => 'module',
  'module' => 
  array (
    0 => 'socket',
    1 => NULL,
    2 => NULL,
  ),
)
[ 2017-07-04T16:50:02+08:00 ][ info ] [ HEADER ] array (
)
[ 2017-07-04T16:50:02+08:00 ][ info ] [ PARAM ] array (
)
[ 2017-07-04T16:50:02+08:00 ][ info ] [ DB ] INIT mysql
[ 2017-07-04T16:50:02+08:00 ][ sql ] [ DB ] CONNECT:[ UseTime:0.015001s ] mysql:dbname=sdb;host=localhost;port=3306;charset=utf8
[ 2017-07-04T16:50:02+08:00 ][ sql ] [ SQL ] SHOW COLUMNS FROM `s_system` [ RunTime:0.001000s ]
[ 2017-07-04T16:50:02+08:00 ][ sql ] [ SQL ] SELECT * FROM `s_system` WHERE  `id` = 1 LIMIT 1 [ RunTime:0.001000s ]
[ 2017-07-04T16:50:02+08:00 ][ info ] [ SESSION ] INIT array (
  'id' => '',
  'var_session_id' => '',
  'prefix' => 'think',
  'type' => '',
  'auto_start' => true,
)
[ 2017-07-04T16:50:02+08:00 ][ info ] [ RUN ] app\socket\controller\Index->index[ D:\wamp64\www\sdb\application\socket\controller\Index.php ]
[ 2017-07-04T16:50:15+08:00 ][ info ] [ LANG ] D:\wamp64\www\sdb\thinkphp\lang\zh-cn.php
[ info ] [ LOG ] INIT File
[ 2017-07-04T16:50:15+08:00 ][ info ] [ LANG ] D:\wamp64\www\sdb/application/lang\zh-cn.php
[ 2017-07-04T16:50:15+08:00 ][ info ] [ BIND ] 'socket'
[ 2017-07-04T16:50:15+08:00 ][ info ] [ ROUTE ] array (
  'type' => 'module',
  'module' => 
  array (
    0 => 'socket',
    1 => NULL,
    2 => NULL,
  ),
)
[ 2017-07-04T16:50:15+08:00 ][ info ] [ HEADER ] array (
)
[ 2017-07-04T16:50:15+08:00 ][ info ] [ PARAM ] array (
)
[ 2017-07-04T16:50:15+08:00 ][ info ] [ DB ] INIT mysql
[ 2017-07-04T16:50:15+08:00 ][ sql ] [ DB ] CONNECT:[ UseTime:0.006000s ] mysql:dbname=sdb;host=localhost;port=3306;charset=utf8
[ 2017-07-04T16:50:15+08:00 ][ sql ] [ SQL ] SHOW COLUMNS FROM `s_system` [ RunTime:0.001000s ]
[ 2017-07-04T16:50:15+08:00 ][ sql ] [ SQL ] SELECT * FROM `s_system` WHERE  `id` = 1 LIMIT 1 [ RunTime:0.000000s ]
[ 2017-07-04T16:50:15+08:00 ][ info ] [ SESSION ] INIT array (
  'id' => '',
  'var_session_id' => '',
  'prefix' => 'think',
  'type' => '',
  'auto_start' => true,
)
[ 2017-07-04T16:50:15+08:00 ][ info ] [ RUN ] app\socket\controller\Index->index[ D:\wamp64\www\sdb\application\socket\controller\Index.php ]
[ 2017-07-04T16:50:22+08:00 ][ sql ] [ SQL ] SHOW COLUMNS FROM `s_user` [ RunTime:0.002000s ]
[ 2017-07-04T16:50:22+08:00 ][ sql ] [ SQL ] SELECT `money` FROM `s_user` WHERE  `uid` = 1 LIMIT 1 [ RunTime:0.001000s ]
[ 2017-07-04T16:50:22+08:00 ][ sql ] [ SQL ] SHOW COLUMNS FROM `s_deal_b` [ RunTime:0.001000s ]
[ 2017-07-04T16:50:22+08:00 ][ sql ] [ SQL ] INSERT INTO `s_deal_b` (`bid` , `number` , `number_no` , `addtime` , `uid` , `price`) VALUES (1 , 1 , 1 , 1499158222 , 1 , 0.05) [ RunTime:0.001000s ]
[ 2017-07-04T16:50:22+08:00 ][ info ] [ CACHE ] INIT File
[ 2017-07-04T16:50:22+08:00 ][ sql ] [ SQL ] UPDATE `s_user`  SET `money`=money-0.05  WHERE  `uid` = 1 [ RunTime:0.001000s ]
[ 2017-07-04T16:50:22+08:00 ][ sql ] [ SQL ] SELECT `id`,`bid`,`price`,`number_no`,`number`,`uid` FROM `s_deal_s` WHERE  `bid` = 1  AND `status` = 0  AND `price` = 0.05 ORDER BY addtime asc [ RunTime:0.001000s ]
[ 2017-07-04T16:50:57+08:00 ][ info ] [ LANG ] D:\wamp64\www\sdb\thinkphp\lang\zh-cn.php
[ info ] [ LOG ] INIT File
[ 2017-07-04T16:50:57+08:00 ][ info ] [ LANG ] D:\wamp64\www\sdb/application/lang\zh-cn.php
[ 2017-07-04T16:50:57+08:00 ][ info ] [ BIND ] 'socket'
[ 2017-07-04T16:50:57+08:00 ][ info ] [ ROUTE ] array (
  'type' => 'module',
  'module' => 
  array (
    0 => 'socket',
    1 => NULL,
    2 => NULL,
  ),
)
[ 2017-07-04T16:50:57+08:00 ][ info ] [ HEADER ] array (
)
[ 2017-07-04T16:50:57+08:00 ][ info ] [ PARAM ] array (
)
[ 2017-07-04T16:50:57+08:00 ][ info ] [ DB ] INIT mysql
[ 2017-07-04T16:50:57+08:00 ][ sql ] [ DB ] CONNECT:[ UseTime:0.006001s ] mysql:dbname=sdb;host=localhost;port=3306;charset=utf8
[ 2017-07-04T16:50:57+08:00 ][ sql ] [ SQL ] SHOW COLUMNS FROM `s_system` [ RunTime:0.001000s ]
[ 2017-07-04T16:50:57+08:00 ][ sql ] [ SQL ] SELECT * FROM `s_system` WHERE  `id` = 1 LIMIT 1 [ RunTime:0.001000s ]
[ 2017-07-04T16:50:57+08:00 ][ info ] [ SESSION ] INIT array (
  'id' => '',
  'var_session_id' => '',
  'prefix' => 'think',
  'type' => '',
  'auto_start' => true,
)
[ 2017-07-04T16:50:57+08:00 ][ info ] [ RUN ] app\socket\controller\Index->index[ D:\wamp64\www\sdb\application\socket\controller\Index.php ]
[ 2017-07-04T16:51:03+08:00 ][ sql ] [ SQL ] SHOW COLUMNS FROM `s_user` [ RunTime:0.002000s ]
[ 2017-07-04T16:51:03+08:00 ][ sql ] [ SQL ] SELECT `money` FROM `s_user` WHERE  `uid` = 1 LIMIT 1 [ RunTime:0.001000s ]
[ 2017-07-04T16:51:03+08:00 ][ sql ] [ SQL ] SHOW COLUMNS FROM `s_deal_b` [ RunTime:0.001000s ]
[ 2017-07-04T16:51:03+08:00 ][ sql ] [ SQL ] INSERT INTO `s_deal_b` (`bid` , `number` , `number_no` , `addtime` , `uid` , `price`) VALUES (1 , 1 , 1 , 1499158263 , 1 , 0.05) [ RunTime:0.001000s ]
[ 2017-07-04T16:51:03+08:00 ][ info ] [ CACHE ] INIT File
[ 2017-07-04T16:51:03+08:00 ][ sql ] [ SQL ] UPDATE `s_user`  SET `money`=money-0.05  WHERE  `uid` = 1 [ RunTime:0.001000s ]
[ 2017-07-04T16:51:03+08:00 ][ sql ] [ SQL ] SELECT `id`,`bid`,`price`,`number_no`,`number`,`uid` FROM `s_deal_s` WHERE  `bid` = 1  AND `status` = 0  AND `price` = 0.05 ORDER BY addtime asc [ RunTime:0.001000s ]
[ 2017-07-04T16:51:03+08:00 ][ sql ] [ SQL ] SHOW COLUMNS FROM `s_deal_s` [ RunTime:0.001000s ]
[ 2017-07-04T16:51:03+08:00 ][ sql ] [ SQL ] UPDATE `s_deal_s`  SET `status`=1,`number_no`=0  WHERE  `id` = 216 [ RunTime:0.000000s ]
[ 2017-07-04T16:51:03+08:00 ][ sql ] [ SQL ] UPDATE `s_user`  SET `money`=money+0.005  WHERE  `uid` = 1 [ RunTime:0.000000s ]
[ 2017-07-04T16:51:03+08:00 ][ sql ] [ SQL ] SHOW COLUMNS FROM `s_u-b` [ RunTime:0.001000s ]
[ 2017-07-04T16:51:03+08:00 ][ sql ] [ SQL ] SELECT COUNT(*) AS tp_count FROM `s_u-b` WHERE  `uid` = 1  AND `bid` = 1 LIMIT 1 [ RunTime:0.000000s ]
[ 2017-07-04T16:51:03+08:00 ][ sql ] [ SQL ] UPDATE `s_u-b`  SET `number`=number+0.100000  WHERE  `uid` = 1  AND `bid` = 1 [ RunTime:0.000000s ]
[ 2017-07-04T16:51:03+08:00 ][ sql ] [ SQL ] SHOW COLUMNS FROM `s_mrecord` [ RunTime:0.001001s ]
[ 2017-07-04T16:51:03+08:00 ][ sql ] [ SQL ] INSERT INTO `s_mrecord` (`uid` , `fuid` , `number` , `bid` , `addtime` , `money` , `status` , `type` , `oid`) VALUES (1 , 1 , 0.1 , 1 , 1499158263 , 0.05 , 1 , 3 , '20170704170523') [ RunTime:0.000000s ]
[ 2017-07-04T16:51:03+08:00 ][ sql ] [ SQL ] UPDATE `s_deal_s`  SET `status`=1,`number_no`=0  WHERE  `id` = 217 [ RunTime:0.000000s ]
[ 2017-07-04T16:51:03+08:00 ][ sql ] [ SQL ] UPDATE `s_user`  SET `money`=money+0.005  WHERE  `uid` = 1 [ RunTime:0.001000s ]
[ 2017-07-04T16:51:03+08:00 ][ sql ] [ SQL ] SELECT COUNT(*) AS tp_count FROM `s_u-b` WHERE  `uid` = 1  AND `bid` = 1 LIMIT 1 [ RunTime:0.001000s ]
[ 2017-07-04T16:51:03+08:00 ][ sql ] [ SQL ] UPDATE `s_u-b`  SET `number`=number+0.100000  WHERE  `uid` = 1  AND `bid` = 1 [ RunTime:0.000000s ]
[ 2017-07-04T16:51:03+08:00 ][ sql ] [ SQL ] INSERT INTO `s_mrecord` (`uid` , `fuid` , `number` , `bid` , `addtime` , `money` , `status` , `type` , `oid`) VALUES (1 , 1 , 0.1 , 1 , 1499158263 , 0.05 , 1 , 3 , '20170704170523') [ RunTime:0.000000s ]
[ 2017-07-04T16:51:03+08:00 ][ sql ] [ SQL ] UPDATE `s_deal_s`  SET `status`=1,`number_no`=0  WHERE  `id` = 218 [ RunTime:0.000000s ]
[ 2017-07-04T16:51:03+08:00 ][ sql ] [ SQL ] UPDATE `s_user`  SET `money`=money+0.005  WHERE  `uid` = 1 [ RunTime:0.001000s ]
[ 2017-07-04T16:51:03+08:00 ][ sql ] [ SQL ] SELECT COUNT(*) AS tp_count FROM `s_u-b` WHERE  `uid` = 1  AND `bid` = 1 LIMIT 1 [ RunTime:0.000000s ]
[ 2017-07-04T16:51:03+08:00 ][ sql ] [ SQL ] UPDATE `s_u-b`  SET `number`=number+0.100000  WHERE  `uid` = 1  AND `bid` = 1 [ RunTime:0.000000s ]
[ 2017-07-04T16:51:03+08:00 ][ sql ] [ SQL ] INSERT INTO `s_mrecord` (`uid` , `fuid` , `number` , `bid` , `addtime` , `money` , `status` , `type` , `oid`) VALUES (1 , 1 , 0.1 , 1 , 1499158263 , 0.05 , 1 , 3 , '20170704170523') [ RunTime:0.001000s ]
[ 2017-07-04T16:51:03+08:00 ][ sql ] [ SQL ] UPDATE `s_deal_s`  SET `status`=1,`number_no`=0  WHERE  `id` = 219 [ RunTime:0.000000s ]
[ 2017-07-04T16:51:03+08:00 ][ sql ] [ SQL ] UPDATE `s_user`  SET `money`=money+0.005  WHERE  `uid` = 1 [ RunTime:0.001000s ]
[ 2017-07-04T16:51:03+08:00 ][ sql ] [ SQL ] SELECT COUNT(*) AS tp_count FROM `s_u-b` WHERE  `uid` = 1  AND `bid` = 1 LIMIT 1 [ RunTime:0.001000s ]
[ 2017-07-04T16:51:03+08:00 ][ sql ] [ SQL ] UPDATE `s_u-b`  SET `number`=number+0.100000  WHERE  `uid` = 1  AND `bid` = 1 [ RunTime:0.000000s ]
[ 2017-07-04T16:51:03+08:00 ][ sql ] [ SQL ] INSERT INTO `s_mrecord` (`uid` , `fuid` , `number` , `bid` , `addtime` , `money` , `status` , `type` , `oid`) VALUES (1 , 1 , 0.1 , 1 , 1499158263 , 0.05 , 1 , 3 , '20170704170523') [ RunTime:0.000000s ]
[ 2017-07-04T16:51:03+08:00 ][ sql ] [ SQL ] UPDATE `s_deal_s`  SET `status`=1,`number_no`=0  WHERE  `id` = 220 [ RunTime:0.000000s ]
[ 2017-07-04T16:51:03+08:00 ][ sql ] [ SQL ] UPDATE `s_user`  SET `money`=money+0.005  WHERE  `uid` = 1 [ RunTime:0.000000s ]
[ 2017-07-04T16:51:03+08:00 ][ sql ] [ SQL ] SELECT COUNT(*) AS tp_count FROM `s_u-b` WHERE  `uid` = 1  AND `bid` = 1 LIMIT 1 [ RunTime:0.000000s ]
[ 2017-07-04T16:51:03+08:00 ][ sql ] [ SQL ] UPDATE `s_u-b`  SET `number`=number+0.100000  WHERE  `uid` = 1  AND `bid` = 1 [ RunTime:0.000000s ]
[ 2017-07-04T16:51:03+08:00 ][ sql ] [ SQL ] INSERT INTO `s_mrecord` (`uid` , `fuid` , `number` , `bid` , `addtime` , `money` , `status` , `type` , `oid`) VALUES (1 , 1 , 0.1 , 1 , 1499158263 , 0.05 , 1 , 3 , '20170704170523') [ RunTime:0.000000s ]
[ 2017-07-04T16:51:03+08:00 ][ sql ] [ SQL ] UPDATE `s_deal_s`  SET `status`=1,`number_no`=0  WHERE  `id` = 221 [ RunTime:0.000000s ]
[ 2017-07-04T16:51:03+08:00 ][ sql ] [ SQL ] UPDATE `s_user`  SET `money`=money+0.005  WHERE  `uid` = 1 [ RunTime:0.001000s ]
[ 2017-07-04T16:51:03+08:00 ][ sql ] [ SQL ] SELECT COUNT(*) AS tp_count FROM `s_u-b` WHERE  `uid` = 1  AND `bid` = 1 LIMIT 1 [ RunTime:0.000000s ]
[ 2017-07-04T16:51:03+08:00 ][ sql ] [ SQL ] UPDATE `s_u-b`  SET `number`=number+0.100000  WHERE  `uid` = 1  AND `bid` = 1 [ RunTime:0.000000s ]
[ 2017-07-04T16:51:03+08:00 ][ sql ] [ SQL ] INSERT INTO `s_mrecord` (`uid` , `fuid` , `number` , `bid` , `addtime` , `money` , `status` , `type` , `oid`) VALUES (1 , 1 , 0.1 , 1 , 1499158263 , 0.05 , 1 , 3 , '20170704170523') [ RunTime:0.000000s ]
[ 2017-07-04T16:51:03+08:00 ][ sql ] [ SQL ] UPDATE `s_deal_s`  SET `status`=1,`number_no`=0  WHERE  `id` = 222 [ RunTime:0.000000s ]
[ 2017-07-04T16:51:03+08:00 ][ sql ] [ SQL ] UPDATE `s_user`  SET `money`=money+0.005  WHERE  `uid` = 1 [ RunTime:0.001000s ]
[ 2017-07-04T16:51:03+08:00 ][ sql ] [ SQL ] SELECT COUNT(*) AS tp_count FROM `s_u-b` WHERE  `uid` = 1  AND `bid` = 1 LIMIT 1 [ RunTime:0.000000s ]
[ 2017-07-04T16:51:03+08:00 ][ sql ] [ SQL ] UPDATE `s_u-b`  SET `number`=number+0.100000  WHERE  `uid` = 1  AND `bid` = 1 [ RunTime:0.000000s ]
[ 2017-07-04T16:51:03+08:00 ][ sql ] [ SQL ] INSERT INTO `s_mrecord` (`uid` , `fuid` , `number` , `bid` , `addtime` , `money` , `status` , `type` , `oid`) VALUES (1 , 1 , 0.1 , 1 , 1499158263 , 0.05 , 1 , 3 , '20170704170523') [ RunTime:0.000000s ]
[ 2017-07-04T16:51:03+08:00 ][ sql ] [ SQL ] UPDATE `s_deal_s`  SET `status`=1,`number_no`=0  WHERE  `id` = 223 [ RunTime:0.000000s ]
[ 2017-07-04T16:51:03+08:00 ][ sql ] [ SQL ] UPDATE `s_user`  SET `money`=money+0.005  WHERE  `uid` = 1 [ RunTime:0.000000s ]
[ 2017-07-04T16:51:03+08:00 ][ sql ] [ SQL ] SELECT COUNT(*) AS tp_count FROM `s_u-b` WHERE  `uid` = 1  AND `bid` = 1 LIMIT 1 [ RunTime:0.000000s ]
[ 2017-07-04T16:51:03+08:00 ][ sql ] [ SQL ] UPDATE `s_u-b`  SET `number`=number+0.100000  WHERE  `uid` = 1  AND `bid` = 1 [ RunTime:0.001000s ]
[ 2017-07-04T16:51:03+08:00 ][ sql ] [ SQL ] INSERT INTO `s_mrecord` (`uid` , `fuid` , `number` , `bid` , `addtime` , `money` , `status` , `type` , `oid`) VALUES (1 , 1 , 0.1 , 1 , 1499158263 , 0.05 , 1 , 3 , '20170704170523') [ RunTime:0.000000s ]
[ 2017-07-04T16:51:03+08:00 ][ sql ] [ SQL ] UPDATE `s_deal_b`  SET `status`=0,`number_no`=0.2  WHERE  `id` = 359 [ RunTime:0.001000s ]
